2024-10-18 22:21:16,771 - INFO - New data loaded from ./Model_build1/merged_data.xlsx with shape: (2645, 40)
2024-10-18 22:21:18,587 - INFO - New data prepared for prediction with shape: (2645, 28)
2024-10-18 22:21:19,370 - INFO - Model loaded from ./models/stacking_model.pkl
2024-10-18 22:21:19,379 - INFO - Data scaling completed.
2024-10-18 22:23:37,627 - INFO - New data loaded from ./Model_build1/merged_data.xlsx with shape: (2645, 40)
2024-10-18 22:23:37,852 - INFO - New data prepared for prediction with shape: (2645, 28)
2024-10-18 22:23:38,032 - INFO - Model loaded from ./models/stacking_model.pkl
2024-10-18 22:40:39,833 - INFO - New data loaded from ./Model_build1/merged_data.xlsx with shape: (2645, 40)
2024-10-18 22:40:49,044 - INFO - New data prepared for prediction with shape: (2645, 28)
2024-10-18 22:40:49,161 - INFO - Model loaded from ./models/stacking_model.pkl
2024-10-18 22:40:49,269 - INFO - RFE selector loaded from ./models/rfe_selector.pkl
2024-10-18 22:40:49,272 - INFO - Feature selection applied to new data.
2024-10-18 22:40:49,273 - INFO - Data scaling completed.
2024-10-18 22:40:49,948 - INFO - Predictions made on new data.
2024-10-18 22:40:51,944 - INFO - Predictions saved to ./Model_build1/predictions_hybrid.xlsx
2024-10-19 18:41:54,213 - INFO - New data loaded from ./Model_build1/merged_data_prediction.xlsx with shape: (3907, 43)
2024-10-19 18:41:54,213 - INFO - Numeric features selected for prediction: ['running_id', 'home_advantage', 'home_encoded', 'away_encoded', 'venue_encoded', 'season_encoded', 'league_encoded', 'away_league_position', 'Away_points_cum', 'Away_goal_difference_cum', 'Away_draws', 'away_draw_rate', 'away_average_points', 'Away_team_matches', 'away_goals', 'away_win_rate', 'away_xG_rolling_avg', 'away_shots_on_target_accuracy_rolling_avg', 'away_shots_on_target_rolling_avg', 'away_saves_accuracy_rolling_avg', 'away_points_rolling_avg', 'away_goals_rolling_avg', 'away_goal_difference_rolling_avg', 'home_average_points', 'home_draw_rate', 'Home_draws', 'Home_goal_difference_cum', 'home_league_position', 'Home_team_matches', 'home_win_rate', 'Home_wins', 'home_xG_rolling_avg', 'home_shots_on_target_rolling_avg', 'home_shots_on_target_accuracy_rolling_avg', 'home_saves_accuracy_rolling_avg', 'home_points_rolling_avg', 'Home_points_cum', 'home_goals_rolling_avg', 'home_goal_difference_rolling_avg', 'referee_foul_rate', 'home_advantage_home_advantage']
2024-10-19 18:41:54,618 - INFO - New data prepared for prediction with shape: (3907, 41)
2024-10-19 18:41:54,915 - INFO - Model loaded from ./models/stacking_model.pkl
2024-10-19 18:41:55,050 - INFO - RFE selector loaded from ./models/rfe_selector.pkl
2024-10-19 18:55:27,979 - INFO - New data loaded from ./Model_build1/merged_data_prediction.xlsx with shape: (3907, 45)
2024-10-19 18:55:27,999 - INFO - Numeric features selected for prediction: ['running_id', 'home_advantage', 'home_encoded', 'away_encoded', 'venue_encoded', 'referee_encoded', 'season_encoded', 'league_encoded', 'away_league_position', 'Away_points_cum', 'Away_goal_difference_cum', 'Away_draws', 'away_draw_rate', 'away_average_points', 'Away_team_matches', 'away_goals', 'away_win_rate', 'Away_wins', 'away_xG_rolling_avg', 'away_shots_on_target_accuracy_rolling_avg', 'away_shots_on_target_rolling_avg', 'away_saves_accuracy_rolling_avg', 'away_points_rolling_avg', 'away_goals_rolling_avg', 'away_goal_difference_rolling_avg', 'home_average_points', 'home_draw_rate', 'Home_draws', 'Home_goal_difference_cum', 'home_league_position', 'Home_team_matches', 'home_win_rate', 'Home_wins', 'home_xG_rolling_avg', 'home_shots_on_target_rolling_avg', 'home_shots_on_target_accuracy_rolling_avg', 'home_saves_accuracy_rolling_avg', 'home_points_rolling_avg', 'Home_points_cum', 'home_goals_rolling_avg', 'home_goal_difference_rolling_avg', 'referee_foul_rate', 'home_advantage_home_advantage']
2024-10-19 18:55:28,611 - INFO - New data prepared for prediction with shape: (3907, 43)
2024-10-19 18:55:28,962 - INFO - Model loaded from ./models/stacking_model.pkl
2024-10-19 18:55:29,111 - INFO - RFE selector loaded from ./models/rfe_selector.pkl
2024-10-19 18:56:32,311 - INFO - New data loaded from ./Model_build1/merged_data_prediction.xlsx with shape: (3907, 45)
2024-10-19 18:56:32,311 - INFO - Numeric features selected for prediction: ['running_id', 'home_advantage', 'home_encoded', 'away_encoded', 'venue_encoded', 'referee_encoded', 'season_encoded', 'league_encoded', 'away_league_position', 'Away_points_cum', 'Away_goal_difference_cum', 'Away_draws', 'away_draw_rate', 'away_average_points', 'Away_team_matches', 'away_goals', 'away_win_rate', 'Away_wins', 'away_xG_rolling_avg', 'away_shots_on_target_accuracy_rolling_avg', 'away_shots_on_target_rolling_avg', 'away_saves_accuracy_rolling_avg', 'away_points_rolling_avg', 'away_goals_rolling_avg', 'away_goal_difference_rolling_avg', 'home_average_points', 'home_draw_rate', 'Home_draws', 'Home_goal_difference_cum', 'home_league_position', 'Home_team_matches', 'home_win_rate', 'Home_wins', 'home_xG_rolling_avg', 'home_shots_on_target_rolling_avg', 'home_shots_on_target_accuracy_rolling_avg', 'home_saves_accuracy_rolling_avg', 'home_points_rolling_avg', 'Home_points_cum', 'home_goals_rolling_avg', 'home_goal_difference_rolling_avg', 'referee_foul_rate', 'home_advantage_home_advantage']
2024-10-19 18:56:32,795 - INFO - New data prepared for prediction with shape: (3907, 43)
2024-10-19 18:56:33,161 - INFO - Model loaded from ./models/stacking_model_tuned.pkl
2024-10-19 18:56:33,273 - INFO - RFE selector loaded from ./models/rfe_selector.pkl
2024-10-19 19:47:54,212 - INFO - New data loaded from ./Model_build1/merged_data_prediction.xlsx with shape: (3907, 45)
2024-10-19 19:47:54,212 - INFO - Numeric features selected for prediction: ['running_id', 'home_advantage', 'home_encoded', 'away_encoded', 'venue_encoded', 'referee_encoded', 'season_encoded', 'league_encoded', 'away_league_position', 'Away_points_cum', 'Away_goal_difference_cum', 'Away_draws', 'away_draw_rate', 'away_average_points', 'Away_team_matches', 'away_goals', 'away_win_rate', 'Away_wins', 'away_xG_rolling_avg', 'away_shots_on_target_accuracy_rolling_avg', 'away_shots_on_target_rolling_avg', 'away_saves_accuracy_rolling_avg', 'away_points_rolling_avg', 'away_goals_rolling_avg', 'away_goal_difference_rolling_avg', 'home_average_points', 'home_draw_rate', 'Home_draws', 'Home_goal_difference_cum', 'home_league_position', 'Home_team_matches', 'home_win_rate', 'Home_wins', 'home_xG_rolling_avg', 'home_shots_on_target_rolling_avg', 'home_shots_on_target_accuracy_rolling_avg', 'home_saves_accuracy_rolling_avg', 'home_points_rolling_avg', 'Home_points_cum', 'home_goals_rolling_avg', 'home_goal_difference_rolling_avg', 'referee_foul_rate', 'home_advantage_home_advantage']
2024-10-19 19:47:54,712 - INFO - New data prepared for prediction with shape: (3907, 43)
2024-10-19 19:47:55,112 - INFO - Stacking model loaded from ./models/stacking_model_tuned.pkl
2024-10-19 19:47:55,229 - INFO - RFE selector loaded from ./models/rfe_selector.pkl
2024-10-19 19:47:55,246 - INFO - Scaler loaded from ./models/scaler_outcome.pkl
2024-10-19 21:42:15,380 - INFO - New data loaded from ./Model_build1/merged_data_prediction.xlsx with shape: (3907, 42)
2024-10-19 21:42:15,380 - INFO - Numeric features selected for prediction: ['running_id', 'season_encoded', 'league_encoded', 'home_encoded', 'away_encoded', 'venue_encoded', 'away_league_position', 'Away_points_cum', 'Away_goal_difference_cum', 'Away_draws', 'away_draw_rate', 'away_average_points', 'Away_team_matches', 'away_win_rate', 'Away_wins', 'away_xG_rolling_avg', 'away_shots_on_target_accuracy_rolling_avg', 'away_shots_on_target_rolling_avg', 'away_saves_accuracy_rolling_avg', 'away_points_rolling_avg', 'away_goals_rolling_avg', 'away_goal_difference_rolling_avg', 'home_average_points', 'home_draw_rate', 'Home_draws', 'Home_goal_difference_cum', 'home_league_position', 'Home_team_matches', 'home_win_rate', 'Home_wins', 'HomeTeam_last_away_match', 'home_xG_rolling_avg', 'home_shots_on_target_rolling_avg', 'home_shots_on_target_accuracy_rolling_avg', 'home_saves_accuracy_rolling_avg', 'home_points_rolling_avg', 'Home_points_cum', 'home_goals_rolling_avg', 'home_goal_difference_rolling_avg', 'referee_foul_rate', 'referee_encoded', 'home_advantage']
2024-10-19 21:42:20,413 - INFO - New data prepared for prediction with shape: (3907, 42)
2024-10-20 20:31:23,307 - INFO - New data loaded from ./Model_build1/merged_data_prediction.xlsx with shape: (3907, 42)
2024-10-20 20:31:23,314 - INFO - Numeric features selected for prediction: ['running_id', 'season_encoded', 'league_encoded', 'home_encoded', 'away_encoded', 'venue_encoded', 'away_league_position', 'Away_points_cum', 'Away_goal_difference_cum', 'Away_draws', 'away_draw_rate', 'away_average_points', 'Away_team_matches', 'away_win_rate', 'Away_wins', 'away_xG_rolling_avg', 'away_shots_on_target_accuracy_rolling_avg', 'away_shots_on_target_rolling_avg', 'away_saves_accuracy_rolling_avg', 'away_points_rolling_avg', 'away_goals_rolling_avg', 'away_goal_difference_rolling_avg', 'home_average_points', 'home_draw_rate', 'Home_draws', 'Home_goal_difference_cum', 'home_league_position', 'Home_team_matches', 'home_win_rate', 'Home_wins', 'HomeTeam_last_away_match', 'home_xG_rolling_avg', 'home_shots_on_target_rolling_avg', 'home_shots_on_target_accuracy_rolling_avg', 'home_saves_accuracy_rolling_avg', 'home_points_rolling_avg', 'Home_points_cum', 'home_goals_rolling_avg', 'home_goal_difference_rolling_avg', 'referee_foul_rate', 'referee_encoded', 'home_advantage']
2024-10-20 20:31:28,172 - INFO - New data prepared for prediction with shape: (3907, 42)
