2024-10-16 19:11:57,755 - INFO - Data loaded successfully with 15440 rows and 94 columns.
2024-10-16 19:11:59,541 - INFO - Training set size: 12352 rows, Test set size: 3088 rows.
2024-10-16 19:11:59,557 - INFO - Training baseline Random Forest Classifier...
2024-10-16 19:12:00,544 - INFO - Model Accuracy: 0.9834844559585493
2024-10-16 19:12:00,591 - INFO - Classification Report:
              precision    recall  f1-score   support

           0       0.99      0.98      0.98       939
           1       0.99      0.97      0.98       839
           2       0.98      0.99      0.99      1310

    accuracy                           0.98      3088
   macro avg       0.98      0.98      0.98      3088
weighted avg       0.98      0.98      0.98      3088

2024-10-16 19:12:04,559 - INFO - Cross-Validation Accuracy Scores: [0.98057467 0.97733711 0.97813765 0.98178138 0.98340081]
2024-10-16 19:12:04,562 - INFO - Starting GridSearchCV for Random Forest...
2024-10-16 19:12:37,860 - INFO - Best Hyperparameters from GridSearchCV: {'max_depth': 20, 'min_samples_leaf': 1, 'min_samples_split': 5, 'n_estimators': 300}
2024-10-16 19:12:37,905 - INFO - Model Accuracy: 0.9838082901554405
2024-10-16 19:12:37,920 - INFO - Classification Report:
              precision    recall  f1-score   support

           0       0.99      0.98      0.98       939
           1       0.99      0.98      0.98       839
           2       0.98      0.99      0.99      1310

    accuracy                           0.98      3088
   macro avg       0.98      0.98      0.98      3088
weighted avg       0.98      0.98      0.98      3088

2024-10-16 19:12:37,920 - INFO - Starting GridSearchCV for XGBoost...
2024-10-16 19:13:52,182 - INFO - Best Hyperparameters from XGBoost GridSearchCV: {'colsample_bytree': 0.8, 'gamma': 0.1, 'learning_rate': 0.1, 'max_depth': 20, 'min_child_weight': 1, 'n_estimators': 300, 'subsample': 0.8}
2024-10-16 19:13:52,201 - INFO - Model Accuracy: 0.9876943005181347
2024-10-16 19:13:52,201 - INFO - Classification Report:
              precision    recall  f1-score   support

           0       0.99      0.98      0.99       939
           1       0.99      0.99      0.99       839
           2       0.98      0.99      0.99      1310

    accuracy                           0.99      3088
   macro avg       0.99      0.99      0.99      3088
weighted avg       0.99      0.99      0.99      3088

2024-10-16 19:13:56,996 - INFO - Models saved successfully.
