2024-10-15 23:38:04,043 - INFO - Filtered data to remove rows with away_goals > 5. Remaining rows: 10396
2024-10-15 23:38:04,044 - INFO - Data loaded successfully with 10396 rows and 94 columns.
2024-10-15 23:38:08,241 - INFO - Class distribution in training data: Counter({1: 2946, 0: 2656, 2: 1701, 3: 712, 4: 249, 5: 52})
2024-10-15 23:38:08,413 - INFO - Resampled data has 15936 rows.
2024-10-15 23:38:08,413 - INFO - Training baseline Random Forest Classifier...
2024-10-15 23:38:13,002 - INFO - Baseline Random Forest Classifier Accuracy: 0.7173076923076923
2024-10-15 23:38:13,004 - INFO - Precision (Macro Average): 0.7380352417700081
2024-10-15 23:38:13,009 - INFO - Recall (Macro Average): 0.7353292217810458
2024-10-15 23:38:13,010 - INFO - F1-Score (Macro Average): 0.7010941656353237
2024-10-15 23:38:13,014 - INFO - Baseline Classification Report:
               precision    recall  f1-score   support

           0       0.65      0.98      0.78       690
           1       0.98      0.34      0.51       745
           2       0.72      0.90      0.80       424
           3       0.76      0.85      0.80       165
           4       0.63      0.78      0.70        40
           5       0.69      0.56      0.62        16

    accuracy                           0.72      2080
   macro avg       0.74      0.74      0.70      2080
weighted avg       0.79      0.72      0.69      2080

2024-10-15 23:38:30,332 - INFO - Cross-Validation Accuracy Scores: [0.97710163 0.97866332 0.97458425 0.97615312 0.97615312]
2024-10-15 23:38:30,336 - INFO - Mean Accuracy: 0.9765, Standard Deviation: 0.0013
2024-10-15 23:38:30,337 - INFO - Starting GridSearchCV for Random Forest...
2024-10-15 23:48:50,852 - INFO - Best Hyperparameters from Random Forest GridSearchCV: {'max_depth': None, 'min_samples_leaf': 1, 'min_samples_split': 2, 'n_estimators': 500}
2024-10-15 23:48:50,946 - INFO - Tuned Random Forest Model Accuracy: 0.7225961538461538
2024-10-15 23:48:50,962 - INFO - Tuned Random Forest Classification Report:
               precision    recall  f1-score   support

           0       0.65      0.97      0.78       690
           1       0.98      0.35      0.52       745
           2       0.73      0.92      0.81       424
           3       0.75      0.86      0.80       165
           4       0.67      0.78      0.72        40
           5       0.75      0.56      0.64        16

    accuracy                           0.72      2080
   macro avg       0.76      0.74      0.71      2080
weighted avg       0.79      0.72      0.69      2080

2024-10-15 23:48:50,962 - INFO - Calculating feature importances...
2024-10-15 23:48:50,977 - INFO - Feature Importances (Sorted):
2024-10-15 23:48:50,977 - INFO - away_goals_rolling_avg: 0.30060645415384085
2024-10-15 23:48:50,977 - INFO - home_goal_difference_rolling_avg: 0.09456589657649911
2024-10-15 23:48:50,977 - INFO - away_goal_difference_rolling_avg: 0.065345677430118
2024-10-15 23:48:50,977 - INFO - home_saves_accuracy_rolling_avg: 0.06528472631789013
2024-10-15 23:48:50,977 - INFO - home_goals_rolling_avg: 0.05230672291418011
2024-10-15 23:48:50,993 - INFO - away_shots_on_target_rolling_avg: 0.03966864521914647
2024-10-15 23:48:50,993 - INFO - away_points_rolling_avg: 0.03811281443479397
2024-10-15 23:48:50,993 - INFO - home_points_rolling_avg: 0.03801366212168164
2024-10-15 23:48:50,993 - INFO - away_saves_accuracy_rolling_avg: 0.031193686624268656
2024-10-15 23:48:50,993 - INFO - away_shots_on_target_ratio: 0.0231430793908747
2024-10-15 23:48:50,993 - INFO - home_shots_on_target_ratio: 0.02132603671237898
2024-10-15 23:48:50,993 - INFO - away_xG_rolling_avg: 0.018961790716583285
2024-10-15 23:48:50,993 - INFO - home_goal_diff_cumulative: 0.01685330786406884
2024-10-15 23:48:50,993 - INFO - home_shots_on_target_rolling_avg: 0.016706541924818987
2024-10-15 23:48:50,993 - INFO - home_strength_index: 0.016172107816236767
2024-10-15 23:48:51,009 - INFO - home_points_cumulative: 0.014497095242376794
2024-10-15 23:48:51,009 - INFO - home_draw_rate: 0.014191613457439889
2024-10-15 23:48:51,009 - INFO - away_win_rate: 0.013723641911888627
2024-10-15 23:48:51,009 - INFO - away_strength_index: 0.01350271686277048
2024-10-15 23:48:51,009 - INFO - away_goal_diff_cumulative: 0.013212914632864024
2024-10-15 23:48:51,009 - INFO - away_points_cumulative: 0.01296246047448048
2024-10-15 23:48:51,009 - INFO - league_encoded: 0.012893090017739785
2024-10-15 23:48:51,009 - INFO - away_team_average_points: 0.012330626168598898
2024-10-15 23:48:51,009 - INFO - home_team_average_points: 0.012140398353709192
2024-10-15 23:48:51,009 - INFO - away_draw_rate: 0.01141487176032378
2024-10-15 23:48:51,009 - INFO - home_win_rate: 0.011066218074281646
2024-10-15 23:48:51,009 - INFO - home_xG_rolling_avg: 0.01042576222813894
2024-10-15 23:48:51,024 - INFO - season_encoded: 0.009377440598006983
2024-10-15 23:49:00,605 - INFO - Starting XGBoost classifier training...
2024-10-15 23:49:11,886 - INFO - Best Hyperparameters for XGBoost: {'colsample_bytree': 1.0, 'gamma': 0, 'learning_rate': 0.1, 'max_depth': 6, 'min_child_weight': 1, 'n_estimators': 300, 'subsample': 0.8}
2024-10-15 23:49:11,899 - INFO - Tuned XGBoost Model Accuracy: 0.8100961538461539
2024-10-15 23:49:11,906 - INFO - Tuned XGBoost Classification Report:
               precision    recall  f1-score   support

           0       0.76      0.97      0.85       690
           1       0.99      0.59      0.74       745
           2       0.77      0.92      0.84       424
           3       0.75      0.87      0.81       165
           4       0.79      0.78      0.78        40
           5       0.79      0.69      0.73        16

    accuracy                           0.81      2080
   macro avg       0.81      0.80      0.79      2080
weighted avg       0.84      0.81      0.80      2080

2024-10-15 23:49:23,966 - INFO - Cross-Validation Accuracy Scores for XGBoost: [0.97584693 0.97709445 0.97897709 0.98242862 0.98368372]
2024-10-15 23:49:23,966 - INFO - Mean Accuracy: 0.9796, Standard Deviation: 0.0030
