2024-10-19 04:43:05,046 - INFO - Model directory checked/created.
2024-10-19 04:43:05,130 - INFO - Data loaded from ./Model_build1/model_data_training.csv with shape: (15440, 50)
2024-10-19 04:43:05,132 - INFO - Numeric features selected: ['running_id', 'season_encoded', 'league_encoded', 'home_encoded', 'away_encoded', 'venue_encoded', 'match_outcome', 'away_league_position', 'Away_points_cum', 'Away_goal_difference_cum', 'Away_draws', 'away_draw_rate', 'away_average_points', 'Away_team_matches', 'away_goals', 'away_win_rate', 'Away_wins', 'away_xG_rolling_avg', 'away_shots_on_target_accuracy_rolling_avg', 'away_shots_on_target_rolling_avg', 'away_saves_accuracy_rolling_avg', 'away_points_rolling_avg', 'away_goals_rolling_avg', 'away_goal_difference_rolling_avg', 'home_average_points', 'home_draw_rate', 'Home_draws', 'Home_goal_difference_cum', 'home_league_position', 'Home_team_matches', 'home_win_rate', 'Home_wins', 'HomeTeam_last_away_match', 'home_xG_rolling_avg', 'home_shots_on_target_rolling_avg', 'home_shots_on_target_accuracy_rolling_avg', 'home_saves_accuracy_rolling_avg', 'home_points_rolling_avg', 'Home_points_cum', 'home_goals_rolling_avg', 'home_goal_difference_rolling_avg', 'draw', 'away_win', 'home_goals', 'home_points', 'home_win', 'referee_foul_rate', 'referee_encoded', 'home_advantage']
2024-10-19 04:43:12,511 - INFO - Data prepared for modeling. Feature shape: (15440, 49), Target shape: (15440,)
2024-10-19 04:43:12,517 - INFO - Data split into train and test. Train shape: (12352, 49), Test shape: (3088, 49)
2024-10-19 04:43:12,530 - INFO - Data scaling completed.
2024-10-19 04:44:00,339 - INFO - Feature selection using RFE completed.
2024-10-19 04:44:00,387 - INFO - RFE selector saved.
2024-10-19 04:45:58,539 - INFO - Model directory checked/created.
2024-10-19 04:45:58,630 - INFO - Data loaded from ./Model_build1/model_data_training.csv with shape: (15440, 50)
2024-10-19 04:45:58,633 - INFO - Numeric features selected: ['running_id', 'season_encoded', 'league_encoded', 'home_encoded', 'away_encoded', 'venue_encoded', 'match_outcome', 'away_league_position', 'Away_points_cum', 'Away_goal_difference_cum', 'Away_draws', 'away_draw_rate', 'away_average_points', 'Away_team_matches', 'away_goals', 'away_win_rate', 'Away_wins', 'away_xG_rolling_avg', 'away_shots_on_target_accuracy_rolling_avg', 'away_shots_on_target_rolling_avg', 'away_saves_accuracy_rolling_avg', 'away_points_rolling_avg', 'away_goals_rolling_avg', 'away_goal_difference_rolling_avg', 'home_average_points', 'home_draw_rate', 'Home_draws', 'Home_goal_difference_cum', 'home_league_position', 'Home_team_matches', 'home_win_rate', 'Home_wins', 'HomeTeam_last_away_match', 'home_xG_rolling_avg', 'home_shots_on_target_rolling_avg', 'home_shots_on_target_accuracy_rolling_avg', 'home_saves_accuracy_rolling_avg', 'home_points_rolling_avg', 'Home_points_cum', 'home_goals_rolling_avg', 'home_goal_difference_rolling_avg', 'draw', 'away_win', 'home_goals', 'home_points', 'home_win', 'referee_foul_rate', 'referee_encoded', 'home_advantage']
2024-10-19 04:46:05,571 - INFO - Data prepared for modeling. Feature shape: (15440, 49), Target shape: (15440,)
2024-10-19 04:46:05,580 - INFO - Data split into train and test. Train shape: (12352, 49), Test shape: (3088, 49)
2024-10-19 04:46:05,603 - INFO - Data scaling completed.
2024-10-19 04:47:10,816 - INFO - Feature selection using RFE completed.
2024-10-19 04:47:10,846 - INFO - RFE selector saved.
2024-10-19 15:04:37,040 - INFO - Model directory checked/created.
2024-10-19 15:04:37,133 - INFO - Data loaded from ./Model_build1/model_data_training.csv with shape: (15440, 50)
2024-10-19 15:04:37,143 - INFO - Data filtered to only include home_goals from 0 to 5. Filtered data shape: (15352, 50)
2024-10-19 15:04:37,145 - INFO - Numeric features selected: ['running_id', 'season_encoded', 'league_encoded', 'home_encoded', 'away_encoded', 'venue_encoded', 'match_outcome', 'away_league_position', 'Away_points_cum', 'Away_goal_difference_cum', 'Away_draws', 'away_draw_rate', 'away_average_points', 'Away_team_matches', 'away_goals', 'away_win_rate', 'Away_wins', 'away_xG_rolling_avg', 'away_shots_on_target_accuracy_rolling_avg', 'away_shots_on_target_rolling_avg', 'away_saves_accuracy_rolling_avg', 'away_points_rolling_avg', 'away_goals_rolling_avg', 'away_goal_difference_rolling_avg', 'home_average_points', 'home_draw_rate', 'Home_draws', 'Home_goal_difference_cum', 'home_league_position', 'Home_team_matches', 'home_win_rate', 'Home_wins', 'HomeTeam_last_away_match', 'home_xG_rolling_avg', 'home_shots_on_target_rolling_avg', 'home_shots_on_target_accuracy_rolling_avg', 'home_saves_accuracy_rolling_avg', 'home_points_rolling_avg', 'Home_points_cum', 'home_goals_rolling_avg', 'home_goal_difference_rolling_avg', 'draw', 'away_win', 'home_goals', 'home_points', 'home_win', 'referee_foul_rate', 'referee_encoded', 'home_advantage']
2024-10-19 15:04:53,240 - INFO - Data prepared for modeling. Feature shape: (15352, 49), Target shape: (15352,)
2024-10-19 15:04:53,247 - INFO - Data split into train and test. Train shape: (12281, 49), Test shape: (3071, 49)
2024-10-19 15:04:53,261 - INFO - Data scaling completed.
2024-10-19 15:05:48,703 - INFO - Feature selection using RFE completed.
2024-10-19 15:05:48,733 - INFO - RFE selector for Home Goals saved.
2024-10-19 15:08:38,709 - INFO - Model directory checked/created.
2024-10-19 15:08:38,794 - INFO - Data loaded from ./Model_build1/model_data_training.csv with shape: (15440, 50)
2024-10-19 15:08:38,798 - INFO - Data filtered to only include home_goals from 0 to 5. Filtered data shape: (15352, 50)
2024-10-19 15:08:38,801 - INFO - Numeric features selected: ['running_id', 'season_encoded', 'league_encoded', 'home_encoded', 'away_encoded', 'venue_encoded', 'match_outcome', 'away_league_position', 'Away_points_cum', 'Away_goal_difference_cum', 'Away_draws', 'away_draw_rate', 'away_average_points', 'Away_team_matches', 'away_goals', 'away_win_rate', 'Away_wins', 'away_xG_rolling_avg', 'away_shots_on_target_accuracy_rolling_avg', 'away_shots_on_target_rolling_avg', 'away_saves_accuracy_rolling_avg', 'away_points_rolling_avg', 'away_goals_rolling_avg', 'away_goal_difference_rolling_avg', 'home_average_points', 'home_draw_rate', 'Home_draws', 'Home_goal_difference_cum', 'home_league_position', 'Home_team_matches', 'home_win_rate', 'Home_wins', 'HomeTeam_last_away_match', 'home_xG_rolling_avg', 'home_shots_on_target_rolling_avg', 'home_shots_on_target_accuracy_rolling_avg', 'home_saves_accuracy_rolling_avg', 'home_points_rolling_avg', 'Home_points_cum', 'home_goals_rolling_avg', 'home_goal_difference_rolling_avg', 'draw', 'away_win', 'home_goals', 'home_points', 'home_win', 'referee_foul_rate', 'referee_encoded', 'home_advantage']
2024-10-19 15:08:45,963 - INFO - Data prepared for modeling. Feature shape: (15352, 49), Target shape: (15352,)
2024-10-19 15:08:45,970 - INFO - Data split into train and test. Train shape: (12281, 49), Test shape: (3071, 49)
2024-10-19 15:08:45,987 - INFO - Data scaling completed.
2024-10-19 15:09:41,244 - INFO - Feature selection using RFE completed.
2024-10-19 15:09:41,277 - INFO - RFE selector for Home Goals saved.
2024-10-19 15:10:46,028 - INFO - Stacking model for Home Goals trained successfully.
2024-10-19 15:10:46,623 - INFO - Home Goals Stacking Model MSE: 1.4647485402424647e-27, R2: 1.0
2024-10-19 15:10:47,270 - INFO - Assets written to: ram://b5392ad9-6579-48ec-884f-77433a35f495/assets
2024-10-19 15:13:40,736 - INFO - Model directory checked/created.
2024-10-19 15:13:40,827 - INFO - Data loaded from ./Model_build1/model_data_training.csv with shape: (15440, 50)
2024-10-19 15:13:40,831 - INFO - Data filtered to only include home_goals from 0 to 5. Filtered data shape: (15352, 50)
2024-10-19 15:13:40,834 - INFO - Numeric features selected: ['running_id', 'season_encoded', 'league_encoded', 'home_encoded', 'away_encoded', 'venue_encoded', 'match_outcome', 'away_league_position', 'Away_points_cum', 'Away_goal_difference_cum', 'Away_draws', 'away_draw_rate', 'away_average_points', 'Away_team_matches', 'away_goals', 'away_win_rate', 'Away_wins', 'away_xG_rolling_avg', 'away_shots_on_target_accuracy_rolling_avg', 'away_shots_on_target_rolling_avg', 'away_saves_accuracy_rolling_avg', 'away_points_rolling_avg', 'away_goals_rolling_avg', 'away_goal_difference_rolling_avg', 'home_average_points', 'home_draw_rate', 'Home_draws', 'Home_goal_difference_cum', 'home_league_position', 'Home_team_matches', 'home_win_rate', 'Home_wins', 'HomeTeam_last_away_match', 'home_xG_rolling_avg', 'home_shots_on_target_rolling_avg', 'home_shots_on_target_accuracy_rolling_avg', 'home_saves_accuracy_rolling_avg', 'home_points_rolling_avg', 'Home_points_cum', 'home_goals_rolling_avg', 'home_goal_difference_rolling_avg', 'draw', 'away_win', 'home_goals', 'home_points', 'home_win', 'referee_foul_rate', 'referee_encoded', 'home_advantage']
2024-10-19 15:13:51,482 - INFO - Data prepared for modeling. Feature shape: (15352, 49), Target shape: (15352,)
2024-10-19 15:13:51,489 - INFO - Data split into train and test. Train shape: (12281, 49), Test shape: (3071, 49)
2024-10-19 15:13:51,501 - INFO - Data scaling completed.
2024-10-19 15:14:54,267 - INFO - Feature selection using RFE completed.
2024-10-19 15:14:54,296 - INFO - RFE selector for Home Goals saved.
2024-10-19 15:16:05,020 - INFO - Stacking model for Home Goals trained successfully.
2024-10-19 15:16:05,657 - INFO - Home Goals Stacking Model MSE: 1.47252585546638e-27, R2: 1.0
2024-10-19 15:16:06,247 - INFO - Assets written to: ram://9bb05b5c-e305-4074-a5a7-79e0f83ffe6f/assets
2024-10-19 15:16:14,472 - INFO - Model directory checked/created.
2024-10-19 15:16:14,566 - INFO - Data loaded from ./Model_build1/model_data_training.csv with shape: (15440, 50)
2024-10-19 15:16:14,570 - INFO - Numeric features selected: ['running_id', 'season_encoded', 'league_encoded', 'home_encoded', 'away_encoded', 'venue_encoded', 'match_outcome', 'away_league_position', 'Away_points_cum', 'Away_goal_difference_cum', 'Away_draws', 'away_draw_rate', 'away_average_points', 'Away_team_matches', 'away_goals', 'away_win_rate', 'Away_wins', 'away_xG_rolling_avg', 'away_shots_on_target_accuracy_rolling_avg', 'away_shots_on_target_rolling_avg', 'away_saves_accuracy_rolling_avg', 'away_points_rolling_avg', 'away_goals_rolling_avg', 'away_goal_difference_rolling_avg', 'home_average_points', 'home_draw_rate', 'Home_draws', 'Home_goal_difference_cum', 'home_league_position', 'Home_team_matches', 'home_win_rate', 'Home_wins', 'HomeTeam_last_away_match', 'home_xG_rolling_avg', 'home_shots_on_target_rolling_avg', 'home_shots_on_target_accuracy_rolling_avg', 'home_saves_accuracy_rolling_avg', 'home_points_rolling_avg', 'Home_points_cum', 'home_goals_rolling_avg', 'home_goal_difference_rolling_avg', 'draw', 'away_win', 'home_goals', 'home_points', 'home_win', 'referee_foul_rate', 'referee_encoded', 'home_advantage']
2024-10-19 15:16:28,816 - INFO - Data prepared for modeling. Feature shape: (15440, 49), Target shape: (15440,)
2024-10-19 15:16:28,828 - INFO - Data split into train and test. Train shape: (12352, 49), Test shape: (3088, 49)
2024-10-19 15:16:28,866 - INFO - Data scaling completed.
2024-10-19 15:17:39,781 - INFO - Feature selection using RFE completed.
2024-10-19 15:17:39,811 - INFO - RFE selector saved.
2024-10-19 15:19:12,057 - INFO - Model directory checked/created.
2024-10-19 15:19:12,206 - INFO - Data loaded from ./Model_build1/model_data_training.csv with shape: (15440, 50)
2024-10-19 15:19:12,214 - INFO - Data filtered to only include home_goals from 0 to 5. Filtered data shape: (15352, 50)
2024-10-19 15:19:12,218 - INFO - Numeric features selected: ['running_id', 'season_encoded', 'league_encoded', 'home_encoded', 'away_encoded', 'venue_encoded', 'match_outcome', 'away_league_position', 'Away_points_cum', 'Away_goal_difference_cum', 'Away_draws', 'away_draw_rate', 'away_average_points', 'Away_team_matches', 'away_goals', 'away_win_rate', 'Away_wins', 'away_xG_rolling_avg', 'away_shots_on_target_accuracy_rolling_avg', 'away_shots_on_target_rolling_avg', 'away_saves_accuracy_rolling_avg', 'away_points_rolling_avg', 'away_goals_rolling_avg', 'away_goal_difference_rolling_avg', 'home_average_points', 'home_draw_rate', 'Home_draws', 'Home_goal_difference_cum', 'home_league_position', 'Home_team_matches', 'home_win_rate', 'Home_wins', 'HomeTeam_last_away_match', 'home_xG_rolling_avg', 'home_shots_on_target_rolling_avg', 'home_shots_on_target_accuracy_rolling_avg', 'home_saves_accuracy_rolling_avg', 'home_points_rolling_avg', 'Home_points_cum', 'home_goals_rolling_avg', 'home_goal_difference_rolling_avg', 'draw', 'away_win', 'home_goals', 'home_points', 'home_win', 'referee_foul_rate', 'referee_encoded', 'home_advantage']
2024-10-19 15:19:20,934 - INFO - Data prepared for modeling. Feature shape: (15352, 49), Target shape: (15352,)
2024-10-19 15:19:20,941 - INFO - Data split into train and test. Train shape: (12281, 49), Test shape: (3071, 49)
2024-10-19 15:19:20,956 - INFO - Data scaling completed.
2024-10-19 15:20:19,750 - INFO - Feature selection using RFE completed.
2024-10-19 15:20:19,783 - INFO - RFE selector saved.
2024-10-19 15:21:04,319 - INFO - Model directory checked/created.
2024-10-19 15:21:04,427 - INFO - Data loaded from ./Model_build1/model_data_training.csv with shape: (15440, 50)
2024-10-19 15:21:04,431 - INFO - Data filtered to only include home_goals from 0 to 5. Filtered data shape: (15352, 50)
2024-10-19 15:21:04,434 - INFO - Numeric features selected: ['running_id', 'season_encoded', 'league_encoded', 'home_encoded', 'away_encoded', 'venue_encoded', 'match_outcome', 'away_league_position', 'Away_points_cum', 'Away_goal_difference_cum', 'Away_draws', 'away_draw_rate', 'away_average_points', 'Away_team_matches', 'away_goals', 'away_win_rate', 'Away_wins', 'away_xG_rolling_avg', 'away_shots_on_target_accuracy_rolling_avg', 'away_shots_on_target_rolling_avg', 'away_saves_accuracy_rolling_avg', 'away_points_rolling_avg', 'away_goals_rolling_avg', 'away_goal_difference_rolling_avg', 'home_average_points', 'home_draw_rate', 'Home_draws', 'Home_goal_difference_cum', 'home_league_position', 'Home_team_matches', 'home_win_rate', 'Home_wins', 'HomeTeam_last_away_match', 'home_xG_rolling_avg', 'home_shots_on_target_rolling_avg', 'home_shots_on_target_accuracy_rolling_avg', 'home_saves_accuracy_rolling_avg', 'home_points_rolling_avg', 'Home_points_cum', 'home_goals_rolling_avg', 'home_goal_difference_rolling_avg', 'draw', 'away_win', 'home_goals', 'home_points', 'home_win', 'referee_foul_rate', 'referee_encoded', 'home_advantage']
2024-10-19 15:21:16,390 - INFO - Data prepared for modeling. Feature shape: (15352, 49), Target shape: (15352,)
2024-10-19 15:21:16,396 - INFO - Data split into train and test. Train shape: (12281, 49), Test shape: (3071, 49)
2024-10-19 15:21:16,409 - INFO - Data scaling completed.
2024-10-19 15:22:14,549 - INFO - Feature selection using RFE completed.
2024-10-19 15:22:14,577 - INFO - RFE selector saved.
2024-10-19 15:40:07,629 - INFO - Model directory checked/created.
2024-10-19 15:40:07,728 - INFO - Data loaded from ./Model_build1/model_data_training.csv with shape: (15440, 50)
2024-10-19 15:40:07,739 - INFO - Data filtered to only include home_goals from 0 to 5. Filtered data shape: (15352, 50)
2024-10-19 15:40:07,742 - INFO - Numeric features selected: ['running_id', 'season_encoded', 'league_encoded', 'home_encoded', 'away_encoded', 'venue_encoded', 'match_outcome', 'away_league_position', 'Away_points_cum', 'Away_goal_difference_cum', 'Away_draws', 'away_draw_rate', 'away_average_points', 'Away_team_matches', 'away_goals', 'away_win_rate', 'Away_wins', 'away_xG_rolling_avg', 'away_shots_on_target_accuracy_rolling_avg', 'away_shots_on_target_rolling_avg', 'away_saves_accuracy_rolling_avg', 'away_points_rolling_avg', 'away_goals_rolling_avg', 'away_goal_difference_rolling_avg', 'home_average_points', 'home_draw_rate', 'Home_draws', 'Home_goal_difference_cum', 'home_league_position', 'Home_team_matches', 'home_win_rate', 'Home_wins', 'HomeTeam_last_away_match', 'home_xG_rolling_avg', 'home_shots_on_target_rolling_avg', 'home_shots_on_target_accuracy_rolling_avg', 'home_saves_accuracy_rolling_avg', 'home_points_rolling_avg', 'Home_points_cum', 'home_goals_rolling_avg', 'home_goal_difference_rolling_avg', 'draw', 'away_win', 'home_goals', 'home_points', 'home_win', 'referee_foul_rate', 'referee_encoded', 'home_advantage']
2024-10-19 15:40:16,660 - INFO - Data prepared for modeling. Feature shape: (15352, 49), Target shape: (15352,)
2024-10-19 15:40:16,666 - INFO - Data split into train and test. Train shape: (12281, 49), Test shape: (3071, 49)
2024-10-19 15:40:16,680 - INFO - Data scaling completed.
2024-10-19 15:41:11,396 - INFO - Feature selection using RFE completed.
2024-10-19 15:41:11,428 - INFO - RFE selector saved.
2024-10-19 15:42:24,975 - INFO - Stacking model for Home Goals trained successfully.
2024-10-19 15:42:25,722 - INFO - Home Goals Stacking Model MSE: 1.3930400561062918e-27, R2: 1.0
2024-10-19 15:42:26,421 - INFO - Assets written to: C:\Users\T480\AppData\Local\Temp\tmpliazrqbg\assets
2024-10-19 15:42:26,485 - INFO - Stacking model for Home Goals saved successfully.
2024-10-19 15:45:51,324 - INFO - Model directory checked/created.
2024-10-19 15:45:51,427 - INFO - Data loaded from ./Model_build1/model_data_training.csv with shape: (15440, 50)
2024-10-19 15:45:51,437 - INFO - Data filtered to only include home_goals from 0 to 5. Filtered data shape: (15352, 50)
2024-10-19 15:45:51,441 - INFO - Numeric features selected: ['running_id', 'season_encoded', 'league_encoded', 'home_encoded', 'away_encoded', 'venue_encoded', 'match_outcome', 'away_league_position', 'Away_points_cum', 'Away_goal_difference_cum', 'Away_draws', 'away_draw_rate', 'away_average_points', 'Away_team_matches', 'away_goals', 'away_win_rate', 'Away_wins', 'away_xG_rolling_avg', 'away_shots_on_target_accuracy_rolling_avg', 'away_shots_on_target_rolling_avg', 'away_saves_accuracy_rolling_avg', 'away_points_rolling_avg', 'away_goals_rolling_avg', 'away_goal_difference_rolling_avg', 'home_average_points', 'home_draw_rate', 'Home_draws', 'Home_goal_difference_cum', 'home_league_position', 'Home_team_matches', 'home_win_rate', 'Home_wins', 'HomeTeam_last_away_match', 'home_xG_rolling_avg', 'home_shots_on_target_rolling_avg', 'home_shots_on_target_accuracy_rolling_avg', 'home_saves_accuracy_rolling_avg', 'home_points_rolling_avg', 'Home_points_cum', 'home_goals_rolling_avg', 'home_goal_difference_rolling_avg', 'draw', 'away_win', 'home_goals', 'home_points', 'home_win', 'referee_foul_rate', 'referee_encoded', 'home_advantage']
2024-10-19 15:46:03,108 - INFO - Data prepared for modeling. Feature shape: (15352, 49), Target shape: (15352,)
2024-10-19 15:46:03,117 - INFO - Data split into train and test. Train shape: (12281, 49), Test shape: (3071, 49)
2024-10-19 15:46:03,129 - INFO - Data scaling completed.
2024-10-19 15:46:57,841 - INFO - Feature selection using RFE completed.
2024-10-19 15:46:57,871 - INFO - RFE selector saved.
2024-10-19 15:47:55,727 - INFO - Stacking model for Home Goals trained successfully.
2024-10-19 15:47:56,339 - INFO - Home Goals Stacking Model MSE: 1.4979362257040837e-27, R2: 1.0
2024-10-19 15:47:56,937 - INFO - Assets written to: C:\Users\T480\AppData\Local\Temp\tmpf8o58eaj\assets
2024-10-19 15:47:56,987 - INFO - Stacking model for Home Goals saved successfully.
2024-10-19 16:08:13,153 - INFO - Model directory checked/created.
2024-10-19 16:08:13,246 - INFO - Data loaded from ./Model_build1/model_data_training.csv with shape: (15440, 50)
2024-10-19 16:08:13,255 - INFO - Data filtered to only include home_goals from 0 to 5. Filtered data shape: (15352, 50)
2024-10-19 16:08:13,263 - INFO - Numeric features selected: ['running_id', 'season_encoded', 'league_encoded', 'home_encoded', 'away_encoded', 'venue_encoded', 'away_league_position', 'Away_points_cum', 'Away_goal_difference_cum', 'Away_draws', 'away_draw_rate', 'away_average_points', 'Away_team_matches', 'away_win_rate', 'Away_wins', 'away_xG_rolling_avg', 'away_shots_on_target_accuracy_rolling_avg', 'away_shots_on_target_rolling_avg', 'away_saves_accuracy_rolling_avg', 'away_points_rolling_avg', 'away_goals_rolling_avg', 'away_goal_difference_rolling_avg', 'home_average_points', 'home_draw_rate', 'Home_draws', 'Home_goal_difference_cum', 'home_league_position', 'Home_team_matches', 'home_win_rate', 'Home_wins', 'HomeTeam_last_away_match', 'home_xG_rolling_avg', 'home_shots_on_target_rolling_avg', 'home_shots_on_target_accuracy_rolling_avg', 'home_saves_accuracy_rolling_avg', 'home_points_rolling_avg', 'Home_points_cum', 'home_goals_rolling_avg', 'home_goal_difference_rolling_avg', 'home_goals', 'referee_foul_rate', 'referee_encoded', 'home_advantage']
2024-10-19 16:08:18,713 - INFO - Data prepared for modeling. Feature shape: (15352, 43), Target shape: (15352,)
2024-10-19 16:08:18,722 - INFO - Data split into train and test. Train shape: (12281, 43), Test shape: (3071, 43)
2024-10-19 16:08:18,734 - INFO - Data scaling completed.
2024-10-19 16:09:04,041 - INFO - Feature selection using RFE completed.
2024-10-19 16:09:04,071 - INFO - RFE selector saved.
2024-10-19 16:10:05,875 - INFO - Stacking model for Home Goals trained successfully.
2024-10-19 16:10:06,543 - INFO - Home Goals Stacking Model MSE: 1.5622743565749676e-27, R2: 1.0
2024-10-19 16:10:07,179 - INFO - Assets written to: C:\Users\T480\AppData\Local\Temp\tmpxrju5f2k\assets
2024-10-19 16:10:07,253 - INFO - Stacking model for Home Goals saved successfully.
2024-10-19 16:11:55,296 - INFO - Model directory checked/created.
2024-10-19 16:11:55,383 - INFO - Data loaded from ./Model_build1/model_data_training.csv with shape: (15440, 50)
2024-10-19 16:11:55,387 - INFO - Data filtered to only include home_goals from 0 to 5. Filtered data shape: (15352, 50)
2024-10-19 16:11:55,392 - INFO - Numeric features selected: ['running_id', 'season_encoded', 'league_encoded', 'home_encoded', 'away_encoded', 'venue_encoded', 'away_league_position', 'Away_points_cum', 'Away_goal_difference_cum', 'Away_draws', 'away_draw_rate', 'away_average_points', 'Away_team_matches', 'away_win_rate', 'Away_wins', 'away_xG_rolling_avg', 'away_shots_on_target_accuracy_rolling_avg', 'away_shots_on_target_rolling_avg', 'away_saves_accuracy_rolling_avg', 'away_points_rolling_avg', 'away_goals_rolling_avg', 'away_goal_difference_rolling_avg', 'home_average_points', 'home_draw_rate', 'Home_draws', 'Home_goal_difference_cum', 'home_league_position', 'Home_team_matches', 'home_win_rate', 'Home_wins', 'HomeTeam_last_away_match', 'home_xG_rolling_avg', 'home_shots_on_target_rolling_avg', 'home_shots_on_target_accuracy_rolling_avg', 'home_saves_accuracy_rolling_avg', 'home_points_rolling_avg', 'Home_points_cum', 'home_goals_rolling_avg', 'home_goal_difference_rolling_avg', 'home_goals', 'referee_foul_rate', 'referee_encoded', 'home_advantage']
2024-10-19 16:11:59,390 - INFO - Data prepared for modeling. Feature shape: (15352, 42), Target shape: (15352,)
2024-10-19 16:11:59,394 - INFO - Data split into train and test. Train shape: (12281, 42), Test shape: (3071, 42)
2024-10-19 16:11:59,407 - INFO - Data scaling completed.
2024-10-19 16:12:59,960 - INFO - Model directory checked/created.
2024-10-19 16:13:00,071 - INFO - Data loaded from ./Model_build1/model_data_training.csv with shape: (15440, 50)
2024-10-19 16:13:00,077 - INFO - Data filtered to only include home_goals from 0 to 5. Filtered data shape: (15352, 50)
2024-10-19 16:13:00,086 - INFO - Numeric features selected: ['running_id', 'season_encoded', 'league_encoded', 'home_encoded', 'away_encoded', 'venue_encoded', 'away_league_position', 'Away_points_cum', 'Away_goal_difference_cum', 'Away_draws', 'away_draw_rate', 'away_average_points', 'Away_team_matches', 'away_win_rate', 'Away_wins', 'away_xG_rolling_avg', 'away_shots_on_target_accuracy_rolling_avg', 'away_shots_on_target_rolling_avg', 'away_saves_accuracy_rolling_avg', 'away_points_rolling_avg', 'away_goals_rolling_avg', 'away_goal_difference_rolling_avg', 'home_average_points', 'home_draw_rate', 'Home_draws', 'Home_goal_difference_cum', 'home_league_position', 'Home_team_matches', 'home_win_rate', 'Home_wins', 'HomeTeam_last_away_match', 'home_xG_rolling_avg', 'home_shots_on_target_rolling_avg', 'home_shots_on_target_accuracy_rolling_avg', 'home_saves_accuracy_rolling_avg', 'home_points_rolling_avg', 'Home_points_cum', 'home_goals_rolling_avg', 'home_goal_difference_rolling_avg', 'referee_foul_rate', 'referee_encoded', 'home_advantage']
2024-10-19 16:13:05,649 - INFO - Data prepared for modeling. Feature shape: (15352, 42), Target shape: (15352,)
2024-10-19 16:13:05,655 - INFO - Data split into train and test. Train shape: (12281, 42), Test shape: (3071, 42)
2024-10-19 16:13:05,666 - INFO - Data scaling completed.
2024-10-19 16:17:49,981 - INFO - Feature selection using RFE completed.
2024-10-19 16:17:50,023 - INFO - RFE selector saved.
2024-10-19 16:19:44,810 - INFO - Stacking model for Home Goals trained successfully.
2024-10-19 16:19:46,562 - INFO - Home Goals Stacking Model MSE: 0.06733748781380695, R2: 0.9535999316993293
2024-10-19 16:19:47,161 - INFO - Assets written to: C:\Users\T480\AppData\Local\Temp\tmpibrdkqg1\assets
2024-10-19 16:19:47,224 - INFO - Stacking model for Home Goals saved successfully.
2024-10-19 16:49:11,249 - INFO - Model directory checked/created.
2024-10-19 16:49:11,343 - INFO - Data loaded from ./Model_build1/model_data_training.csv with shape: (15440, 50)
2024-10-19 16:49:11,347 - INFO - Data filtered to only include home_goals from 0 to 5. Filtered data shape: (15352, 50)
2024-10-19 16:49:11,359 - INFO - Numeric features selected: ['running_id', 'season_encoded', 'league_encoded', 'home_encoded', 'away_encoded', 'venue_encoded', 'away_league_position', 'Away_points_cum', 'Away_goal_difference_cum', 'Away_draws', 'away_draw_rate', 'away_average_points', 'Away_team_matches', 'away_win_rate', 'Away_wins', 'away_xG_rolling_avg', 'away_shots_on_target_accuracy_rolling_avg', 'away_shots_on_target_rolling_avg', 'away_saves_accuracy_rolling_avg', 'away_points_rolling_avg', 'away_goals_rolling_avg', 'away_goal_difference_rolling_avg', 'home_average_points', 'home_draw_rate', 'Home_draws', 'Home_goal_difference_cum', 'home_league_position', 'Home_team_matches', 'home_win_rate', 'Home_wins', 'HomeTeam_last_away_match', 'home_xG_rolling_avg', 'home_shots_on_target_rolling_avg', 'home_shots_on_target_accuracy_rolling_avg', 'home_saves_accuracy_rolling_avg', 'home_points_rolling_avg', 'Home_points_cum', 'home_goals_rolling_avg', 'home_goal_difference_rolling_avg', 'referee_foul_rate', 'referee_encoded', 'home_advantage']
2024-10-19 16:50:24,204 - INFO - Data prepared for modeling. Feature shape: (15352, 42), Target shape: (15352,)
2024-10-19 16:50:24,210 - INFO - Data split into train and test. Train shape: (12281, 42), Test shape: (3071, 42)
2024-10-19 16:50:24,224 - INFO - Data scaling completed.
2024-10-19 16:55:47,612 - INFO - Feature selection using RFE completed.
2024-10-19 16:55:47,653 - INFO - RFE selector saved.
2024-10-19 16:59:16,403 - INFO - Stacking model for Home Goals trained successfully.
2024-10-19 16:59:18,387 - INFO - Home Goals Stacking Model MSE: 0.06898431757967641, R2: 0.9524651549784156
2024-10-19 16:59:19,094 - INFO - Assets written to: C:\Users\T480\AppData\Local\Temp\tmp0t5pl3fr\assets
2024-10-19 16:59:19,162 - INFO - Stacking model for Home Goals saved successfully.
2024-10-19 18:55:14,924 - INFO - Model directory checked/created.
2024-10-19 18:55:15,129 - INFO - Data loaded from ./Model_build1/model_data_training.csv with shape: (15440, 50)
2024-10-19 18:55:15,146 - INFO - Data filtered to only include home_goals from 0 to 5. Filtered data shape: (15352, 50)
2024-10-19 18:55:15,146 - INFO - Numeric features selected: ['running_id', 'season_encoded', 'league_encoded', 'home_encoded', 'away_encoded', 'venue_encoded', 'away_league_position', 'Away_points_cum', 'Away_goal_difference_cum', 'Away_draws', 'away_draw_rate', 'away_average_points', 'Away_team_matches', 'away_win_rate', 'Away_wins', 'away_xG_rolling_avg', 'away_shots_on_target_accuracy_rolling_avg', 'away_shots_on_target_rolling_avg', 'away_saves_accuracy_rolling_avg', 'away_points_rolling_avg', 'away_goals_rolling_avg', 'away_goal_difference_rolling_avg', 'home_average_points', 'home_draw_rate', 'Home_draws', 'Home_goal_difference_cum', 'home_league_position', 'Home_team_matches', 'home_win_rate', 'Home_wins', 'HomeTeam_last_away_match', 'home_xG_rolling_avg', 'home_shots_on_target_rolling_avg', 'home_shots_on_target_accuracy_rolling_avg', 'home_saves_accuracy_rolling_avg', 'home_points_rolling_avg', 'Home_points_cum', 'home_goals_rolling_avg', 'home_goal_difference_rolling_avg', 'referee_foul_rate', 'referee_encoded', 'home_advantage']
2024-10-19 18:55:17,878 - INFO - Data prepared for modeling. Feature shape: (15352, 42), Target shape: (15352,)
2024-10-19 18:55:17,878 - INFO - Data split into train and test. Train shape: (12281, 42), Test shape: (3071, 42)
2024-10-19 18:55:17,899 - INFO - Data scaling completed.
2024-10-19 18:55:17,928 - INFO - Scaler saved for future use.
2024-10-19 18:58:01,710 - INFO - Model directory checked/created.
2024-10-19 18:58:01,927 - INFO - Data loaded from ./Model_build1/model_data_training.csv with shape: (15440, 50)
2024-10-19 18:58:01,934 - INFO - Data filtered to only include home_goals from 0 to 5. Filtered data shape: (15352, 50)
2024-10-19 18:58:01,947 - INFO - Numeric features selected: ['running_id', 'season_encoded', 'league_encoded', 'home_encoded', 'away_encoded', 'venue_encoded', 'away_league_position', 'Away_points_cum', 'Away_goal_difference_cum', 'Away_draws', 'away_draw_rate', 'away_average_points', 'Away_team_matches', 'away_win_rate', 'Away_wins', 'away_xG_rolling_avg', 'away_shots_on_target_accuracy_rolling_avg', 'away_shots_on_target_rolling_avg', 'away_saves_accuracy_rolling_avg', 'away_points_rolling_avg', 'away_goals_rolling_avg', 'away_goal_difference_rolling_avg', 'home_average_points', 'home_draw_rate', 'Home_draws', 'Home_goal_difference_cum', 'home_league_position', 'Home_team_matches', 'home_win_rate', 'Home_wins', 'HomeTeam_last_away_match', 'home_xG_rolling_avg', 'home_shots_on_target_rolling_avg', 'home_shots_on_target_accuracy_rolling_avg', 'home_saves_accuracy_rolling_avg', 'home_points_rolling_avg', 'Home_points_cum', 'home_goals_rolling_avg', 'home_goal_difference_rolling_avg', 'referee_foul_rate', 'referee_encoded', 'home_advantage']
2024-10-19 18:59:44,177 - INFO - Data prepared for modeling. Feature shape: (15352, 42), Target shape: (15352,)
2024-10-19 18:59:44,183 - INFO - Data split into train and test. Train shape: (12281, 42), Test shape: (3071, 42)
2024-10-19 18:59:44,194 - INFO - Data scaling completed.
2024-10-19 18:59:44,199 - INFO - Scaler saved for future use.
2024-10-19 19:02:34,695 - INFO - Feature selection using RFE completed.
2024-10-19 19:02:35,791 - INFO - RFE selector saved.
2024-10-19 19:04:40,765 - INFO - Feature selection using RFE completed.
2024-10-19 19:04:40,803 - INFO - RFE selector saved.
2024-10-19 19:05:41,778 - INFO - Stacking model for Home Goals trained successfully.
2024-10-19 19:05:42,945 - INFO - Home Goals Stacking Model MSE: 0.06802312711828938, R2: 0.9531274799998306
2024-10-19 19:07:39,881 - INFO - Stacking model for Home Goals trained successfully.
2024-10-19 19:07:41,619 - INFO - Home Goals Stacking Model MSE: 0.06634449734331378, R2: 0.9542841690706462
2024-10-19 19:07:42,253 - INFO - Assets written to: C:\Users\T480\AppData\Local\Temp\tmpkz5qi222\assets
2024-10-19 19:07:42,314 - INFO - Stacking model for Home Goals saved successfully.
2024-10-19 19:09:30,412 - INFO - Model directory checked/created.
2024-10-19 19:09:30,597 - INFO - Data loaded from ./Model_build1/model_data_training.csv with shape: (15440, 50)
2024-10-19 19:09:30,597 - INFO - Data filtered to only include home_goals from 0 to 5. Filtered data shape: (15352, 50)
2024-10-19 19:09:30,613 - INFO - Numeric features selected: ['running_id', 'season_encoded', 'league_encoded', 'home_encoded', 'away_encoded', 'venue_encoded', 'away_league_position', 'Away_points_cum', 'Away_goal_difference_cum', 'Away_draws', 'away_draw_rate', 'away_average_points', 'Away_team_matches', 'away_win_rate', 'Away_wins', 'away_xG_rolling_avg', 'away_shots_on_target_accuracy_rolling_avg', 'away_shots_on_target_rolling_avg', 'away_saves_accuracy_rolling_avg', 'away_points_rolling_avg', 'away_goals_rolling_avg', 'away_goal_difference_rolling_avg', 'home_average_points', 'home_draw_rate', 'Home_draws', 'Home_goal_difference_cum', 'home_league_position', 'Home_team_matches', 'home_win_rate', 'Home_wins', 'HomeTeam_last_away_match', 'home_xG_rolling_avg', 'home_shots_on_target_rolling_avg', 'home_shots_on_target_accuracy_rolling_avg', 'home_saves_accuracy_rolling_avg', 'home_points_rolling_avg', 'Home_points_cum', 'home_goals_rolling_avg', 'home_goal_difference_rolling_avg', 'referee_foul_rate', 'referee_encoded', 'home_advantage']
2024-10-19 19:09:33,129 - INFO - Data prepared for modeling. Feature shape: (15352, 42), Target shape: (15352,)
2024-10-19 19:09:33,129 - INFO - Data split into train and test. Train shape: (12281, 42), Test shape: (3071, 42)
2024-10-19 19:09:33,146 - INFO - Data scaling completed.
2024-10-19 19:09:33,178 - INFO - Scaler saved for future use.
2024-10-19 19:16:48,913 - INFO - Feature selection using RFE completed.
2024-10-19 19:16:50,179 - INFO - RFE selector saved.
2024-10-19 19:19:28,042 - INFO - Stacking model (without Keras) for Home Goals trained successfully.
2024-10-19 19:19:29,112 - INFO - Home Goals Stacking Model MSE: 0.07028818666625877, R2: 0.9515667012843925
2024-10-19 19:19:32,595 - INFO - Stacking model (without Keras) saved successfully.
2024-10-19 19:19:40,178 - INFO - Keras neural network model saved successfully.
2024-10-19 19:56:39,282 - INFO - Model directory checked/created.
2024-10-19 19:56:39,392 - INFO - Data loaded from ./Model_build1/model_data_training.csv with shape: (15440, 50)
2024-10-19 19:56:39,397 - INFO - Data filtered to only include home_goals from 0 to 5. Filtered data shape: (15352, 50)
2024-10-19 19:56:39,408 - INFO - Numeric features selected: ['running_id', 'season_encoded', 'league_encoded', 'home_encoded', 'away_encoded', 'venue_encoded', 'away_league_position', 'Away_points_cum', 'Away_goal_difference_cum', 'Away_draws', 'away_draw_rate', 'away_average_points', 'Away_team_matches', 'away_win_rate', 'Away_wins', 'away_xG_rolling_avg', 'away_shots_on_target_accuracy_rolling_avg', 'away_shots_on_target_rolling_avg', 'away_saves_accuracy_rolling_avg', 'away_points_rolling_avg', 'away_goals_rolling_avg', 'away_goal_difference_rolling_avg', 'home_average_points', 'home_draw_rate', 'Home_draws', 'Home_goal_difference_cum', 'home_league_position', 'Home_team_matches', 'home_win_rate', 'Home_wins', 'HomeTeam_last_away_match', 'home_xG_rolling_avg', 'home_shots_on_target_rolling_avg', 'home_shots_on_target_accuracy_rolling_avg', 'home_saves_accuracy_rolling_avg', 'home_points_rolling_avg', 'Home_points_cum', 'home_goals_rolling_avg', 'home_goal_difference_rolling_avg', 'referee_foul_rate', 'referee_encoded', 'home_advantage']
2024-10-19 19:57:48,110 - INFO - Imputer saved to ./models/imputer_homegoals.pkl
2024-10-19 19:57:48,111 - INFO - Data prepared for modeling. Feature shape: (15352, 42), Target shape: (15352,)
2024-10-19 19:57:48,117 - INFO - Data split into train and test. Train shape: (12281, 42), Test shape: (3071, 42)
2024-10-19 19:57:48,129 - INFO - Data scaling completed.
2024-10-19 19:57:48,130 - INFO - Scaler saved to ./models/scaler_homegoals.pkl
2024-10-19 20:02:43,986 - INFO - Feature selection using RFE completed.
2024-10-19 20:02:44,048 - INFO - RFE selector saved to ./models/rfe_homegoals_selector.pkl
2024-10-19 20:05:38,298 - INFO - Stacking model for home Goals trained successfully.
2024-10-19 20:05:40,074 - INFO - home Goals Stacking Model MSE: 0.06631739154411345, R2: 0.9543028467934878
2024-10-19 20:05:40,770 - INFO - Assets written to: C:\Users\T480\AppData\Local\Temp\tmp3vitcgc8\assets
2024-10-19 20:05:40,973 - INFO - Stacking model for home Goals saved to ./models/homescore_stacking_model.pkl
2024-10-19 21:41:08,047 - INFO - Model directory checked/created.
2024-10-19 21:41:08,136 - INFO - Data loaded from ./Model_build1/model_data_training.csv with shape: (15440, 50)
2024-10-19 21:41:08,144 - INFO - Data filtered to only include home_goals from 0 to 5. Filtered data shape: (15352, 50)
2024-10-19 21:41:08,154 - INFO - Numeric features selected: ['running_id', 'season_encoded', 'league_encoded', 'home_encoded', 'away_encoded', 'venue_encoded', 'away_league_position', 'Away_points_cum', 'Away_goal_difference_cum', 'Away_draws', 'away_draw_rate', 'away_average_points', 'Away_team_matches', 'away_win_rate', 'Away_wins', 'away_xG_rolling_avg', 'away_shots_on_target_accuracy_rolling_avg', 'away_shots_on_target_rolling_avg', 'away_saves_accuracy_rolling_avg', 'away_points_rolling_avg', 'away_goals_rolling_avg', 'away_goal_difference_rolling_avg', 'home_average_points', 'home_draw_rate', 'Home_draws', 'Home_goal_difference_cum', 'home_league_position', 'Home_team_matches', 'home_win_rate', 'Home_wins', 'HomeTeam_last_away_match', 'home_xG_rolling_avg', 'home_shots_on_target_rolling_avg', 'home_shots_on_target_accuracy_rolling_avg', 'home_saves_accuracy_rolling_avg', 'home_points_rolling_avg', 'Home_points_cum', 'home_goals_rolling_avg', 'home_goal_difference_rolling_avg', 'referee_foul_rate', 'referee_encoded', 'home_advantage']
2024-10-19 21:41:12,752 - INFO - Imputer saved to ./models/imputer_homegoals.pkl
2024-10-19 21:41:12,753 - INFO - Data prepared for modeling. Feature shape: (15352, 42), Target shape: (15352,)
2024-10-19 21:41:12,759 - INFO - Data split into train and test. Train shape: (12281, 42), Test shape: (3071, 42)
2024-10-19 21:41:12,770 - INFO - Data scaling completed.
2024-10-19 21:41:12,771 - INFO - Scaler saved to ./models/scaler_homegoals.pkl
2024-10-19 21:41:50,029 - INFO - Model directory checked/created.
2024-10-19 21:41:50,096 - INFO - Data loaded from ./Model_build1/model_data_training.csv with shape: (15440, 50)
2024-10-19 21:41:50,096 - INFO - Data filtered to only include home_goals from 0 to 5. Filtered data shape: (15352, 50)
2024-10-19 21:41:50,096 - INFO - Numeric features selected: ['running_id', 'season_encoded', 'league_encoded', 'home_encoded', 'away_encoded', 'venue_encoded', 'away_league_position', 'Away_points_cum', 'Away_goal_difference_cum', 'Away_draws', 'away_draw_rate', 'away_average_points', 'Away_team_matches', 'away_win_rate', 'Away_wins', 'away_xG_rolling_avg', 'away_shots_on_target_accuracy_rolling_avg', 'away_shots_on_target_rolling_avg', 'away_saves_accuracy_rolling_avg', 'away_points_rolling_avg', 'away_goals_rolling_avg', 'away_goal_difference_rolling_avg', 'home_average_points', 'home_draw_rate', 'Home_draws', 'Home_goal_difference_cum', 'home_league_position', 'Home_team_matches', 'home_win_rate', 'Home_wins', 'HomeTeam_last_away_match', 'home_xG_rolling_avg', 'home_shots_on_target_rolling_avg', 'home_shots_on_target_accuracy_rolling_avg', 'home_saves_accuracy_rolling_avg', 'home_points_rolling_avg', 'Home_points_cum', 'home_goals_rolling_avg', 'home_goal_difference_rolling_avg', 'referee_foul_rate', 'referee_encoded', 'home_advantage']
2024-10-19 21:41:52,763 - INFO - Imputer saved to ./models/imputer_homegoals.pkl
2024-10-19 21:41:52,763 - INFO - Data prepared for modeling. Feature shape: (15352, 42), Target shape: (15352,)
2024-10-19 21:41:52,763 - INFO - Data split into train and test. Train shape: (12281, 42), Test shape: (3071, 42)
2024-10-19 21:41:52,785 - INFO - Data scaling completed.
2024-10-19 21:41:52,796 - INFO - Scaler saved to ./models/scaler_homegoals.pkl
2024-10-19 21:45:03,128 - INFO - Feature selection using RFE completed.
2024-10-19 21:45:03,159 - INFO - RFE selector saved to ./models/rfe_homegoals_selector.pkl
2024-10-19 21:45:04,829 - INFO - Feature selection using RFE completed.
2024-10-19 21:45:05,910 - INFO - RFE selector saved to ./models/rfe_homegoals_selector.pkl
2024-10-19 21:46:53,446 - INFO - Stacking model for home Goals trained successfully.
2024-10-19 21:46:54,848 - INFO - home Goals Stacking Model MSE: 0.06580075554070286, R2: 0.9546588438260935
2024-10-19 21:47:33,453 - INFO - Stacking model for home Goals trained successfully.
2024-10-19 21:47:35,183 - INFO - home Goals Stacking Model MSE: 0.06520581169709384, R2: 0.9550688002393005
2024-10-19 21:47:35,784 - INFO - Assets written to: C:\Users\T480\AppData\Local\Temp\tmpkeb_hav_\assets
2024-10-19 21:47:35,842 - INFO - Stacking model for home Goals saved to ./models/homescore_stacking_model.pkl
2024-10-19 21:50:41,310 - INFO - Model directory checked/created.
2024-10-19 21:50:41,438 - INFO - Data loaded from ./Model_build1/model_data_training.csv with shape: (15440, 50)
2024-10-19 21:50:41,442 - INFO - Data filtered to only include home_goals from 0 to 5. Filtered data shape: (15352, 50)
2024-10-19 21:50:41,450 - INFO - Numeric features selected: ['running_id', 'season_encoded', 'league_encoded', 'home_encoded', 'away_encoded', 'venue_encoded', 'away_league_position', 'Away_points_cum', 'Away_goal_difference_cum', 'Away_draws', 'away_draw_rate', 'away_average_points', 'Away_team_matches', 'away_win_rate', 'Away_wins', 'away_xG_rolling_avg', 'away_shots_on_target_accuracy_rolling_avg', 'away_shots_on_target_rolling_avg', 'away_saves_accuracy_rolling_avg', 'away_points_rolling_avg', 'away_goals_rolling_avg', 'away_goal_difference_rolling_avg', 'home_average_points', 'home_draw_rate', 'Home_draws', 'Home_goal_difference_cum', 'home_league_position', 'Home_team_matches', 'home_win_rate', 'Home_wins', 'HomeTeam_last_away_match', 'home_xG_rolling_avg', 'home_shots_on_target_rolling_avg', 'home_shots_on_target_accuracy_rolling_avg', 'home_saves_accuracy_rolling_avg', 'home_points_rolling_avg', 'Home_points_cum', 'home_goals_rolling_avg', 'home_goal_difference_rolling_avg', 'referee_foul_rate', 'referee_encoded', 'home_advantage']
2024-10-19 21:50:44,875 - INFO - Imputer saved to ./models/imputer_homegoals.pkl
2024-10-19 21:50:44,876 - INFO - Data prepared for modeling. Feature shape: (15352, 42), Target shape: (15352,)
2024-10-19 21:50:44,882 - INFO - Data split into train and test. Train shape: (12281, 42), Test shape: (3071, 42)
2024-10-19 21:50:44,892 - INFO - Data scaling completed.
2024-10-19 21:50:44,894 - INFO - Scaler saved to ./models/scaler_homegoals.pkl
2024-10-19 21:54:34,980 - INFO - Feature selection using RFE completed.
2024-10-19 21:54:35,011 - INFO - RFE selector saved to ./models/rfe_homegoals_selector.pkl
2024-10-19 21:56:59,382 - INFO - Stacking model for home Goals trained successfully.
2024-10-19 21:57:01,112 - INFO - home Goals Stacking Model MSE: 0.06658878259797557, R2: 0.954115840062999
2024-10-19 21:57:01,701 - INFO - Assets written to: C:\Users\T480\AppData\Local\Temp\tmpq50_tb_b\assets
2024-10-19 21:57:01,752 - INFO - Stacking model for home Goals saved to ./models/homescore_stacking_model.pkl
2024-10-19 22:28:52,407 - INFO - Model directory checked/created.
2024-10-19 22:28:52,497 - INFO - Data loaded from ./Model_build1/model_data_training.csv with shape: (15440, 50)
2024-10-19 22:28:52,501 - INFO - Data filtered to only include home_goals from 0 to 5. Filtered data shape: (15352, 50)
2024-10-19 22:28:52,510 - INFO - Numeric features selected: ['running_id', 'season_encoded', 'league_encoded', 'home_encoded', 'away_encoded', 'venue_encoded', 'away_league_position', 'Away_points_cum', 'Away_goal_difference_cum', 'Away_draws', 'away_draw_rate', 'away_average_points', 'Away_team_matches', 'away_win_rate', 'Away_wins', 'away_xG_rolling_avg', 'away_shots_on_target_accuracy_rolling_avg', 'away_shots_on_target_rolling_avg', 'away_saves_accuracy_rolling_avg', 'away_points_rolling_avg', 'away_goals_rolling_avg', 'away_goal_difference_rolling_avg', 'home_average_points', 'home_draw_rate', 'Home_draws', 'Home_goal_difference_cum', 'home_league_position', 'Home_team_matches', 'home_win_rate', 'Home_wins', 'HomeTeam_last_away_match', 'home_xG_rolling_avg', 'home_shots_on_target_rolling_avg', 'home_shots_on_target_accuracy_rolling_avg', 'home_saves_accuracy_rolling_avg', 'home_points_rolling_avg', 'Home_points_cum', 'home_goals_rolling_avg', 'home_goal_difference_rolling_avg', 'referee_foul_rate', 'referee_encoded', 'home_advantage']
2024-10-19 22:29:13,197 - INFO - Imputer saved to ./models/imputer_homegoals.pkl
2024-10-19 22:29:13,198 - INFO - Data prepared for modeling. Feature shape: (15352, 42), Target shape: (15352,)
2024-10-19 22:29:13,208 - INFO - Data split into train and test. Train shape: (12281, 42), Test shape: (3071, 42)
2024-10-19 22:29:13,225 - INFO - Data scaling completed.
2024-10-19 22:29:13,227 - INFO - Scaler saved to ./models/scaler_homegoals.pkl
2024-10-19 22:33:50,172 - INFO - Feature selection using RFE completed.
2024-10-19 22:33:50,214 - INFO - RFE selector saved to ./models/rfe_homegoals_selector.pkl
2024-10-19 22:36:34,083 - INFO - Stacking model for home Goals trained successfully.
2024-10-19 22:36:35,820 - INFO - home Goals Stacking Model MSE: 0.06620636657571222, R2: 0.9543793504808713
2024-10-19 22:36:36,433 - INFO - Assets written to: C:\Users\T480\AppData\Local\Temp\tmpk4tc0x4l\assets
2024-10-19 22:36:36,485 - INFO - Stacking model for home Goals saved to ./models/homescore_stacking_model.pkl
2024-10-20 00:04:18,073 - INFO - Model directory checked/created.
2024-10-20 00:04:18,323 - INFO - Data loaded from ./Model_build1/model_data_training.csv with shape: (15440, 50)
2024-10-20 00:04:18,339 - INFO - Data filtered to only include home_goals from 0 to 5. Filtered data shape: (15352, 50)
2024-10-20 00:04:18,341 - INFO - Numeric features selected: ['running_id', 'season_encoded', 'league_encoded', 'home_encoded', 'away_encoded', 'venue_encoded', 'away_league_position', 'Away_points_cum', 'Away_goal_difference_cum', 'Away_draws', 'away_draw_rate', 'away_average_points', 'Away_team_matches', 'away_win_rate', 'Away_wins', 'away_xG_rolling_avg', 'away_shots_on_target_accuracy_rolling_avg', 'away_shots_on_target_rolling_avg', 'away_saves_accuracy_rolling_avg', 'away_points_rolling_avg', 'away_goals_rolling_avg', 'away_goal_difference_rolling_avg', 'home_average_points', 'home_draw_rate', 'Home_draws', 'Home_goal_difference_cum', 'home_league_position', 'Home_team_matches', 'home_win_rate', 'Home_wins', 'HomeTeam_last_away_match', 'home_xG_rolling_avg', 'home_shots_on_target_rolling_avg', 'home_shots_on_target_accuracy_rolling_avg', 'home_saves_accuracy_rolling_avg', 'home_points_rolling_avg', 'Home_points_cum', 'home_goals_rolling_avg', 'home_goal_difference_rolling_avg', 'referee_foul_rate', 'referee_encoded', 'home_advantage']
2024-10-20 00:04:21,839 - INFO - Imputer saved to ./models/imputer_homegoals.pkl
2024-10-20 00:04:21,856 - INFO - Data prepared for modeling. Feature shape: (15352, 42), Target shape: (15352,)
2024-10-20 00:04:21,856 - INFO - Data split into train and test. Train shape: (12281, 42), Test shape: (3071, 42)
2024-10-20 00:04:21,892 - INFO - Data scaling completed.
2024-10-20 00:04:21,911 - INFO - Scaler saved to ./models/scaler_homegoals.pkl
2024-10-20 00:07:21,293 - INFO - Feature selection using RFE completed.
2024-10-20 00:07:22,124 - INFO - RFE selector saved to ./models/rfe_homegoals_selector.pkl
2024-10-20 00:09:08,477 - INFO - Stacking model for home Goals trained successfully.
2024-10-20 00:09:09,738 - INFO - home Goals Stacking Model MSE: 0.06648177629127326, R2: 0.9541895746215753
2024-10-20 00:09:11,799 - INFO - Assets written to: C:\Users\szita\AppData\Local\Temp\tmp415gwkjh\assets
2024-10-20 00:09:11,871 - INFO - Stacking model for home Goals saved to ./models/homescore_stacking_model.pkl
2024-10-20 00:15:15,057 - INFO - Model directory checked/created.
2024-10-20 00:15:15,259 - INFO - Data loaded from ./Model_build1/model_data_training.csv with shape: (15440, 50)
2024-10-20 00:15:15,259 - INFO - Data filtered to only include home_goals from 0 to 5. Filtered data shape: (15352, 50)
2024-10-20 00:15:15,273 - INFO - Numeric features selected: ['running_id', 'season_encoded', 'league_encoded', 'home_encoded', 'away_encoded', 'venue_encoded', 'away_league_position', 'Away_points_cum', 'Away_goal_difference_cum', 'Away_draws', 'away_draw_rate', 'away_average_points', 'Away_team_matches', 'away_win_rate', 'Away_wins', 'away_xG_rolling_avg', 'away_shots_on_target_accuracy_rolling_avg', 'away_shots_on_target_rolling_avg', 'away_saves_accuracy_rolling_avg', 'away_points_rolling_avg', 'away_goals_rolling_avg', 'away_goal_difference_rolling_avg', 'home_average_points', 'home_draw_rate', 'Home_draws', 'Home_goal_difference_cum', 'home_league_position', 'Home_team_matches', 'home_win_rate', 'Home_wins', 'HomeTeam_last_away_match', 'home_xG_rolling_avg', 'home_shots_on_target_rolling_avg', 'home_shots_on_target_accuracy_rolling_avg', 'home_saves_accuracy_rolling_avg', 'home_points_rolling_avg', 'Home_points_cum', 'home_goals_rolling_avg', 'home_goal_difference_rolling_avg', 'referee_foul_rate', 'referee_encoded', 'home_advantage']
2024-10-20 00:15:18,023 - INFO - Imputer saved to ./models/imputer_homegoals.pkl
2024-10-20 00:15:18,023 - INFO - Data prepared for modeling. Feature shape: (15352, 42), Target shape: (15352,)
2024-10-20 00:15:18,023 - INFO - Data split into train and test. Train shape: (12281, 42), Test shape: (3071, 42)
2024-10-20 00:15:18,040 - INFO - Data scaling completed.
2024-10-20 00:15:18,057 - INFO - Scaler saved to ./models/scaler_homegoals.pkl
2024-10-20 00:18:21,040 - INFO - Feature selection using RFE completed.
2024-10-20 00:18:21,856 - INFO - RFE selector saved to ./models/rfe_homegoals_selector.pkl
2024-10-20 00:20:06,423 - INFO - Stacking model for home Goals trained successfully.
2024-10-20 00:20:07,672 - INFO - Home Goals Stacking Model MSE: 0.06626231405368156, R2: 0.9543407988971501
2024-10-20 00:20:09,708 - INFO - Assets written to: C:\Users\szita\AppData\Local\Temp\tmpbo3f1f5n\assets
2024-10-20 00:20:09,798 - INFO - Stacking model for home Goals saved to ./models/homescore_stacking_model.pkl
2024-10-20 00:20:47,507 - INFO - Model directory checked/created.
2024-10-20 18:26:07,603 - INFO - Model directory checked/created.
2024-10-20 18:26:07,821 - INFO - Data loaded from ./Model_build1/model_data_training.csv with shape: (15440, 50)
2024-10-20 18:26:07,821 - INFO - Data filtered to only include home_goals from 0 to 5. Filtered data shape: (15352, 50)
2024-10-20 18:26:07,839 - INFO - Numeric features selected: ['running_id', 'season_encoded', 'league_encoded', 'home_encoded', 'away_encoded', 'venue_encoded', 'away_league_position', 'Away_points_cum', 'Away_goal_difference_cum', 'Away_draws', 'away_draw_rate', 'away_average_points', 'Away_team_matches', 'away_win_rate', 'Away_wins', 'away_xG_rolling_avg', 'away_shots_on_target_accuracy_rolling_avg', 'away_shots_on_target_rolling_avg', 'away_saves_accuracy_rolling_avg', 'away_points_rolling_avg', 'away_goals_rolling_avg', 'away_goal_difference_rolling_avg', 'home_average_points', 'home_draw_rate', 'Home_draws', 'Home_goal_difference_cum', 'home_league_position', 'Home_team_matches', 'home_win_rate', 'Home_wins', 'HomeTeam_last_away_match', 'home_xG_rolling_avg', 'home_shots_on_target_rolling_avg', 'home_shots_on_target_accuracy_rolling_avg', 'home_saves_accuracy_rolling_avg', 'home_points_rolling_avg', 'Home_points_cum', 'home_goals_rolling_avg', 'home_goal_difference_rolling_avg', 'referee_foul_rate', 'referee_encoded', 'home_advantage']
2024-10-20 18:26:10,378 - INFO - Imputer saved to ./models/imputer_homegoals.pkl
2024-10-20 18:26:10,380 - INFO - Data prepared for modeling. Feature shape: (15352, 42), Target shape: (15352,)
2024-10-20 18:26:10,390 - INFO - Data split into train and test. Train shape: (12281, 42), Test shape: (3071, 42)
2024-10-20 18:26:10,404 - INFO - Data scaling completed.
2024-10-20 18:26:10,420 - INFO - Scaler saved to ./models/scaler_homegoals.pkl
2024-10-20 18:29:08,436 - INFO - Feature selection using RFE completed.
2024-10-20 18:29:09,573 - INFO - RFE selector saved to ./models/rfe_homegoals_selector.pkl
2024-10-20 18:30:57,420 - INFO - Stacking model for home Goals trained successfully.
2024-10-20 18:30:58,677 - INFO - Home Goals Stacking Model MSE: 0.06430469741720983, R2: 0.9556897287219451
2024-10-20 18:31:02,235 - INFO - Assets written to: C:\Users\szita\AppData\Local\Temp\tmp3vo4dr40\assets
2024-10-20 18:31:02,335 - INFO - Stacking model for home Goals saved to ./models/homescore_stacking_model.pkl
2024-10-20 18:36:13,953 - INFO - Model directory checked/created.
2024-10-20 18:36:14,121 - INFO - Data loaded from ./Model_build1/model_data_training.csv with shape: (15440, 50)
2024-10-20 18:36:14,121 - INFO - Data filtered to only include home_goals from 0 to 5. Filtered data shape: (15352, 50)
2024-10-20 18:36:14,137 - INFO - Numeric features selected: ['running_id', 'season_encoded', 'league_encoded', 'home_encoded', 'away_encoded', 'venue_encoded', 'away_league_position', 'Away_points_cum', 'Away_goal_difference_cum', 'Away_draws', 'away_draw_rate', 'away_average_points', 'Away_team_matches', 'away_win_rate', 'Away_wins', 'away_xG_rolling_avg', 'away_shots_on_target_accuracy_rolling_avg', 'away_shots_on_target_rolling_avg', 'away_saves_accuracy_rolling_avg', 'away_points_rolling_avg', 'away_goals_rolling_avg', 'away_goal_difference_rolling_avg', 'home_average_points', 'home_draw_rate', 'Home_draws', 'Home_goal_difference_cum', 'home_league_position', 'Home_team_matches', 'home_win_rate', 'Home_wins', 'HomeTeam_last_away_match', 'home_xG_rolling_avg', 'home_shots_on_target_rolling_avg', 'home_shots_on_target_accuracy_rolling_avg', 'home_saves_accuracy_rolling_avg', 'home_points_rolling_avg', 'Home_points_cum', 'home_goals_rolling_avg', 'home_goal_difference_rolling_avg', 'referee_foul_rate', 'referee_encoded', 'home_advantage']
2024-10-20 18:36:16,770 - INFO - Imputer saved to ./models/imputer_homegoals.pkl
2024-10-20 18:36:16,775 - INFO - Data prepared for modeling. Feature shape: (15352, 42), Target shape: (15352,)
2024-10-20 18:36:16,789 - INFO - Data split into train and test. Train shape: (12281, 42), Test shape: (3071, 42)
2024-10-20 18:36:16,789 - INFO - Data scaling completed.
2024-10-20 18:36:16,804 - INFO - Scaler saved to ./models/scaler_homegoals.pkl
2024-10-20 18:39:16,653 - INFO - Feature selection using RFE completed.
2024-10-20 18:39:17,786 - INFO - RFE selector saved to ./models/rfe_homegoals_selector.pkl
2024-10-20 18:41:00,837 - INFO - Stacking model for home Goals trained successfully.
2024-10-20 18:41:02,106 - INFO - Home Goals Stacking Model MSE: 0.06723256561447194, R2: 0.9536722301674406
2024-10-20 18:41:05,637 - INFO - Assets written to: C:\Users\szita\AppData\Local\Temp\tmptisfwtqm\assets
2024-10-20 18:41:05,704 - INFO - Stacking model for home Goals saved to ./models/homescore_stacking_model.pkl
2024-10-20 18:44:11,971 - INFO - Model directory checked/created.
2024-10-20 18:44:12,187 - INFO - Data loaded from ./Model_build1/model_data_training.csv with shape: (15440, 50)
2024-10-20 18:44:12,192 - INFO - Data filtered to only include home_goals from 0 to 5. Filtered data shape: (15352, 50)
2024-10-20 18:44:12,200 - INFO - Numeric features selected: ['running_id', 'season_encoded', 'league_encoded', 'home_encoded', 'away_encoded', 'venue_encoded', 'away_league_position', 'Away_points_cum', 'Away_goal_difference_cum', 'Away_draws', 'away_draw_rate', 'away_average_points', 'Away_team_matches', 'away_win_rate', 'Away_wins', 'away_xG_rolling_avg', 'away_shots_on_target_accuracy_rolling_avg', 'away_shots_on_target_rolling_avg', 'away_saves_accuracy_rolling_avg', 'away_points_rolling_avg', 'away_goals_rolling_avg', 'away_goal_difference_rolling_avg', 'home_average_points', 'home_draw_rate', 'Home_draws', 'Home_goal_difference_cum', 'home_league_position', 'Home_team_matches', 'home_win_rate', 'Home_wins', 'HomeTeam_last_away_match', 'home_xG_rolling_avg', 'home_shots_on_target_rolling_avg', 'home_shots_on_target_accuracy_rolling_avg', 'home_saves_accuracy_rolling_avg', 'home_points_rolling_avg', 'Home_points_cum', 'home_goals_rolling_avg', 'home_goal_difference_rolling_avg', 'referee_foul_rate', 'referee_encoded', 'home_advantage']
2024-10-20 18:44:14,822 - INFO - Imputer saved to ./models/imputer_homegoals.pkl
2024-10-20 18:44:14,826 - INFO - Data prepared for modeling. Feature shape: (15352, 42), Target shape: (15352,)
2024-10-20 18:44:14,831 - INFO - Data split into train and test. Train shape: (12281, 42), Test shape: (3071, 42)
2024-10-20 18:44:14,846 - INFO - Data scaling completed.
2024-10-20 18:44:14,858 - INFO - Scaler saved to ./models/scaler_homegoals.pkl
2024-10-20 18:47:09,487 - INFO - Feature selection using RFE completed.
2024-10-20 18:47:10,769 - INFO - RFE selector saved to ./models/rfe_homegoals_selector.pkl
2024-10-20 18:48:53,836 - INFO - Stacking model for home Goals trained successfully.
2024-10-20 18:48:55,060 - INFO - Home Goals Stacking Model MSE: 0.0651989406980142, R2: 0.9550735348208381
2024-10-20 18:48:58,770 - INFO - Assets written to: C:\Users\szita\AppData\Local\Temp\tmpwk8xrayi\assets
2024-10-20 18:48:58,852 - INFO - Stacking model for home Goals saved to ./models/homescore_stacking_model.pkl
2024-10-20 18:48:59,487 - INFO - Assets written to: ./models/nn_regressor_home_model\assets
2024-10-20 18:48:59,572 - INFO - Keras neural network model saved to ./models/nn_regressor_home_model
2024-10-20 19:03:55,762 - INFO - Model directory checked/created.
2024-10-20 19:03:55,938 - INFO - Data loaded from ./Model_build1/model_data_training.csv with shape: (15440, 50)
2024-10-20 19:03:55,938 - INFO - Data filtered to only include home_goals from 0 to 5. Filtered data shape: (15352, 50)
2024-10-20 19:03:55,938 - INFO - Numeric features selected: ['running_id', 'season_encoded', 'league_encoded', 'home_encoded', 'away_encoded', 'venue_encoded', 'away_league_position', 'Away_points_cum', 'Away_goal_difference_cum', 'Away_draws', 'away_draw_rate', 'away_average_points', 'Away_team_matches', 'away_win_rate', 'Away_wins', 'away_xG_rolling_avg', 'away_shots_on_target_accuracy_rolling_avg', 'away_shots_on_target_rolling_avg', 'away_saves_accuracy_rolling_avg', 'away_points_rolling_avg', 'away_goals_rolling_avg', 'away_goal_difference_rolling_avg', 'home_average_points', 'home_draw_rate', 'Home_draws', 'Home_goal_difference_cum', 'home_league_position', 'Home_team_matches', 'home_win_rate', 'Home_wins', 'HomeTeam_last_away_match', 'home_xG_rolling_avg', 'home_shots_on_target_rolling_avg', 'home_shots_on_target_accuracy_rolling_avg', 'home_saves_accuracy_rolling_avg', 'home_points_rolling_avg', 'Home_points_cum', 'home_goals_rolling_avg', 'home_goal_difference_rolling_avg', 'referee_foul_rate', 'referee_encoded', 'home_advantage']
2024-10-20 19:03:58,454 - INFO - Imputer saved to ./models/imputer_homegoals.pkl
2024-10-20 19:03:58,454 - INFO - Data prepared for modeling. Feature shape: (15352, 42), Target shape: (15352,)
2024-10-20 19:03:58,454 - INFO - Data split into train and test. Train shape: (12281, 42), Test shape: (3071, 42)
2024-10-20 19:03:58,471 - INFO - Data scaling completed.
2024-10-20 19:03:58,488 - INFO - Scaler saved to ./models/scaler_homegoals.pkl
2024-10-20 19:06:49,837 - INFO - Feature selection using RFE completed.
2024-10-20 19:06:51,137 - INFO - RFE selector saved to ./models/rfe_homegoals_selector.pkl
2024-10-20 19:08:34,354 - INFO - Stacking model for home Goals trained successfully.
2024-10-20 19:08:35,502 - INFO - Home Goals Stacking Model MSE: 0.06671960148050551, R2: 0.9540256970344798
2024-10-20 19:08:39,060 - INFO - Assets written to: C:\Users\szita\AppData\Local\Temp\tmpuidyf7vt\assets
2024-10-20 19:08:39,121 - INFO - Stacking model for home goals (without Keras) saved to ./models/homescore_stacking_model.pkl
2024-10-20 19:11:30,319 - INFO - Model directory checked/created.
2024-10-20 19:11:30,467 - INFO - Data loaded from ./Model_build1/model_data_training.csv with shape: (15440, 50)
2024-10-20 19:11:30,473 - INFO - Data filtered to only include home_goals from 0 to 5. Filtered data shape: (15352, 50)
2024-10-20 19:11:30,479 - INFO - Numeric features selected: ['running_id', 'season_encoded', 'league_encoded', 'home_encoded', 'away_encoded', 'venue_encoded', 'away_league_position', 'Away_points_cum', 'Away_goal_difference_cum', 'Away_draws', 'away_draw_rate', 'away_average_points', 'Away_team_matches', 'away_win_rate', 'Away_wins', 'away_xG_rolling_avg', 'away_shots_on_target_accuracy_rolling_avg', 'away_shots_on_target_rolling_avg', 'away_saves_accuracy_rolling_avg', 'away_points_rolling_avg', 'away_goals_rolling_avg', 'away_goal_difference_rolling_avg', 'home_average_points', 'home_draw_rate', 'Home_draws', 'Home_goal_difference_cum', 'home_league_position', 'Home_team_matches', 'home_win_rate', 'Home_wins', 'HomeTeam_last_away_match', 'home_xG_rolling_avg', 'home_shots_on_target_rolling_avg', 'home_shots_on_target_accuracy_rolling_avg', 'home_saves_accuracy_rolling_avg', 'home_points_rolling_avg', 'Home_points_cum', 'home_goals_rolling_avg', 'home_goal_difference_rolling_avg', 'referee_foul_rate', 'referee_encoded', 'home_advantage']
2024-10-20 19:11:33,176 - INFO - Imputer saved to ./models/imputer_homegoals.pkl
2024-10-20 19:11:33,177 - INFO - Data prepared for modeling. Feature shape: (15352, 42), Target shape: (15352,)
2024-10-20 19:11:33,183 - INFO - Data split into train and test. Train shape: (12281, 42), Test shape: (3071, 42)
2024-10-20 19:11:33,195 - INFO - Data scaling completed.
2024-10-20 19:11:33,212 - INFO - Scaler saved to ./models/scaler_homegoals.pkl
2024-10-20 19:14:27,867 - INFO - Feature selection using RFE completed.
2024-10-20 19:14:29,022 - INFO - RFE selector saved to ./models/rfe_homegoals_selector.pkl
2024-10-20 19:16:15,211 - INFO - Stacking model for home Goals trained successfully.
2024-10-20 19:16:16,394 - INFO - Home Goals Stacking Model MSE: 0.06719296277055663, R2: 0.9536995191965124
2024-10-20 19:16:19,799 - INFO - Assets written to: C:\Users\szita\AppData\Local\Temp\tmp5tk7zwgl\assets
2024-10-20 19:16:19,870 - INFO - Stacking model for home goals (without Keras) saved to ./models/homescore_stacking_model.pkl
2024-10-20 19:16:20,385 - INFO - Assets written to: ./models/nn_regressor_home_model\assets
2024-10-20 19:16:20,465 - INFO - Keras neural network model saved to ./models/nn_regressor_home_model
2024-10-20 19:32:49,838 - INFO - Model directory checked/created.
2024-10-20 19:32:50,005 - INFO - Data loaded from ./Model_build1/model_data_training.csv with shape: (15440, 50)
2024-10-20 19:32:50,022 - INFO - Data filtered to only include home_goals from 0 to 5. Filtered data shape: (15352, 50)
2024-10-20 19:32:50,022 - INFO - Numeric features selected: ['running_id', 'season_encoded', 'league_encoded', 'home_encoded', 'away_encoded', 'venue_encoded', 'away_league_position', 'Away_points_cum', 'Away_goal_difference_cum', 'Away_draws', 'away_draw_rate', 'away_average_points', 'Away_team_matches', 'away_win_rate', 'Away_wins', 'away_xG_rolling_avg', 'away_shots_on_target_accuracy_rolling_avg', 'away_shots_on_target_rolling_avg', 'away_saves_accuracy_rolling_avg', 'away_points_rolling_avg', 'away_goals_rolling_avg', 'away_goal_difference_rolling_avg', 'home_average_points', 'home_draw_rate', 'Home_draws', 'Home_goal_difference_cum', 'home_league_position', 'Home_team_matches', 'home_win_rate', 'Home_wins', 'HomeTeam_last_away_match', 'home_xG_rolling_avg', 'home_shots_on_target_rolling_avg', 'home_shots_on_target_accuracy_rolling_avg', 'home_saves_accuracy_rolling_avg', 'home_points_rolling_avg', 'Home_points_cum', 'home_goals_rolling_avg', 'home_goal_difference_rolling_avg', 'referee_foul_rate', 'referee_encoded', 'home_advantage']
2024-10-20 19:32:52,687 - INFO - Imputer saved to ./models/imputer_homegoals.pkl
2024-10-20 19:32:52,689 - INFO - Data prepared for modeling. Feature shape: (15352, 42), Target shape: (15352,)
2024-10-20 19:32:52,694 - INFO - Data split into train and test. Train shape: (12281, 42), Test shape: (3071, 42)
2024-10-20 19:32:52,706 - INFO - Data scaling completed.
2024-10-20 19:32:52,721 - INFO - Scaler saved to ./models/scaler_homegoals.pkl
2024-10-20 19:35:18,138 - INFO - Model directory checked/created.
2024-10-20 19:35:18,321 - INFO - Data loaded from ./Model_build1/model_data_training.csv with shape: (15440, 50)
2024-10-20 19:35:18,322 - INFO - Data filtered to only include home_goals from 0 to 5. Filtered data shape: (15352, 50)
2024-10-20 19:35:18,322 - INFO - Numeric features selected: ['running_id', 'season_encoded', 'league_encoded', 'home_encoded', 'away_encoded', 'venue_encoded', 'away_league_position', 'Away_points_cum', 'Away_goal_difference_cum', 'Away_draws', 'away_draw_rate', 'away_average_points', 'Away_team_matches', 'away_win_rate', 'Away_wins', 'away_xG_rolling_avg', 'away_shots_on_target_accuracy_rolling_avg', 'away_shots_on_target_rolling_avg', 'away_saves_accuracy_rolling_avg', 'away_points_rolling_avg', 'away_goals_rolling_avg', 'away_goal_difference_rolling_avg', 'home_average_points', 'home_draw_rate', 'Home_draws', 'Home_goal_difference_cum', 'home_league_position', 'Home_team_matches', 'home_win_rate', 'Home_wins', 'HomeTeam_last_away_match', 'home_xG_rolling_avg', 'home_shots_on_target_rolling_avg', 'home_shots_on_target_accuracy_rolling_avg', 'home_saves_accuracy_rolling_avg', 'home_points_rolling_avg', 'Home_points_cum', 'home_goals_rolling_avg', 'home_goal_difference_rolling_avg', 'referee_foul_rate', 'referee_encoded', 'home_advantage']
2024-10-20 19:35:21,072 - INFO - Imputer saved to ./models/imputer_homegoals.pkl
2024-10-20 19:35:21,072 - INFO - Data prepared for modeling. Feature shape: (15352, 42), Target shape: (15352,)
2024-10-20 19:35:21,072 - INFO - Data split into train and test. Train shape: (12281, 42), Test shape: (3071, 42)
2024-10-20 19:35:21,088 - INFO - Data scaling completed.
2024-10-20 19:35:21,107 - INFO - Scaler saved to ./models/scaler_homegoals.pkl
2024-10-20 19:38:14,855 - INFO - Feature selection using RFE completed.
2024-10-20 19:38:15,955 - INFO - RFE selector saved to ./models/rfe_homegoals_selector.pkl
2024-10-20 19:40:03,671 - INFO - Stacking model for home Goals trained successfully.
2024-10-20 19:40:04,845 - INFO - Home Goals Stacking Model MSE: 0.06502882977972119, R2: 0.9551907527106607
2024-10-20 19:40:05,239 - INFO - Assets written to: C:\Users\szita\AppData\Local\Temp\tmpcr1i47ua\assets
2024-10-20 19:40:05,305 - INFO - Stacking model for home goals (without Keras) saved to ./models/homescore_stacking_model.pkl
2024-10-20 19:40:05,754 - INFO - Assets written to: ./models/nn_regressor_home_model\assets
2024-10-20 19:40:05,821 - INFO - Keras neural network model saved to ./models/nn_regressor_home_model
2024-10-20 19:53:29,255 - INFO - Model directory checked/created.
2024-10-20 19:53:29,405 - INFO - Data loaded from ./Model_build1/model_data_training.csv with shape: (15440, 50)
2024-10-20 19:53:29,422 - INFO - Data filtered to only include home_goals from 0 to 5. Filtered data shape: (15352, 50)
2024-10-20 19:53:29,422 - INFO - Numeric features selected: ['running_id', 'season_encoded', 'league_encoded', 'home_encoded', 'away_encoded', 'venue_encoded', 'away_league_position', 'Away_points_cum', 'Away_goal_difference_cum', 'Away_draws', 'away_draw_rate', 'away_average_points', 'Away_team_matches', 'away_win_rate', 'Away_wins', 'away_xG_rolling_avg', 'away_shots_on_target_accuracy_rolling_avg', 'away_shots_on_target_rolling_avg', 'away_saves_accuracy_rolling_avg', 'away_points_rolling_avg', 'away_goals_rolling_avg', 'away_goal_difference_rolling_avg', 'home_average_points', 'home_draw_rate', 'Home_draws', 'Home_goal_difference_cum', 'home_league_position', 'Home_team_matches', 'home_win_rate', 'Home_wins', 'HomeTeam_last_away_match', 'home_xG_rolling_avg', 'home_shots_on_target_rolling_avg', 'home_shots_on_target_accuracy_rolling_avg', 'home_saves_accuracy_rolling_avg', 'home_points_rolling_avg', 'Home_points_cum', 'home_goals_rolling_avg', 'home_goal_difference_rolling_avg', 'referee_foul_rate', 'referee_encoded', 'home_advantage']
2024-10-20 19:53:31,988 - INFO - Imputer saved to ./models/imputer_homegoals.pkl
2024-10-20 19:53:31,988 - INFO - Data prepared for modeling. Feature shape: (15352, 42), Target shape: (15352,)
2024-10-20 19:53:31,988 - INFO - Data split into train and test. Train shape: (12281, 42), Test shape: (3071, 42)
2024-10-20 19:53:32,008 - INFO - Data scaling completed.
2024-10-20 19:53:32,032 - INFO - Scaler saved to ./models/scaler_homegoals.pkl
2024-10-20 19:56:28,170 - INFO - Feature selection using RFE completed.
2024-10-20 19:56:29,142 - INFO - RFE selector saved to ./models/rfe_homegoals_selector.pkl
2024-10-20 19:58:19,244 - INFO - Stacking model for home Goals trained successfully.
2024-10-20 19:58:20,467 - INFO - Home Goals Stacking Model MSE: 0.06756408199317536, R2: 0.9534437930351085
2024-10-20 19:58:20,912 - INFO - Assets written to: C:\Users\szita\AppData\Local\Temp\tmpf8x6jzo5\assets
2024-10-20 19:58:20,971 - INFO - Stacking model for home goals (without Keras) saved to ./models/homescore_stacking_model.pkl
2024-10-20 19:58:21,438 - INFO - Assets written to: ./models/nn_regressor_home_model\assets
2024-10-20 19:58:21,526 - INFO - Keras neural network model saved to ./models/nn_regressor_home_model
2024-10-20 20:10:34,730 - INFO - Model directory checked/created.
2024-10-20 20:10:34,892 - INFO - Data loaded from ./Model_build1/model_data_training.csv with shape: (15440, 50)
2024-10-20 20:10:34,892 - INFO - Data filtered to only include home_goals from 0 to 5. Filtered data shape: (15352, 50)
2024-10-20 20:10:34,908 - INFO - Numeric features selected: ['running_id', 'season_encoded', 'league_encoded', 'home_encoded', 'away_encoded', 'venue_encoded', 'away_league_position', 'Away_points_cum', 'Away_goal_difference_cum', 'Away_draws', 'away_draw_rate', 'away_average_points', 'Away_team_matches', 'away_win_rate', 'Away_wins', 'away_xG_rolling_avg', 'away_shots_on_target_accuracy_rolling_avg', 'away_shots_on_target_rolling_avg', 'away_saves_accuracy_rolling_avg', 'away_points_rolling_avg', 'away_goals_rolling_avg', 'away_goal_difference_rolling_avg', 'home_average_points', 'home_draw_rate', 'Home_draws', 'Home_goal_difference_cum', 'home_league_position', 'Home_team_matches', 'home_win_rate', 'Home_wins', 'HomeTeam_last_away_match', 'home_xG_rolling_avg', 'home_shots_on_target_rolling_avg', 'home_shots_on_target_accuracy_rolling_avg', 'home_saves_accuracy_rolling_avg', 'home_points_rolling_avg', 'Home_points_cum', 'home_goals_rolling_avg', 'home_goal_difference_rolling_avg', 'referee_foul_rate', 'referee_encoded', 'home_advantage']
2024-10-20 20:10:37,605 - INFO - Imputer saved to ./models/imputer_homegoals.pkl
2024-10-20 20:10:37,605 - INFO - Data prepared for modeling. Feature shape: (15352, 42), Target shape: (15352,)
2024-10-20 20:10:37,605 - INFO - Data split into train and test. Train shape: (12281, 42), Test shape: (3071, 42)
2024-10-20 20:10:37,624 - INFO - Data scaling completed.
2024-10-20 20:10:37,635 - INFO - Scaler saved to ./models/scaler_homegoals.pkl
2024-10-20 20:13:30,139 - INFO - Feature selection using RFE completed.
2024-10-20 20:13:31,237 - INFO - RFE selector saved to ./models/rfe_homegoals_selector.pkl
2024-10-20 20:15:16,921 - INFO - Stacking model for home Goals trained successfully.
2024-10-20 20:15:18,097 - INFO - Home Goals Stacking Model MSE: 0.06689954903005803, R2: 0.9539017010426355
2024-10-20 20:15:18,522 - INFO - Assets written to: C:\Users\szita\AppData\Local\Temp\tmpwdqvh264\assets
2024-10-20 20:15:18,589 - INFO - Stacking model for home goals (without Keras) saved to ./models/homescore_stacking_model.pkl
2024-10-20 20:15:19,054 - INFO - Assets written to: ./models/nn_regressor_home_model\assets
2024-10-20 20:15:19,122 - INFO - Keras neural network model saved to ./models/nn_regressor_home_model
2024-10-20 20:15:19,188 - INFO - Imputer loaded from ./models/imputer_homegoals.pkl
2024-10-20 20:15:20,397 - INFO - New data loaded from ./Model_build1/merged_data_prediction.xlsx with shape: (3907, 42)
2024-10-20 20:22:56,822 - INFO - Model directory checked/created.
2024-10-20 20:22:57,005 - INFO - Data loaded from ./Model_build1/model_data_training.csv with shape: (15440, 50)
2024-10-20 20:22:57,022 - INFO - Data filtered to only include home_goals from 0 to 5. Filtered data shape: (15352, 50)
2024-10-20 20:22:57,022 - INFO - Numeric features selected: ['running_id', 'season_encoded', 'league_encoded', 'home_encoded', 'away_encoded', 'venue_encoded', 'away_league_position', 'Away_points_cum', 'Away_goal_difference_cum', 'Away_draws', 'away_draw_rate', 'away_average_points', 'Away_team_matches', 'away_win_rate', 'Away_wins', 'away_xG_rolling_avg', 'away_shots_on_target_accuracy_rolling_avg', 'away_shots_on_target_rolling_avg', 'away_saves_accuracy_rolling_avg', 'away_points_rolling_avg', 'away_goals_rolling_avg', 'away_goal_difference_rolling_avg', 'home_average_points', 'home_draw_rate', 'Home_draws', 'Home_goal_difference_cum', 'home_league_position', 'Home_team_matches', 'home_win_rate', 'Home_wins', 'HomeTeam_last_away_match', 'home_xG_rolling_avg', 'home_shots_on_target_rolling_avg', 'home_shots_on_target_accuracy_rolling_avg', 'home_saves_accuracy_rolling_avg', 'home_points_rolling_avg', 'Home_points_cum', 'home_goals_rolling_avg', 'home_goal_difference_rolling_avg', 'referee_foul_rate', 'referee_encoded', 'home_advantage']
2024-10-20 20:22:59,721 - INFO - Imputer saved to ./models/imputer_homegoals.pkl
2024-10-20 20:22:59,722 - INFO - Data prepared for modeling. Feature shape: (15352, 42), Target shape: (15352,)
2024-10-20 20:22:59,722 - INFO - Data split into train and test. Train shape: (12281, 42), Test shape: (3071, 42)
2024-10-20 20:22:59,740 - INFO - Data scaling completed.
2024-10-20 20:22:59,755 - INFO - Scaler saved to ./models/scaler_homegoals.pkl
2024-10-20 20:25:58,019 - INFO - Feature selection using RFE completed.
2024-10-20 20:25:59,223 - INFO - RFE selector saved to ./models/rfe_homegoals_selector.pkl
2024-10-20 20:27:56,421 - INFO - Stacking model for home Goals trained successfully.
2024-10-20 20:27:57,838 - INFO - Home Goals Stacking Model MSE: 0.06771508571058682, R2: 0.9533397412947032
2024-10-20 20:27:58,305 - INFO - Assets written to: C:\Users\szita\AppData\Local\Temp\tmpfael15tf\assets
2024-10-20 20:27:58,375 - INFO - Stacking model for home goals (without Keras) saved to ./models/homescore_stacking_model.pkl
2024-10-20 20:27:58,873 - INFO - Assets written to: ./models/nn_regressor_home_model\assets
2024-10-20 20:27:58,964 - INFO - Keras neural network model saved to ./models/nn_regressor_home_model
2024-10-20 20:27:59,041 - INFO - Imputer loaded from ./models/imputer_homegoals.pkl
2024-10-20 20:28:00,356 - INFO - New data loaded from ./Model_build1/merged_data_prediction.xlsx with shape: (3907, 42)
