2024-10-15 21:50:53,966 - INFO - Model directory checked/created at: ./models/
2024-10-15 21:51:00,275 - INFO - Data loaded successfully with 10360 rows and 94 columns from ./Model_build1/model_data_latest.xlsx
2024-10-15 21:51:00,275 - INFO - Data is valid for processing with 10360 rows.
2024-10-15 21:51:00,590 - INFO - Class distribution in training data: Counter({1: 2872, 0: 2055, 2: 1956, 3: 924, 4: 358, 5: 123})
2024-10-15 21:51:00,590 - INFO - Training set size: 8288 rows, Test set size: 2072 rows.
2024-10-15 21:51:00,769 - INFO - Resampled data has 12330 rows.
2024-10-15 21:51:00,771 - INFO - Training baseline Random Forest Classifier...
2024-10-15 21:51:03,219 - INFO - Baseline Random Forest Classifier Accuracy: 0.7866795366795367
2024-10-15 21:51:03,219 - INFO - Precision (Macro Average): 0.792978754622156
2024-10-15 21:51:03,219 - INFO - Recall (Macro Average): 0.7805444261459549
2024-10-15 21:51:03,235 - INFO - F1-Score (Macro Average): 0.7724210811909092
2024-10-15 21:51:12,851 - INFO - Cross-Validation Accuracy Scores: [0.95579886 0.95742092 0.96553122 0.96025953 0.96107056]
2024-10-15 21:51:12,853 - INFO - Mean Accuracy: 0.9600, Standard Deviation: 0.0033
2024-10-15 21:51:12,855 - INFO - Starting GridSearchCV for Random Forest...






2024-10-15 21:51:47,501 - INFO - Model directory checked/created at: ./models/
2024-10-15 21:51:54,083 - INFO - Data loaded successfully with 10360 rows and 94 columns from ./Model_build1/model_data_latest.xlsx
2024-10-15 21:51:54,083 - INFO - Data is valid for processing with 10360 rows.
2024-10-15 21:51:54,397 - INFO - Class distribution in training data: Counter({1: 2872, 0: 2055, 2: 1956, 3: 924, 4: 358, 5: 123})
2024-10-15 21:51:54,400 - INFO - Training set size: 8288 rows, Test set size: 2072 rows.
2024-10-15 21:51:54,563 - INFO - Resampled data has 12330 rows.
2024-10-15 21:51:54,563 - INFO - Training baseline Random Forest Classifier...
2024-10-15 21:51:56,932 - INFO - Baseline Random Forest Classifier Accuracy: 0.8083976833976834
2024-10-15 21:51:56,933 - INFO - Precision (Macro Average): 0.8178728213082501
2024-10-15 21:51:56,935 - INFO - Recall (Macro Average): 0.803094016822839
2024-10-15 21:51:56,936 - INFO - F1-Score (Macro Average): 0.7987742345670076
2024-10-15 21:52:06,734 - INFO - Cross-Validation Accuracy Scores: [0.95336577 0.95498783 0.96390916 0.95498783 0.95863747]
2024-10-15 21:52:06,737 - INFO - Mean Accuracy: 0.9572, Standard Deviation: 0.0038
2024-10-15 21:52:06,738 - INFO - Starting GridSearchCV for Random Forest...
2024-10-15 21:57:55,755 - INFO - Best Hyperparameters from Random Forest GridSearchCV:
2024-10-15 21:57:55,834 - INFO - Calculating feature importances...
2024-10-15 21:57:55,850 - INFO - Feature Importances (Sorted):
2024-10-15 21:57:55,851 - INFO - home_goals_rolling_avg: 0.3085811050575892
2024-10-15 21:57:55,855 - INFO - away_goal_difference_rolling_avg: 0.10147425917770107
2024-10-15 21:57:55,857 - INFO - away_saves_accuracy_rolling_avg: 0.0803401751414624
2024-10-15 21:57:55,860 - INFO - home_goal_difference_rolling_avg: 0.07580522446513985
2024-10-15 21:57:55,860 - INFO - away_goals_rolling_avg: 0.056595270185280266
2024-10-15 21:57:55,866 - INFO - home_shots_on_target_rolling_avg: 0.041654740841002354
2024-10-15 21:57:55,869 - INFO - home_points_rolling_avg: 0.03972110743866202
2024-10-15 21:57:55,871 - INFO - home_saves_accuracy_rolling_avg: 0.03534159138646081
2024-10-15 21:57:55,873 - INFO - away_points_rolling_avg: 0.029074989879194692
2024-10-15 21:57:55,873 - INFO - away_shots_on_target_rolling_avg: 0.018758332466289815
2024-10-15 21:57:55,873 - INFO - home_goal_diff_cumulative: 0.017487030676244995
2024-10-15 21:57:55,873 - INFO - home_strength_index: 0.017345831074618394
2024-10-15 21:57:55,884 - INFO - away_strength_index: 0.01684055687285947
2024-10-15 21:57:55,885 - INFO - away_goal_diff_cumulative: 0.016593850019149016
2024-10-15 21:57:55,885 - INFO - home_win_rate: 0.0164310766941559
2024-10-15 21:57:55,885 - INFO - away_xG_rolling_avg: 0.016073559033114946
2024-10-15 21:57:55,885 - INFO - home_xG_rolling_avg: 0.015991492350181553
2024-10-15 21:57:55,885 - INFO - home_team_average_points: 0.015116263621504252
2024-10-15 21:57:55,885 - INFO - home_points_cumulative: 0.014525349369614592
2024-10-15 21:57:55,901 - INFO - away_draw_rate: 0.014099817843728098
2024-10-15 21:57:55,901 - INFO - away_team_average_points: 0.013844284192424727
2024-10-15 21:57:55,901 - INFO - home_draw_rate: 0.012980614767260737
2024-10-15 21:57:55,901 - INFO - away_points_cumulative: 0.012748524847528994
2024-10-15 21:57:55,901 - INFO - away_win_rate: 0.01257495259883191
2024-10-15 21:58:01,315 - INFO - Starting XGBoost classifier training...
2024-10-15 23:10:33,166 - INFO - Best Hyperparameters for XGBoost: {'colsample_bytree': 1.0, 'gamma': 0, 'learning_rate': 0.1, 'max_depth': 6, 'min_child_weight': 1, 'n_estimators': 300, 'subsample': 0.8}
2024-10-15 23:10:33,198 - INFO - Tuned XGBoost Model Accuracy: 0.8344594594594594
2024-10-15 23:10:33,526 - INFO - XGBoost model saved at ./models/.
2024-10-15 23:10:43,145 - INFO - Cross-Validation Accuracy Scores for XGBoost: [0.96350365 0.96958637 0.97445255 0.96472019 0.9703974 ]
2024-10-15 23:10:43,145 - INFO - Mean Accuracy: 0.9685, Standard Deviation: 0.0040
2024-10-15 23:54:18,216 - INFO - Model directory checked/created at: ./models/
2024-10-15 23:54:23,492 - INFO - Data loaded successfully with 10360 rows and 94 columns from ./Model_build1/model_data_latest.xlsx
2024-10-15 23:54:23,494 - INFO - Data is valid for processing with 10360 rows.
2024-10-15 23:54:23,822 - INFO - Class distribution in training data: Counter({1: 2872, 0: 2055, 2: 1956, 3: 924, 4: 358, 5: 123})
2024-10-15 23:54:23,825 - INFO - Training set size: 8288 rows, Test set size: 2072 rows.
2024-10-15 23:54:23,984 - INFO - Resampled data has 12330 rows.
2024-10-15 23:54:23,987 - INFO - Training baseline Random Forest Classifier...
2024-10-15 23:54:26,780 - INFO - Baseline Random Forest Classifier Accuracy: 0.806949806949807
2024-10-15 23:54:26,782 - INFO - Precision (Macro Average): 0.8142419600990373
2024-10-15 23:54:26,784 - INFO - Recall (Macro Average): 0.8115480637698597
2024-10-15 23:54:26,786 - INFO - F1-Score (Macro Average): 0.8017492843188133
2024-10-15 23:54:26,791 - INFO - Baseline Classification Report:
               precision    recall  f1-score   support

           0       0.72      0.95      0.81       504
           1       0.98      0.62      0.76       698
           2       0.82      0.94      0.88       528
           3       0.71      0.81      0.76       216
           4       0.79      0.72      0.75        95
           5       0.87      0.84      0.85        31

    accuracy                           0.81      2072
   macro avg       0.81      0.81      0.80      2072
weighted avg       0.84      0.81      0.80      2072

2024-10-15 23:54:37,923 - INFO - Cross-Validation Accuracy Scores: [0.95336577 0.95823195 0.96553122 0.96309813 0.95539335]
2024-10-15 23:54:37,923 - INFO - Mean Accuracy: 0.9591, Standard Deviation: 0.0046
2024-10-15 23:54:37,923 - INFO - Starting GridSearchCV for Random Forest...
2024-10-16 00:01:34,456 - INFO - Best Hyperparameters from Random Forest GridSearchCV: {'max_depth': None, 'min_samples_leaf': 1, 'min_samples_split': 2, 'n_estimators': 500}
2024-10-16 00:01:34,586 - INFO - Tuned Random Forest Classification Report:
               precision    recall  f1-score   support

           0       0.74      0.96      0.83       504
           1       0.99      0.64      0.77       698
           2       0.81      0.93      0.86       528
           3       0.72      0.81      0.77       216
           4       0.79      0.71      0.74        95
           5       0.84      0.84      0.84        31

    accuracy                           0.81      2072
   macro avg       0.81      0.81      0.80      2072
weighted avg       0.84      0.81      0.81      2072

2024-10-16 00:01:34,588 - INFO - Calculating feature importances...
2024-10-16 00:01:34,609 - INFO - Feature Importances (Sorted):
2024-10-16 00:01:34,609 - INFO - home_goals_rolling_avg: 0.322691133239667
2024-10-16 00:01:34,609 - INFO - away_goal_difference_rolling_avg: 0.09582835605414308
2024-10-16 00:01:34,609 - INFO - home_goal_difference_rolling_avg: 0.08294762386240254
2024-10-16 00:01:34,609 - INFO - away_saves_accuracy_rolling_avg: 0.0764606646465974
2024-10-16 00:01:34,609 - INFO - away_goals_rolling_avg: 0.05825381977063939
2024-10-16 00:01:34,609 - INFO - home_points_rolling_avg: 0.042847669578621
2024-10-16 00:01:34,609 - INFO - home_shots_on_target_rolling_avg: 0.03794974587522656
2024-10-16 00:01:34,623 - INFO - home_saves_accuracy_rolling_avg: 0.03618231213848291
2024-10-16 00:01:34,625 - INFO - away_points_rolling_avg: 0.0276409284997444
2024-10-16 00:01:34,625 - INFO - away_shots_on_target_rolling_avg: 0.017948272165227735
2024-10-16 00:01:34,625 - INFO - home_strength_index: 0.015442710532604138
2024-10-16 00:01:34,625 - INFO - home_goal_diff_cumulative: 0.015296600677622715
2024-10-16 00:01:34,625 - INFO - away_goal_diff_cumulative: 0.015124095563769011
2024-10-16 00:01:34,640 - INFO - away_strength_index: 0.015096909641609358
2024-10-16 00:01:34,642 - INFO - home_win_rate: 0.013954864953880429
2024-10-16 00:01:34,644 - INFO - home_points_cumulative: 0.012994217985589656
2024-10-16 00:01:34,645 - INFO - away_xG_rolling_avg: 0.012783605261800762
2024-10-16 00:01:34,647 - INFO - home_team_average_points: 0.012774023516013621
2024-10-16 00:01:34,648 - INFO - home_xG_rolling_avg: 0.012552844026174353
2024-10-16 00:01:34,650 - INFO - away_draw_rate: 0.012274896034036125
2024-10-16 00:01:34,651 - INFO - away_team_average_points: 0.011981142544365353
2024-10-16 00:01:34,653 - INFO - away_points_cumulative: 0.011844998941573044
2024-10-16 00:01:34,654 - INFO - home_draw_rate: 0.011480610756333307
2024-10-16 00:01:34,655 - INFO - away_win_rate: 0.010618516772214362
2024-10-16 00:01:34,657 - INFO - league_encoded: 0.00930321946140449
2024-10-16 00:01:34,659 - INFO - season_encoded: 0.007726217500257121
2024-10-16 00:01:43,614 - INFO - Starting XGBoost classifier training...
2024-10-16 00:01:52,468 - INFO - Best Hyperparameters for XGBoost: {'colsample_bytree': 1.0, 'gamma': 0, 'learning_rate': 0.1, 'max_depth': 6, 'min_child_weight': 1, 'n_estimators': 300, 'subsample': 0.8}
2024-10-16 00:01:52,484 - INFO - Tuned XGBoost Model Accuracy: 0.8252895752895753
2024-10-16 00:01:52,499 - INFO - Tuned XGBoost Classification Report:
               precision    recall  f1-score   support

           0       0.75      0.96      0.84       504
           1       0.98      0.66      0.79       698
           2       0.82      0.95      0.88       528
           3       0.75      0.82      0.78       216
           4       0.85      0.71      0.77        95
           5       0.79      0.84      0.81        31

    accuracy                           0.83      2072
   macro avg       0.82      0.82      0.81      2072
weighted avg       0.85      0.83      0.82      2072

2024-10-16 00:01:52,800 - INFO - XGBoost model saved at ./models/.
2024-10-16 00:02:02,898 - INFO - Cross-Validation Accuracy Scores for XGBoost: [0.96431468 0.96796431 0.97242498 0.96512571 0.96918086]
2024-10-16 00:02:02,898 - INFO - Mean Accuracy: 0.9678, Standard Deviation: 0.0029
2024-10-16 00:05:30,236 - INFO - Model directory checked/created at: ./models/
2024-10-16 00:05:36,691 - INFO - Data loaded successfully with 10360 rows and 94 columns from ./Model_build1/model_data_latest.xlsx
2024-10-16 00:05:36,691 - INFO - Data is valid for processing with 10360 rows.
2024-10-16 00:05:38,073 - INFO - Class distribution in training data: Counter({1: 2872, 0: 2055, 2: 1956, 3: 924, 4: 358, 5: 123})
2024-10-16 00:05:38,074 - INFO - Training set size: 8288 rows, Test set size: 2072 rows.
2024-10-16 00:05:38,225 - INFO - Resampled data has 12330 rows.
2024-10-16 00:05:38,225 - INFO - Training baseline Random Forest Classifier...
2024-10-16 00:05:41,341 - INFO - Baseline Random Forest Classifier Accuracy: 0.7915057915057915
2024-10-16 00:05:41,341 - INFO - Precision (Macro Average): 0.8169106986348053
2024-10-16 00:05:41,341 - INFO - Recall (Macro Average): 0.8027983170186802
2024-10-16 00:05:41,341 - INFO - F1-Score (Macro Average): 0.795064434507094
2024-10-16 00:05:41,358 - INFO - Baseline Classification Report:
               precision    recall  f1-score   support

           0       0.68      0.96      0.80       504
           1       0.99      0.57      0.72       698
           2       0.81      0.93      0.87       528
           3       0.74      0.80      0.77       216
           4       0.76      0.72      0.74        95
           5       0.93      0.84      0.88        31

    accuracy                           0.79      2072
   macro avg       0.82      0.80      0.80      2072
weighted avg       0.83      0.79      0.78      2072

2024-10-16 00:05:53,448 - INFO - Cross-Validation Accuracy Scores: [0.95458232 0.9622871  0.96512571 0.96147607 0.95701541]
2024-10-16 00:05:53,451 - INFO - Mean Accuracy: 0.9601, Standard Deviation: 0.0038
2024-10-16 00:05:53,452 - INFO - Starting GridSearchCV for Random Forest...
2024-10-16 00:06:23,840 - INFO - Best Hyperparameters from Random Forest GridSearchCV: {'max_depth': None, 'min_samples_leaf': 1, 'min_samples_split': 2, 'n_estimators': 500}
2024-10-16 00:06:23,958 - INFO - Tuned Random Forest Model Accuracy: 0.7905405405405406
2024-10-16 00:06:23,963 - INFO - Tuned Random Forest Classification Report:
               precision    recall  f1-score   support

           0       0.68      0.96      0.80       504
           1       0.98      0.56      0.72       698
           2       0.81      0.93      0.87       528
           3       0.73      0.81      0.77       216
           4       0.77      0.73      0.75        95
           5       0.89      0.77      0.83        31

    accuracy                           0.79      2072
   macro avg       0.81      0.79      0.79      2072
weighted avg       0.83      0.79      0.78      2072

2024-10-16 00:06:23,963 - INFO - Calculating feature importances...
2024-10-16 00:06:23,980 - INFO - Feature Importances (Sorted):
2024-10-16 00:06:23,991 - INFO - home_goals_rolling_avg: 0.31500656829148727
2024-10-16 00:06:23,993 - INFO - away_goal_difference_rolling_avg: 0.0914127334823024
2024-10-16 00:06:23,994 - INFO - away_saves_accuracy_rolling_avg: 0.08086867022150215
2024-10-16 00:06:23,996 - INFO - home_goal_difference_rolling_avg: 0.0775863590392603
2024-10-16 00:06:23,996 - INFO - away_goals_rolling_avg: 0.052132817415082876
2024-10-16 00:06:23,996 - INFO - home_points_rolling_avg: 0.04122686974647113
2024-10-16 00:06:23,996 - INFO - home_shots_on_target_rolling_avg: 0.03675809425860727
2024-10-16 00:06:23,996 - INFO - home_saves_accuracy_rolling_avg: 0.03427837696217826
2024-10-16 00:06:23,996 - INFO - away_points_rolling_avg: 0.025713048407841995
2024-10-16 00:06:23,996 - INFO - away_shots_on_target_ratio: 0.017733469960948895
2024-10-16 00:06:24,006 - INFO - home_shots_on_target_ratio: 0.01732954088876265
2024-10-16 00:06:24,008 - INFO - away_shots_on_target_rolling_avg: 0.015473128667083521
2024-10-16 00:06:24,009 - INFO - away_goal_diff_cumulative: 0.015272382728551073
2024-10-16 00:06:24,012 - INFO - home_goal_diff_cumulative: 0.015023155210810452
2024-10-16 00:06:24,012 - INFO - home_strength_index: 0.01468053561761909
2024-10-16 00:06:24,012 - INFO - home_win_rate: 0.014522741853837468
2024-10-16 00:06:24,012 - INFO - away_strength_index: 0.014270511533480894
2024-10-16 00:06:24,012 - INFO - away_xG_rolling_avg: 0.013505564371431472
2024-10-16 00:06:24,012 - INFO - home_xG_rolling_avg: 0.012477697865309318
2024-10-16 00:06:24,012 - INFO - home_team_average_points: 0.012220949248217067
2024-10-16 00:06:24,024 - INFO - home_points_cumulative: 0.01209057770919033
2024-10-16 00:06:24,024 - INFO - away_points_cumulative: 0.011496534320047012
2024-10-16 00:06:24,024 - INFO - away_draw_rate: 0.011100877041104868
2024-10-16 00:06:24,024 - INFO - away_team_average_points: 0.010940973496589077
2024-10-16 00:06:24,024 - INFO - away_win_rate: 0.010090008406220404
2024-10-16 00:06:24,024 - INFO - home_draw_rate: 0.009787132568980523
2024-10-16 00:06:24,024 - INFO - league_encoded: 0.008727589585419528
2024-10-16 00:06:24,024 - INFO - season_encoded: 0.00827309110166275
2024-10-16 00:06:32,774 - INFO - Starting XGBoost classifier training...
2024-10-16 00:06:43,417 - INFO - Best Hyperparameters for XGBoost: {'colsample_bytree': 1.0, 'gamma': 0, 'learning_rate': 0.1, 'max_depth': 6, 'min_child_weight': 1, 'n_estimators': 300, 'subsample': 0.8}
2024-10-16 00:06:43,431 - INFO - Tuned XGBoost Model Accuracy: 0.8378378378378378
2024-10-16 00:06:43,441 - INFO - Tuned XGBoost Classification Report:
               precision    recall  f1-score   support

           0       0.76      0.97      0.85       504
           1       0.99      0.69      0.81       698
           2       0.82      0.95      0.88       528
           3       0.76      0.82      0.79       216
           4       0.82      0.71      0.76        95
           5       0.83      0.77      0.80        31

    accuracy                           0.84      2072
   macro avg       0.83      0.82      0.82      2072
weighted avg       0.86      0.84      0.84      2072

2024-10-16 00:06:43,726 - INFO - XGBoost model saved at ./models/.
2024-10-16 00:06:53,949 - INFO - Cross-Validation Accuracy Scores for XGBoost: [0.96472019 0.96918086 0.97283049 0.96715328 0.96593674]
2024-10-16 00:06:53,949 - INFO - Mean Accuracy: 0.9680, Standard Deviation: 0.0028
