2024-10-19 04:04:38,991 - INFO - Model directory checked/created.
2024-10-19 04:04:39,087 - INFO - Data loaded from ./Model_build1/model_data_training.csv with shape: (15440, 50)
2024-10-19 04:04:39,090 - INFO - Numeric features selected: ['running_id', 'season_encoded', 'league_encoded', 'home_encoded', 'away_encoded', 'venue_encoded', 'match_outcome', 'away_league_position', 'Away_points_cum', 'Away_goal_difference_cum', 'Away_draws', 'away_draw_rate', 'away_average_points', 'Away_team_matches', 'away_goals', 'away_win_rate összege', 'Away_wins összege', 'away_xG_rolling_avg összege', 'away_shots_on_target_accuracy_rolling_avg', 'away_shots_on_target_rolling_avg', 'away_saves_accuracy_rolling_avg', 'away_points_rolling_avg', 'away_goals_rolling_avg', 'away_goal_difference_rolling_avg', 'home_average_points', 'home_draw_rate', 'Home_draws', 'Home_goal_difference_cum', 'home_league_position', 'Home_team_matches', 'home_win_rate összege', 'Home_wins összege', 'HomeTeam_last_away_match', 'home_xG_rolling_avg', 'home_shots_on_target_rolling_avg', 'home_shots_on_target_accuracy_rolling_avg', 'home_saves_accuracy_rolling_avg', 'home_points_rolling_avg', 'Home_points_cum', 'home_goals_rolling_avg', 'home_goal_difference_rolling_avg', 'draw', 'away_win', 'home_goals', 'home_points', 'home_win', 'referee_foul_rate', 'referee_encoded', 'home_advantage']
2024-10-19 04:04:48,985 - INFO - Data prepared for Home Goals Prediction. Feature shape: (15440, 49), Target shape: (15440,)
2024-10-19 04:04:48,991 - INFO - Home Goals: Data split into train and test. Train shape: (12352, 49), Test shape: (3088, 49)
2024-10-19 04:04:49,004 - INFO - Home Goals: Data scaling completed.
2024-10-19 04:05:59,390 - INFO - Home Goals: Feature selection using RFE completed.
2024-10-19 04:05:59,418 - INFO - RFE selector for Home Goals saved.
2024-10-19 04:07:59,949 - INFO - Model directory checked/created.
2024-10-19 04:08:00,050 - INFO - Data loaded from ./Model_build1/model_data_training.csv with shape: (15440, 50)
2024-10-19 04:08:00,054 - INFO - Numeric features selected: ['running_id', 'season_encoded', 'league_encoded', 'home_encoded', 'away_encoded', 'venue_encoded', 'match_outcome', 'away_league_position', 'Away_points_cum', 'Away_goal_difference_cum', 'Away_draws', 'away_draw_rate', 'away_average_points', 'Away_team_matches', 'away_goals', 'away_win_rate összege', 'Away_wins összege', 'away_xG_rolling_avg összege', 'away_shots_on_target_accuracy_rolling_avg', 'away_shots_on_target_rolling_avg', 'away_saves_accuracy_rolling_avg', 'away_points_rolling_avg', 'away_goals_rolling_avg', 'away_goal_difference_rolling_avg', 'home_average_points', 'home_draw_rate', 'Home_draws', 'Home_goal_difference_cum', 'home_league_position', 'Home_team_matches', 'home_win_rate összege', 'Home_wins összege', 'HomeTeam_last_away_match', 'home_xG_rolling_avg', 'home_shots_on_target_rolling_avg', 'home_shots_on_target_accuracy_rolling_avg', 'home_saves_accuracy_rolling_avg', 'home_points_rolling_avg', 'Home_points_cum', 'home_goals_rolling_avg', 'home_goal_difference_rolling_avg', 'draw', 'away_win', 'home_goals', 'home_points', 'home_win', 'referee_foul_rate', 'referee_encoded', 'home_advantage']
2024-10-19 04:08:08,848 - INFO - Data prepared for Home Goals Prediction. Feature shape: (15440, 49), Target shape: (15440,)
2024-10-19 04:08:08,855 - INFO - Home Goals: Data split into train and test. Train shape: (12352, 49), Test shape: (3088, 49)
2024-10-19 04:08:08,869 - INFO - Home Goals: Data scaling completed.
2024-10-19 04:09:26,842 - INFO - Home Goals: Feature selection using RFE completed.
2024-10-19 04:09:26,874 - INFO - RFE selector for Home Goals saved.
2024-10-19 04:29:00,710 - INFO - Model directory checked/created.
2024-10-19 04:29:00,804 - INFO - Data loaded from ./Model_build1/model_data_training.csv with shape: (15440, 50)
2024-10-19 04:29:00,807 - INFO - Numeric features selected: ['running_id', 'season_encoded', 'league_encoded', 'home_encoded', 'away_encoded', 'venue_encoded', 'match_outcome', 'away_league_position', 'Away_points_cum', 'Away_goal_difference_cum', 'Away_draws', 'away_draw_rate', 'away_average_points', 'Away_team_matches', 'away_goals', 'away_win_rate összege', 'Away_wins összege', 'away_xG_rolling_avg összege', 'away_shots_on_target_accuracy_rolling_avg', 'away_shots_on_target_rolling_avg', 'away_saves_accuracy_rolling_avg', 'away_points_rolling_avg', 'away_goals_rolling_avg', 'away_goal_difference_rolling_avg', 'home_average_points', 'home_draw_rate', 'Home_draws', 'Home_goal_difference_cum', 'home_league_position', 'Home_team_matches', 'home_win_rate összege', 'Home_wins összege', 'HomeTeam_last_away_match', 'home_xG_rolling_avg', 'home_shots_on_target_rolling_avg', 'home_shots_on_target_accuracy_rolling_avg', 'home_saves_accuracy_rolling_avg', 'home_points_rolling_avg', 'Home_points_cum', 'home_goals_rolling_avg', 'home_goal_difference_rolling_avg', 'draw', 'away_win', 'home_goals', 'home_points', 'home_win', 'referee_foul_rate', 'referee_encoded', 'home_advantage']
2024-10-19 04:29:07,985 - INFO - Data prepared for Home Goals Prediction. Feature shape: (15440, 49), Target shape: (15440,)
2024-10-19 04:29:07,997 - INFO - Home Goals: Data split into train and test. Train shape: (12352, 49), Test shape: (3088, 49)
2024-10-19 04:29:08,016 - INFO - Home Goals: Data scaling completed.
2024-10-19 04:30:27,620 - INFO - Home Goals: Feature selection using RFE completed.
2024-10-19 04:30:27,653 - INFO - RFE selector for Home Goals saved.
