2024-10-19 19:53:38,589 - INFO - New data loaded from ./Model_build1/merged_data_prediction.xlsx with shape: (3907, 45)
2024-10-19 19:53:38,590 - INFO - Numeric features selected for prediction: ['running_id', 'home_advantage', 'home_encoded', 'away_encoded', 'venue_encoded', 'referee_encoded', 'season_encoded', 'league_encoded', 'away_league_position', 'Away_points_cum', 'Away_goal_difference_cum', 'Away_draws', 'away_draw_rate', 'away_average_points', 'Away_team_matches', 'away_goals', 'away_win_rate', 'Away_wins', 'away_xG_rolling_avg', 'away_shots_on_target_accuracy_rolling_avg', 'away_shots_on_target_rolling_avg', 'away_saves_accuracy_rolling_avg', 'away_points_rolling_avg', 'away_goals_rolling_avg', 'away_goal_difference_rolling_avg', 'home_average_points', 'home_draw_rate', 'Home_draws', 'Home_goal_difference_cum', 'home_league_position', 'Home_team_matches', 'home_win_rate', 'Home_wins', 'home_xG_rolling_avg', 'home_shots_on_target_rolling_avg', 'home_shots_on_target_accuracy_rolling_avg', 'home_saves_accuracy_rolling_avg', 'home_points_rolling_avg', 'Home_points_cum', 'home_goals_rolling_avg', 'home_goal_difference_rolling_avg', 'referee_foul_rate', 'home_advantage_home_advantage']
2024-10-19 19:53:38,595 - ERROR - Imputer file not found at ./models/imputer_homegoals.pkl
2024-10-19 21:15:00,695 - INFO - New data loaded from ./Model_build1/merged_data_prediction.xlsx with shape: (3907, 44)
2024-10-19 21:15:00,714 - INFO - Numeric features selected for prediction: ['running_id', 'home_encoded', 'away_encoded', 'season_encoded', 'league_encoded', 'venue_encoded', 'away_league_position', 'Away_points_cum', 'Away_goal_difference_cum', 'Away_draws', 'away_draw_rate', 'away_average_points', 'Away_team_matches', 'away_win_rate', 'Away_wins', 'away_xG_rolling_avg', 'away_shots_on_target_accuracy_rolling_avg', 'away_shots_on_target_rolling_avg', 'away_saves_accuracy_rolling_avg', 'away_points_rolling_avg', 'away_goals_rolling_avg', 'away_goal_difference_rolling_avg', 'home_average_points', 'home_draw_rate', 'Home_draws', 'Home_goal_difference_cum', 'home_league_position', 'Home_team_matches', 'home_win_rate', 'Home_wins', 'HomeTeam_last_away_match', 'home_xG_rolling_avg', 'home_shots_on_target_rolling_avg', 'home_shots_on_target_accuracy_rolling_avg', 'home_saves_accuracy_rolling_avg', 'home_points_rolling_avg', 'Home_points_cum', 'home_goals_rolling_avg', 'home_goal_difference_rolling_avg', 'referee_foul_rate', 'referee_encoded', 'home_advantage']
2024-10-19 21:15:00,811 - INFO - Imputer loaded from ./models/imputer_homegoals.pkl
2024-10-19 21:15:51,895 - INFO - New data loaded from ./Model_build1/merged_data_prediction.xlsx with shape: (3907, 44)
2024-10-19 21:15:51,895 - INFO - Numeric features selected for prediction: ['running_id', 'home_encoded', 'away_encoded', 'season_encoded', 'league_encoded', 'venue_encoded', 'away_league_position', 'Away_points_cum', 'Away_goal_difference_cum', 'Away_draws', 'away_draw_rate', 'away_average_points', 'Away_team_matches', 'away_win_rate', 'Away_wins', 'away_xG_rolling_avg', 'away_shots_on_target_accuracy_rolling_avg', 'away_shots_on_target_rolling_avg', 'away_saves_accuracy_rolling_avg', 'away_points_rolling_avg', 'away_goals_rolling_avg', 'away_goal_difference_rolling_avg', 'home_average_points', 'home_draw_rate', 'Home_draws', 'Home_goal_difference_cum', 'home_league_position', 'Home_team_matches', 'home_win_rate', 'Home_wins', 'HomeTeam_last_away_match', 'home_xG_rolling_avg', 'home_shots_on_target_rolling_avg', 'home_shots_on_target_accuracy_rolling_avg', 'home_saves_accuracy_rolling_avg', 'home_points_rolling_avg', 'Home_points_cum', 'home_goals_rolling_avg', 'home_goal_difference_rolling_avg', 'referee_foul_rate', 'referee_encoded', 'home_advantage']
2024-10-19 21:15:51,981 - INFO - Imputer loaded from ./models/imputer_homegoals.pkl
2024-10-19 21:15:51,981 - INFO - New data prepared for prediction with shape: (3907, 42)
2024-10-19 21:28:27,096 - INFO - New data loaded from ./Model_build1/merged_data_prediction.xlsx with shape: (3907, 42)
2024-10-19 21:28:27,096 - INFO - Numeric features selected for prediction: ['running_id', 'season_encoded', 'league_encoded', 'home_encoded', 'away_encoded', 'venue_encoded', 'away_league_position', 'Away_points_cum', 'Away_goal_difference_cum', 'Away_draws', 'away_draw_rate', 'away_average_points', 'Away_team_matches', 'away_win_rate', 'Away_wins', 'away_xG_rolling_avg', 'away_shots_on_target_accuracy_rolling_avg', 'away_shots_on_target_rolling_avg', 'away_saves_accuracy_rolling_avg', 'away_points_rolling_avg', 'away_goals_rolling_avg', 'away_goal_difference_rolling_avg', 'home_average_points', 'home_draw_rate', 'Home_draws', 'Home_goal_difference_cum', 'home_league_position', 'Home_team_matches', 'home_win_rate', 'Home_wins', 'HomeTeam_last_away_match', 'home_xG_rolling_avg', 'home_shots_on_target_rolling_avg', 'home_shots_on_target_accuracy_rolling_avg', 'home_saves_accuracy_rolling_avg', 'home_points_rolling_avg', 'Home_points_cum', 'home_goals_rolling_avg', 'home_goal_difference_rolling_avg', 'referee_foul_rate', 'referee_encoded', 'home_advantage']
2024-10-19 21:28:27,162 - INFO - Imputer loaded from ./models/imputer_homegoals.pkl
2024-10-19 21:28:27,217 - INFO - New data prepared for prediction with shape: (3907, 42)
2024-10-19 21:38:10,063 - INFO - New data loaded from ./Model_build1/merged_data_prediction.xlsx with shape: (3907, 42)
2024-10-19 21:38:10,079 - INFO - Numeric features selected for prediction: ['running_id', 'season_encoded', 'league_encoded', 'home_encoded', 'away_encoded', 'venue_encoded', 'away_league_position', 'Away_points_cum', 'Away_goal_difference_cum', 'Away_draws', 'away_draw_rate', 'away_average_points', 'Away_team_matches', 'away_win_rate', 'Away_wins', 'away_xG_rolling_avg', 'away_shots_on_target_accuracy_rolling_avg', 'away_shots_on_target_rolling_avg', 'away_saves_accuracy_rolling_avg', 'away_points_rolling_avg', 'away_goals_rolling_avg', 'away_goal_difference_rolling_avg', 'home_average_points', 'home_draw_rate', 'Home_draws', 'Home_goal_difference_cum', 'home_league_position', 'Home_team_matches', 'home_win_rate', 'Home_wins', 'HomeTeam_last_away_match', 'home_xG_rolling_avg', 'home_shots_on_target_rolling_avg', 'home_shots_on_target_accuracy_rolling_avg', 'home_saves_accuracy_rolling_avg', 'home_points_rolling_avg', 'Home_points_cum', 'home_goals_rolling_avg', 'home_goal_difference_rolling_avg', 'referee_foul_rate', 'referee_encoded', 'home_advantage']
2024-10-19 21:50:03,077 - INFO - New data loaded from ./Model_build1/merged_data_prediction.xlsx with shape: (3907, 42)
2024-10-19 21:50:03,080 - INFO - Numeric features selected for prediction: ['running_id', 'season_encoded', 'league_encoded', 'home_encoded', 'away_encoded', 'venue_encoded', 'away_league_position', 'Away_points_cum', 'Away_goal_difference_cum', 'Away_draws', 'away_draw_rate', 'away_average_points', 'Away_team_matches', 'away_win_rate', 'Away_wins', 'away_xG_rolling_avg', 'away_shots_on_target_accuracy_rolling_avg', 'away_shots_on_target_rolling_avg', 'away_saves_accuracy_rolling_avg', 'away_points_rolling_avg', 'away_goals_rolling_avg', 'away_goal_difference_rolling_avg', 'home_average_points', 'home_draw_rate', 'Home_draws', 'Home_goal_difference_cum', 'home_league_position', 'Home_team_matches', 'home_win_rate', 'Home_wins', 'HomeTeam_last_away_match', 'home_xG_rolling_avg', 'home_shots_on_target_rolling_avg', 'home_shots_on_target_accuracy_rolling_avg', 'home_saves_accuracy_rolling_avg', 'home_points_rolling_avg', 'Home_points_cum', 'home_goals_rolling_avg', 'home_goal_difference_rolling_avg', 'referee_foul_rate', 'referee_encoded', 'home_advantage']
2024-10-19 21:50:03,132 - INFO - Imputer loaded from ./models/imputer_homegoals.pkl
2024-10-19 21:50:03,230 - INFO - New data prepared for prediction with shape: (3907, 42)
2024-10-19 23:12:44,283 - INFO - New data loaded from ./Model_build1/merged_data_prediction.xlsx with shape: (3907, 42)
2024-10-19 23:12:44,286 - INFO - Numeric features selected for prediction: ['running_id', 'season_encoded', 'league_encoded', 'home_encoded', 'away_encoded', 'venue_encoded', 'away_league_position', 'Away_points_cum', 'Away_goal_difference_cum', 'Away_draws', 'away_draw_rate', 'away_average_points', 'Away_team_matches', 'away_win_rate', 'Away_wins', 'away_xG_rolling_avg', 'away_shots_on_target_accuracy_rolling_avg', 'away_shots_on_target_rolling_avg', 'away_saves_accuracy_rolling_avg', 'away_points_rolling_avg', 'away_goals_rolling_avg', 'away_goal_difference_rolling_avg', 'home_average_points', 'home_draw_rate', 'Home_draws', 'Home_goal_difference_cum', 'home_league_position', 'Home_team_matches', 'home_win_rate', 'Home_wins', 'HomeTeam_last_away_match', 'home_xG_rolling_avg', 'home_shots_on_target_rolling_avg', 'home_shots_on_target_accuracy_rolling_avg', 'home_saves_accuracy_rolling_avg', 'home_points_rolling_avg', 'Home_points_cum', 'home_goals_rolling_avg', 'home_goal_difference_rolling_avg', 'referee_foul_rate', 'referee_encoded', 'home_advantage']
2024-10-19 23:12:44,352 - INFO - Imputer loaded from ./models/imputer_homegoals.pkl
2024-10-19 23:12:44,387 - INFO - New data prepared for prediction with shape: (3907, 42)
2024-10-20 00:05:05,556 - INFO - New data loaded from ./Model_build1/merged_data_prediction.xlsx with shape: (3907, 42)
2024-10-20 00:05:05,556 - INFO - Numeric features selected for prediction: ['running_id', 'season_encoded', 'league_encoded', 'home_encoded', 'away_encoded', 'venue_encoded', 'away_league_position', 'Away_points_cum', 'Away_goal_difference_cum', 'Away_draws', 'away_draw_rate', 'away_average_points', 'Away_team_matches', 'away_win_rate', 'Away_wins', 'away_xG_rolling_avg', 'away_shots_on_target_accuracy_rolling_avg', 'away_shots_on_target_rolling_avg', 'away_saves_accuracy_rolling_avg', 'away_points_rolling_avg', 'away_goals_rolling_avg', 'away_goal_difference_rolling_avg', 'home_average_points', 'home_draw_rate', 'Home_draws', 'Home_goal_difference_cum', 'home_league_position', 'Home_team_matches', 'home_win_rate', 'Home_wins', 'HomeTeam_last_away_match', 'home_xG_rolling_avg', 'home_shots_on_target_rolling_avg', 'home_shots_on_target_accuracy_rolling_avg', 'home_saves_accuracy_rolling_avg', 'home_points_rolling_avg', 'Home_points_cum', 'home_goals_rolling_avg', 'home_goal_difference_rolling_avg', 'referee_foul_rate', 'referee_encoded', 'home_advantage']
2024-10-20 00:05:05,639 - INFO - Imputer loaded from ./models/imputer_homegoals.pkl
2024-10-20 00:05:05,673 - INFO - New data prepared for prediction with shape: (3907, 42)
2024-10-20 00:09:59,757 - INFO - New data loaded from ./Model_build1/merged_data_prediction.xlsx with shape: (3907, 42)
2024-10-20 00:09:59,773 - INFO - Numeric features selected for prediction: ['running_id', 'season_encoded', 'league_encoded', 'home_encoded', 'away_encoded', 'venue_encoded', 'away_league_position', 'Away_points_cum', 'Away_goal_difference_cum', 'Away_draws', 'away_draw_rate', 'away_average_points', 'Away_team_matches', 'away_win_rate', 'Away_wins', 'away_xG_rolling_avg', 'away_shots_on_target_accuracy_rolling_avg', 'away_shots_on_target_rolling_avg', 'away_saves_accuracy_rolling_avg', 'away_points_rolling_avg', 'away_goals_rolling_avg', 'away_goal_difference_rolling_avg', 'home_average_points', 'home_draw_rate', 'Home_draws', 'Home_goal_difference_cum', 'home_league_position', 'Home_team_matches', 'home_win_rate', 'Home_wins', 'HomeTeam_last_away_match', 'home_xG_rolling_avg', 'home_shots_on_target_rolling_avg', 'home_shots_on_target_accuracy_rolling_avg', 'home_saves_accuracy_rolling_avg', 'home_points_rolling_avg', 'Home_points_cum', 'home_goals_rolling_avg', 'home_goal_difference_rolling_avg', 'referee_foul_rate', 'referee_encoded', 'home_advantage']
2024-10-20 00:09:59,824 - INFO - Imputer loaded from ./models/imputer_homegoals.pkl
2024-10-20 00:09:59,877 - INFO - New data prepared for prediction with shape: (3907, 42)
2024-10-20 00:10:17,623 - INFO - New data loaded from ./Model_build1/merged_data_prediction.xlsx with shape: (3907, 42)
2024-10-20 00:10:17,623 - INFO - Numeric features selected for prediction: ['running_id', 'season_encoded', 'league_encoded', 'home_encoded', 'away_encoded', 'venue_encoded', 'away_league_position', 'Away_points_cum', 'Away_goal_difference_cum', 'Away_draws', 'away_draw_rate', 'away_average_points', 'Away_team_matches', 'away_win_rate', 'Away_wins', 'away_xG_rolling_avg', 'away_shots_on_target_accuracy_rolling_avg', 'away_shots_on_target_rolling_avg', 'away_saves_accuracy_rolling_avg', 'away_points_rolling_avg', 'away_goals_rolling_avg', 'away_goal_difference_rolling_avg', 'home_average_points', 'home_draw_rate', 'Home_draws', 'Home_goal_difference_cum', 'home_league_position', 'Home_team_matches', 'home_win_rate', 'Home_wins', 'HomeTeam_last_away_match', 'home_xG_rolling_avg', 'home_shots_on_target_rolling_avg', 'home_shots_on_target_accuracy_rolling_avg', 'home_saves_accuracy_rolling_avg', 'home_points_rolling_avg', 'Home_points_cum', 'home_goals_rolling_avg', 'home_goal_difference_rolling_avg', 'referee_foul_rate', 'referee_encoded', 'home_advantage']
2024-10-20 00:10:17,706 - INFO - Imputer loaded from ./models/imputer_homegoals.pkl
2024-10-20 00:10:17,740 - INFO - New data prepared for prediction with shape: (3907, 42)
2024-10-20 00:12:32,458 - INFO - New data loaded from ./Model_build1/merged_data_prediction.xlsx with shape: (3907, 42)
2024-10-20 00:12:32,461 - INFO - Numeric features selected for prediction: ['running_id', 'season_encoded', 'league_encoded', 'home_encoded', 'away_encoded', 'venue_encoded', 'away_league_position', 'Away_points_cum', 'Away_goal_difference_cum', 'Away_draws', 'away_draw_rate', 'away_average_points', 'Away_team_matches', 'away_win_rate', 'Away_wins', 'away_xG_rolling_avg', 'away_shots_on_target_accuracy_rolling_avg', 'away_shots_on_target_rolling_avg', 'away_saves_accuracy_rolling_avg', 'away_points_rolling_avg', 'away_goals_rolling_avg', 'away_goal_difference_rolling_avg', 'home_average_points', 'home_draw_rate', 'Home_draws', 'Home_goal_difference_cum', 'home_league_position', 'Home_team_matches', 'home_win_rate', 'Home_wins', 'HomeTeam_last_away_match', 'home_xG_rolling_avg', 'home_shots_on_target_rolling_avg', 'home_shots_on_target_accuracy_rolling_avg', 'home_saves_accuracy_rolling_avg', 'home_points_rolling_avg', 'Home_points_cum', 'home_goals_rolling_avg', 'home_goal_difference_rolling_avg', 'referee_foul_rate', 'referee_encoded', 'home_advantage']
2024-10-20 00:12:32,535 - INFO - Imputer loaded from ./models/imputer_homegoals.pkl
2024-10-20 00:12:32,574 - INFO - New data prepared for prediction with shape: (3907, 42)
2024-10-20 00:12:32,840 - INFO - RFE selector loaded from ./models/rfe_homegoals_selector.pkl
2024-10-20 00:12:32,857 - INFO - Scaler loaded from ./models/scaler_homegoals.pkl
2024-10-20 00:13:31,557 - INFO - New data loaded from ./Model_build1/merged_data_prediction.xlsx with shape: (3907, 42)
2024-10-20 00:13:31,557 - INFO - Numeric features selected for prediction: ['running_id', 'season_encoded', 'league_encoded', 'home_encoded', 'away_encoded', 'venue_encoded', 'away_league_position', 'Away_points_cum', 'Away_goal_difference_cum', 'Away_draws', 'away_draw_rate', 'away_average_points', 'Away_team_matches', 'away_win_rate', 'Away_wins', 'away_xG_rolling_avg', 'away_shots_on_target_accuracy_rolling_avg', 'away_shots_on_target_rolling_avg', 'away_saves_accuracy_rolling_avg', 'away_points_rolling_avg', 'away_goals_rolling_avg', 'away_goal_difference_rolling_avg', 'home_average_points', 'home_draw_rate', 'Home_draws', 'Home_goal_difference_cum', 'home_league_position', 'Home_team_matches', 'home_win_rate', 'Home_wins', 'HomeTeam_last_away_match', 'home_xG_rolling_avg', 'home_shots_on_target_rolling_avg', 'home_shots_on_target_accuracy_rolling_avg', 'home_saves_accuracy_rolling_avg', 'home_points_rolling_avg', 'Home_points_cum', 'home_goals_rolling_avg', 'home_goal_difference_rolling_avg', 'referee_foul_rate', 'referee_encoded', 'home_advantage']
2024-10-20 00:13:31,641 - INFO - Imputer loaded from ./models/imputer_homegoals.pkl
2024-10-20 00:13:31,674 - INFO - New data prepared for prediction with shape: (3907, 42)
2024-10-20 00:13:32,040 - INFO - RFE selector loaded from ./models/rfe_homegoals_selector.pkl
2024-10-20 00:13:32,057 - INFO - Scaler loaded from ./models/scaler_homegoals.pkl
2024-10-20 00:21:11,208 - INFO - New data loaded from ./Model_build1/merged_data_prediction.xlsx with shape: (3907, 42)
2024-10-20 00:21:11,208 - INFO - Numeric features selected for prediction: ['running_id', 'season_encoded', 'league_encoded', 'home_encoded', 'away_encoded', 'venue_encoded', 'away_league_position', 'Away_points_cum', 'Away_goal_difference_cum', 'Away_draws', 'away_draw_rate', 'away_average_points', 'Away_team_matches', 'away_win_rate', 'Away_wins', 'away_xG_rolling_avg', 'away_shots_on_target_accuracy_rolling_avg', 'away_shots_on_target_rolling_avg', 'away_saves_accuracy_rolling_avg', 'away_points_rolling_avg', 'away_goals_rolling_avg', 'away_goal_difference_rolling_avg', 'home_average_points', 'home_draw_rate', 'Home_draws', 'Home_goal_difference_cum', 'home_league_position', 'Home_team_matches', 'home_win_rate', 'Home_wins', 'HomeTeam_last_away_match', 'home_xG_rolling_avg', 'home_shots_on_target_rolling_avg', 'home_shots_on_target_accuracy_rolling_avg', 'home_saves_accuracy_rolling_avg', 'home_points_rolling_avg', 'Home_points_cum', 'home_goals_rolling_avg', 'home_goal_difference_rolling_avg', 'referee_foul_rate', 'referee_encoded', 'home_advantage']
2024-10-20 00:21:11,307 - INFO - Imputer loaded from ./models/imputer_homegoals.pkl
2024-10-20 00:21:11,342 - INFO - New data prepared for prediction with shape: (3907, 42)
2024-10-20 00:21:11,623 - INFO - RFE selector loaded from ./models/rfe_homegoals_selector.pkl
2024-10-20 00:21:11,623 - INFO - Scaler loaded from ./models/scaler_homegoals.pkl
2024-10-20 17:59:20,585 - INFO - New data loaded from ./Model_build1/merged_data_prediction.xlsx with shape: (3907, 42)
2024-10-20 17:59:20,589 - INFO - Numeric features selected for prediction: ['running_id', 'season_encoded', 'league_encoded', 'home_encoded', 'away_encoded', 'venue_encoded', 'away_league_position', 'Away_points_cum', 'Away_goal_difference_cum', 'Away_draws', 'away_draw_rate', 'away_average_points', 'Away_team_matches', 'away_win_rate', 'Away_wins', 'away_xG_rolling_avg', 'away_shots_on_target_accuracy_rolling_avg', 'away_shots_on_target_rolling_avg', 'away_saves_accuracy_rolling_avg', 'away_points_rolling_avg', 'away_goals_rolling_avg', 'away_goal_difference_rolling_avg', 'home_average_points', 'home_draw_rate', 'Home_draws', 'Home_goal_difference_cum', 'home_league_position', 'Home_team_matches', 'home_win_rate', 'Home_wins', 'HomeTeam_last_away_match', 'home_xG_rolling_avg', 'home_shots_on_target_rolling_avg', 'home_shots_on_target_accuracy_rolling_avg', 'home_saves_accuracy_rolling_avg', 'home_points_rolling_avg', 'Home_points_cum', 'home_goals_rolling_avg', 'home_goal_difference_rolling_avg', 'referee_foul_rate', 'referee_encoded', 'home_advantage']
2024-10-20 17:59:20,692 - INFO - Imputer loaded from ./models/imputer_homegoals.pkl
2024-10-20 17:59:20,755 - INFO - New data prepared for prediction with shape: (3907, 42)
2024-10-20 17:59:21,486 - INFO - RFE selector loaded from ./models/rfe_homegoals_selector.pkl
2024-10-20 17:59:21,502 - INFO - Scaler loaded from ./models/scaler_homegoals.pkl
2024-10-20 18:13:26,119 - INFO - New data loaded from ./Model_build1/merged_data_prediction.xlsx with shape: (3907, 42)
2024-10-20 18:13:26,121 - INFO - Numeric features selected for prediction: ['running_id', 'season_encoded', 'league_encoded', 'home_encoded', 'away_encoded', 'venue_encoded', 'away_league_position', 'Away_points_cum', 'Away_goal_difference_cum', 'Away_draws', 'away_draw_rate', 'away_average_points', 'Away_team_matches', 'away_win_rate', 'Away_wins', 'away_xG_rolling_avg', 'away_shots_on_target_accuracy_rolling_avg', 'away_shots_on_target_rolling_avg', 'away_saves_accuracy_rolling_avg', 'away_points_rolling_avg', 'away_goals_rolling_avg', 'away_goal_difference_rolling_avg', 'home_average_points', 'home_draw_rate', 'Home_draws', 'Home_goal_difference_cum', 'home_league_position', 'Home_team_matches', 'home_win_rate', 'Home_wins', 'HomeTeam_last_away_match', 'home_xG_rolling_avg', 'home_shots_on_target_rolling_avg', 'home_shots_on_target_accuracy_rolling_avg', 'home_saves_accuracy_rolling_avg', 'home_points_rolling_avg', 'Home_points_cum', 'home_goals_rolling_avg', 'home_goal_difference_rolling_avg', 'referee_foul_rate', 'referee_encoded', 'home_advantage']
2024-10-20 18:13:26,186 - INFO - Imputer loaded from ./models/imputer_homegoals.pkl
2024-10-20 18:13:26,238 - INFO - New data prepared for prediction with shape: (3907, 42)
2024-10-20 18:13:26,855 - INFO - RFE selector loaded from ./models/rfe_homegoals_selector.pkl
2024-10-20 18:13:26,867 - INFO - Scaler loaded from ./models/scaler_homegoals.pkl
2024-10-20 18:21:33,427 - INFO - New data loaded from ./Model_build1/merged_data_prediction.xlsx with shape: (3907, 42)
2024-10-20 18:21:33,429 - INFO - Numeric features selected for prediction: ['running_id', 'season_encoded', 'league_encoded', 'home_encoded', 'away_encoded', 'venue_encoded', 'away_league_position', 'Away_points_cum', 'Away_goal_difference_cum', 'Away_draws', 'away_draw_rate', 'away_average_points', 'Away_team_matches', 'away_win_rate', 'Away_wins', 'away_xG_rolling_avg', 'away_shots_on_target_accuracy_rolling_avg', 'away_shots_on_target_rolling_avg', 'away_saves_accuracy_rolling_avg', 'away_points_rolling_avg', 'away_goals_rolling_avg', 'away_goal_difference_rolling_avg', 'home_average_points', 'home_draw_rate', 'Home_draws', 'Home_goal_difference_cum', 'home_league_position', 'Home_team_matches', 'home_win_rate', 'Home_wins', 'HomeTeam_last_away_match', 'home_xG_rolling_avg', 'home_shots_on_target_rolling_avg', 'home_shots_on_target_accuracy_rolling_avg', 'home_saves_accuracy_rolling_avg', 'home_points_rolling_avg', 'Home_points_cum', 'home_goals_rolling_avg', 'home_goal_difference_rolling_avg', 'referee_foul_rate', 'referee_encoded', 'home_advantage']
2024-10-20 18:21:33,519 - INFO - Imputer loaded from ./models/imputer_homegoals.pkl
2024-10-20 18:21:33,554 - INFO - New data prepared for prediction with shape: (3907, 42)
2024-10-20 18:21:33,903 - INFO - RFE selector loaded from ./models/rfe_homegoals_selector.pkl
2024-10-20 18:21:33,921 - INFO - Scaler loaded from ./models/scaler_homegoals.pkl
2024-10-20 18:26:53,557 - INFO - New data loaded from ./Model_build1/merged_data_prediction.xlsx with shape: (3907, 42)
2024-10-20 18:26:53,559 - INFO - Numeric features selected for prediction: ['running_id', 'season_encoded', 'league_encoded', 'home_encoded', 'away_encoded', 'venue_encoded', 'away_league_position', 'Away_points_cum', 'Away_goal_difference_cum', 'Away_draws', 'away_draw_rate', 'away_average_points', 'Away_team_matches', 'away_win_rate', 'Away_wins', 'away_xG_rolling_avg', 'away_shots_on_target_accuracy_rolling_avg', 'away_shots_on_target_rolling_avg', 'away_saves_accuracy_rolling_avg', 'away_points_rolling_avg', 'away_goals_rolling_avg', 'away_goal_difference_rolling_avg', 'home_average_points', 'home_draw_rate', 'Home_draws', 'Home_goal_difference_cum', 'home_league_position', 'Home_team_matches', 'home_win_rate', 'Home_wins', 'HomeTeam_last_away_match', 'home_xG_rolling_avg', 'home_shots_on_target_rolling_avg', 'home_shots_on_target_accuracy_rolling_avg', 'home_saves_accuracy_rolling_avg', 'home_points_rolling_avg', 'Home_points_cum', 'home_goals_rolling_avg', 'home_goal_difference_rolling_avg', 'referee_foul_rate', 'referee_encoded', 'home_advantage']
2024-10-20 18:26:53,605 - INFO - Imputer loaded from ./models/imputer_homegoals.pkl
2024-10-20 18:26:53,680 - INFO - New data prepared for prediction with shape: (3907, 42)
2024-10-20 18:26:54,074 - INFO - RFE selector loaded from ./models/rfe_homegoals_selector.pkl
2024-10-20 18:26:54,075 - INFO - Scaler loaded from ./models/scaler_homegoals.pkl
2024-10-20 18:52:30,420 - INFO - New data loaded from ./Model_build1/merged_data_prediction.xlsx with shape: (3907, 42)
2024-10-20 18:52:30,420 - INFO - Numeric features selected for prediction: ['running_id', 'season_encoded', 'league_encoded', 'home_encoded', 'away_encoded', 'venue_encoded', 'away_league_position', 'Away_points_cum', 'Away_goal_difference_cum', 'Away_draws', 'away_draw_rate', 'away_average_points', 'Away_team_matches', 'away_win_rate', 'Away_wins', 'away_xG_rolling_avg', 'away_shots_on_target_accuracy_rolling_avg', 'away_shots_on_target_rolling_avg', 'away_saves_accuracy_rolling_avg', 'away_points_rolling_avg', 'away_goals_rolling_avg', 'away_goal_difference_rolling_avg', 'home_average_points', 'home_draw_rate', 'Home_draws', 'Home_goal_difference_cum', 'home_league_position', 'Home_team_matches', 'home_win_rate', 'Home_wins', 'HomeTeam_last_away_match', 'home_xG_rolling_avg', 'home_shots_on_target_rolling_avg', 'home_shots_on_target_accuracy_rolling_avg', 'home_saves_accuracy_rolling_avg', 'home_points_rolling_avg', 'Home_points_cum', 'home_goals_rolling_avg', 'home_goal_difference_rolling_avg', 'referee_foul_rate', 'referee_encoded', 'home_advantage']
2024-10-20 18:52:30,504 - INFO - Imputer loaded from ./models/imputer_homegoals.pkl
2024-10-20 18:52:30,555 - INFO - New data prepared for prediction with shape: (3907, 42)
2024-10-20 18:52:30,869 - INFO - RFE selector loaded from ./models/rfe_homegoals_selector.pkl
2024-10-20 18:52:30,871 - INFO - Scaler loaded from ./models/scaler_homegoals.pkl
2024-10-20 18:54:39,721 - INFO - New data loaded from ./Model_build1/merged_data_prediction.xlsx with shape: (3907, 42)
2024-10-20 18:54:39,721 - INFO - Numeric features selected for prediction: ['running_id', 'season_encoded', 'league_encoded', 'home_encoded', 'away_encoded', 'venue_encoded', 'away_league_position', 'Away_points_cum', 'Away_goal_difference_cum', 'Away_draws', 'away_draw_rate', 'away_average_points', 'Away_team_matches', 'away_win_rate', 'Away_wins', 'away_xG_rolling_avg', 'away_shots_on_target_accuracy_rolling_avg', 'away_shots_on_target_rolling_avg', 'away_saves_accuracy_rolling_avg', 'away_points_rolling_avg', 'away_goals_rolling_avg', 'away_goal_difference_rolling_avg', 'home_average_points', 'home_draw_rate', 'Home_draws', 'Home_goal_difference_cum', 'home_league_position', 'Home_team_matches', 'home_win_rate', 'Home_wins', 'HomeTeam_last_away_match', 'home_xG_rolling_avg', 'home_shots_on_target_rolling_avg', 'home_shots_on_target_accuracy_rolling_avg', 'home_saves_accuracy_rolling_avg', 'home_points_rolling_avg', 'Home_points_cum', 'home_goals_rolling_avg', 'home_goal_difference_rolling_avg', 'referee_foul_rate', 'referee_encoded', 'home_advantage']
2024-10-20 18:54:39,785 - INFO - Imputer loaded from ./models/imputer_homegoals.pkl
2024-10-20 18:54:39,821 - INFO - New data prepared for prediction with shape: (3907, 42)
2024-10-20 18:54:40,137 - INFO - RFE selector loaded from ./models/rfe_homegoals_selector.pkl
2024-10-20 18:54:40,153 - INFO - Scaler loaded from ./models/scaler_homegoals.pkl
2024-10-20 18:56:58,504 - INFO - New data loaded from ./Model_build1/merged_data_prediction.xlsx with shape: (3907, 42)
2024-10-20 18:56:58,504 - INFO - Numeric features selected for prediction: ['running_id', 'season_encoded', 'league_encoded', 'home_encoded', 'away_encoded', 'venue_encoded', 'away_league_position', 'Away_points_cum', 'Away_goal_difference_cum', 'Away_draws', 'away_draw_rate', 'away_average_points', 'Away_team_matches', 'away_win_rate', 'Away_wins', 'away_xG_rolling_avg', 'away_shots_on_target_accuracy_rolling_avg', 'away_shots_on_target_rolling_avg', 'away_saves_accuracy_rolling_avg', 'away_points_rolling_avg', 'away_goals_rolling_avg', 'away_goal_difference_rolling_avg', 'home_average_points', 'home_draw_rate', 'Home_draws', 'Home_goal_difference_cum', 'home_league_position', 'Home_team_matches', 'home_win_rate', 'Home_wins', 'HomeTeam_last_away_match', 'home_xG_rolling_avg', 'home_shots_on_target_rolling_avg', 'home_shots_on_target_accuracy_rolling_avg', 'home_saves_accuracy_rolling_avg', 'home_points_rolling_avg', 'Home_points_cum', 'home_goals_rolling_avg', 'home_goal_difference_rolling_avg', 'referee_foul_rate', 'referee_encoded', 'home_advantage']
2024-10-20 18:56:58,589 - INFO - Imputer loaded from ./models/imputer_homegoals.pkl
2024-10-20 18:56:58,639 - INFO - New data prepared for prediction with shape: (3907, 42)
2024-10-20 18:56:58,937 - INFO - RFE selector loaded from ./models/rfe_homegoals_selector.pkl
2024-10-20 18:56:58,954 - INFO - Scaler loaded from ./models/scaler_homegoals.pkl
2024-10-20 18:58:42,320 - INFO - New data loaded from ./Model_build1/merged_data_prediction.xlsx with shape: (3907, 42)
2024-10-20 18:58:42,320 - INFO - Numeric features selected for prediction: ['running_id', 'season_encoded', 'league_encoded', 'home_encoded', 'away_encoded', 'venue_encoded', 'away_league_position', 'Away_points_cum', 'Away_goal_difference_cum', 'Away_draws', 'away_draw_rate', 'away_average_points', 'Away_team_matches', 'away_win_rate', 'Away_wins', 'away_xG_rolling_avg', 'away_shots_on_target_accuracy_rolling_avg', 'away_shots_on_target_rolling_avg', 'away_saves_accuracy_rolling_avg', 'away_points_rolling_avg', 'away_goals_rolling_avg', 'away_goal_difference_rolling_avg', 'home_average_points', 'home_draw_rate', 'Home_draws', 'Home_goal_difference_cum', 'home_league_position', 'Home_team_matches', 'home_win_rate', 'Home_wins', 'HomeTeam_last_away_match', 'home_xG_rolling_avg', 'home_shots_on_target_rolling_avg', 'home_shots_on_target_accuracy_rolling_avg', 'home_saves_accuracy_rolling_avg', 'home_points_rolling_avg', 'Home_points_cum', 'home_goals_rolling_avg', 'home_goal_difference_rolling_avg', 'referee_foul_rate', 'referee_encoded', 'home_advantage']
2024-10-20 18:58:42,404 - INFO - Imputer loaded from ./models/imputer_homegoals.pkl
2024-10-20 18:58:42,454 - INFO - New data prepared for prediction with shape: (3907, 42)
2024-10-20 18:58:42,771 - INFO - RFE selector loaded from ./models/rfe_homegoals_selector.pkl
2024-10-20 18:58:42,779 - INFO - Scaler loaded from ./models/scaler_homegoals.pkl
2024-10-20 19:17:26,072 - INFO - New data loaded from ./Model_build1/merged_data_prediction.xlsx with shape: (3907, 42)
2024-10-20 19:17:26,072 - INFO - Numeric features selected for prediction: ['running_id', 'season_encoded', 'league_encoded', 'home_encoded', 'away_encoded', 'venue_encoded', 'away_league_position', 'Away_points_cum', 'Away_goal_difference_cum', 'Away_draws', 'away_draw_rate', 'away_average_points', 'Away_team_matches', 'away_win_rate', 'Away_wins', 'away_xG_rolling_avg', 'away_shots_on_target_accuracy_rolling_avg', 'away_shots_on_target_rolling_avg', 'away_saves_accuracy_rolling_avg', 'away_points_rolling_avg', 'away_goals_rolling_avg', 'away_goal_difference_rolling_avg', 'home_average_points', 'home_draw_rate', 'Home_draws', 'Home_goal_difference_cum', 'home_league_position', 'Home_team_matches', 'home_win_rate', 'Home_wins', 'HomeTeam_last_away_match', 'home_xG_rolling_avg', 'home_shots_on_target_rolling_avg', 'home_shots_on_target_accuracy_rolling_avg', 'home_saves_accuracy_rolling_avg', 'home_points_rolling_avg', 'Home_points_cum', 'home_goals_rolling_avg', 'home_goal_difference_rolling_avg', 'referee_foul_rate', 'referee_encoded', 'home_advantage']
2024-10-20 19:17:26,137 - INFO - Imputer loaded from ./models/imputer_homegoals.pkl
2024-10-20 19:17:26,188 - INFO - New data prepared for prediction with shape: (3907, 42)
2024-10-20 19:17:26,548 - INFO - RFE selector loaded from ./models/rfe_homegoals_selector.pkl
2024-10-20 19:17:26,561 - INFO - Scaler loaded from ./models/scaler_homegoals.pkl
2024-10-20 19:18:20,980 - INFO - New data loaded from ./Model_build1/merged_data_prediction.xlsx with shape: (3907, 42)
2024-10-20 19:18:20,982 - INFO - Numeric features selected for prediction: ['running_id', 'season_encoded', 'league_encoded', 'home_encoded', 'away_encoded', 'venue_encoded', 'away_league_position', 'Away_points_cum', 'Away_goal_difference_cum', 'Away_draws', 'away_draw_rate', 'away_average_points', 'Away_team_matches', 'away_win_rate', 'Away_wins', 'away_xG_rolling_avg', 'away_shots_on_target_accuracy_rolling_avg', 'away_shots_on_target_rolling_avg', 'away_saves_accuracy_rolling_avg', 'away_points_rolling_avg', 'away_goals_rolling_avg', 'away_goal_difference_rolling_avg', 'home_average_points', 'home_draw_rate', 'Home_draws', 'Home_goal_difference_cum', 'home_league_position', 'Home_team_matches', 'home_win_rate', 'Home_wins', 'HomeTeam_last_away_match', 'home_xG_rolling_avg', 'home_shots_on_target_rolling_avg', 'home_shots_on_target_accuracy_rolling_avg', 'home_saves_accuracy_rolling_avg', 'home_points_rolling_avg', 'Home_points_cum', 'home_goals_rolling_avg', 'home_goal_difference_rolling_avg', 'referee_foul_rate', 'referee_encoded', 'home_advantage']
2024-10-20 19:18:21,069 - INFO - Imputer loaded from ./models/imputer_homegoals.pkl
2024-10-20 19:18:21,104 - INFO - New data prepared for prediction with shape: (3907, 42)
2024-10-20 19:18:21,504 - INFO - RFE selector loaded from ./models/rfe_homegoals_selector.pkl
2024-10-20 19:18:21,523 - INFO - Scaler loaded from ./models/scaler_homegoals.pkl
2024-10-20 19:41:19,971 - INFO - New data loaded from ./Model_build1/merged_data_prediction.xlsx with shape: (3907, 42)
2024-10-20 19:41:19,987 - INFO - Numeric features selected for prediction: ['running_id', 'season_encoded', 'league_encoded', 'home_encoded', 'away_encoded', 'venue_encoded', 'away_league_position', 'Away_points_cum', 'Away_goal_difference_cum', 'Away_draws', 'away_draw_rate', 'away_average_points', 'Away_team_matches', 'away_win_rate', 'Away_wins', 'away_xG_rolling_avg', 'away_shots_on_target_accuracy_rolling_avg', 'away_shots_on_target_rolling_avg', 'away_saves_accuracy_rolling_avg', 'away_points_rolling_avg', 'away_goals_rolling_avg', 'away_goal_difference_rolling_avg', 'home_average_points', 'home_draw_rate', 'Home_draws', 'Home_goal_difference_cum', 'home_league_position', 'Home_team_matches', 'home_win_rate', 'Home_wins', 'HomeTeam_last_away_match', 'home_xG_rolling_avg', 'home_shots_on_target_rolling_avg', 'home_shots_on_target_accuracy_rolling_avg', 'home_saves_accuracy_rolling_avg', 'home_points_rolling_avg', 'Home_points_cum', 'home_goals_rolling_avg', 'home_goal_difference_rolling_avg', 'referee_foul_rate', 'referee_encoded', 'home_advantage']
2024-10-20 19:41:20,054 - INFO - Imputer loaded from ./models/imputer_homegoals.pkl
2024-10-20 19:41:20,088 - INFO - New data prepared for prediction with shape: (3907, 42)
2024-10-20 19:41:20,337 - INFO - RFE selector loaded from ./models/rfe_homegoals_selector.pkl
2024-10-20 19:41:20,354 - INFO - Scaler loaded from ./models/scaler_homegoals.pkl
2024-10-20 19:42:10,938 - INFO - New data loaded from ./Model_build1/merged_data_prediction.xlsx with shape: (3907, 42)
2024-10-20 19:42:10,938 - INFO - Numeric features selected for prediction: ['running_id', 'season_encoded', 'league_encoded', 'home_encoded', 'away_encoded', 'venue_encoded', 'away_league_position', 'Away_points_cum', 'Away_goal_difference_cum', 'Away_draws', 'away_draw_rate', 'away_average_points', 'Away_team_matches', 'away_win_rate', 'Away_wins', 'away_xG_rolling_avg', 'away_shots_on_target_accuracy_rolling_avg', 'away_shots_on_target_rolling_avg', 'away_saves_accuracy_rolling_avg', 'away_points_rolling_avg', 'away_goals_rolling_avg', 'away_goal_difference_rolling_avg', 'home_average_points', 'home_draw_rate', 'Home_draws', 'Home_goal_difference_cum', 'home_league_position', 'Home_team_matches', 'home_win_rate', 'Home_wins', 'HomeTeam_last_away_match', 'home_xG_rolling_avg', 'home_shots_on_target_rolling_avg', 'home_shots_on_target_accuracy_rolling_avg', 'home_saves_accuracy_rolling_avg', 'home_points_rolling_avg', 'Home_points_cum', 'home_goals_rolling_avg', 'home_goal_difference_rolling_avg', 'referee_foul_rate', 'referee_encoded', 'home_advantage']
2024-10-20 19:42:11,021 - INFO - Imputer loaded from ./models/imputer_homegoals.pkl
2024-10-20 19:42:11,055 - INFO - New data prepared for prediction with shape: (3907, 42)
2024-10-20 19:42:11,422 - INFO - RFE selector loaded from ./models/rfe_homegoals_selector.pkl
2024-10-20 19:42:11,428 - INFO - Scaler loaded from ./models/scaler_homegoals.pkl
2024-10-20 19:43:38,861 - INFO - New data loaded from ./Model_build1/merged_data_prediction.xlsx with shape: (3907, 42)
2024-10-20 19:43:38,862 - INFO - Numeric features selected for prediction: ['running_id', 'season_encoded', 'league_encoded', 'home_encoded', 'away_encoded', 'venue_encoded', 'away_league_position', 'Away_points_cum', 'Away_goal_difference_cum', 'Away_draws', 'away_draw_rate', 'away_average_points', 'Away_team_matches', 'away_win_rate', 'Away_wins', 'away_xG_rolling_avg', 'away_shots_on_target_accuracy_rolling_avg', 'away_shots_on_target_rolling_avg', 'away_saves_accuracy_rolling_avg', 'away_points_rolling_avg', 'away_goals_rolling_avg', 'away_goal_difference_rolling_avg', 'home_average_points', 'home_draw_rate', 'Home_draws', 'Home_goal_difference_cum', 'home_league_position', 'Home_team_matches', 'home_win_rate', 'Home_wins', 'HomeTeam_last_away_match', 'home_xG_rolling_avg', 'home_shots_on_target_rolling_avg', 'home_shots_on_target_accuracy_rolling_avg', 'home_saves_accuracy_rolling_avg', 'home_points_rolling_avg', 'Home_points_cum', 'home_goals_rolling_avg', 'home_goal_difference_rolling_avg', 'referee_foul_rate', 'referee_encoded', 'home_advantage']
2024-10-20 19:43:38,948 - INFO - Imputer loaded from ./models/imputer_homegoals.pkl
2024-10-20 19:43:39,038 - INFO - New data prepared for prediction with shape: (3907, 42)
2024-10-20 19:43:39,133 - INFO - RFE selector loaded from ./models/rfe_homegoals_selector.pkl
2024-10-20 19:43:39,135 - INFO - Scaler loaded from ./models/scaler_homegoals.pkl
2024-10-20 19:53:20,872 - INFO - New data loaded from ./Model_build1/merged_data_prediction.xlsx with shape: (3907, 42)
2024-10-20 19:53:20,888 - INFO - Numeric features selected for prediction: ['running_id', 'season_encoded', 'league_encoded', 'home_encoded', 'away_encoded', 'venue_encoded', 'away_league_position', 'Away_points_cum', 'Away_goal_difference_cum', 'Away_draws', 'away_draw_rate', 'away_average_points', 'Away_team_matches', 'away_win_rate', 'Away_wins', 'away_xG_rolling_avg', 'away_shots_on_target_accuracy_rolling_avg', 'away_shots_on_target_rolling_avg', 'away_saves_accuracy_rolling_avg', 'away_points_rolling_avg', 'away_goals_rolling_avg', 'away_goal_difference_rolling_avg', 'home_average_points', 'home_draw_rate', 'Home_draws', 'Home_goal_difference_cum', 'home_league_position', 'Home_team_matches', 'home_win_rate', 'Home_wins', 'HomeTeam_last_away_match', 'home_xG_rolling_avg', 'home_shots_on_target_rolling_avg', 'home_shots_on_target_accuracy_rolling_avg', 'home_saves_accuracy_rolling_avg', 'home_points_rolling_avg', 'Home_points_cum', 'home_goals_rolling_avg', 'home_goal_difference_rolling_avg', 'referee_foul_rate', 'referee_encoded', 'home_advantage']
2024-10-20 19:53:20,945 - INFO - Imputer loaded from ./models/imputer_homegoals.pkl
2024-10-20 19:53:20,990 - INFO - New data prepared for prediction with shape: (3907, 42)
2024-10-20 19:53:21,455 - INFO - RFE selector loaded from ./models/rfe_homegoals_selector.pkl
2024-10-20 19:53:21,462 - INFO - Scaler loaded from ./models/scaler_homegoals.pkl
2024-10-20 20:04:19,139 - INFO - New data loaded from ./Model_build1/merged_data_prediction.xlsx with shape: (3907, 42)
2024-10-20 20:04:19,139 - INFO - Numeric features selected for prediction: ['running_id', 'season_encoded', 'league_encoded', 'home_encoded', 'away_encoded', 'venue_encoded', 'away_league_position', 'Away_points_cum', 'Away_goal_difference_cum', 'Away_draws', 'away_draw_rate', 'away_average_points', 'Away_team_matches', 'away_win_rate', 'Away_wins', 'away_xG_rolling_avg', 'away_shots_on_target_accuracy_rolling_avg', 'away_shots_on_target_rolling_avg', 'away_saves_accuracy_rolling_avg', 'away_points_rolling_avg', 'away_goals_rolling_avg', 'away_goal_difference_rolling_avg', 'home_average_points', 'home_draw_rate', 'Home_draws', 'Home_goal_difference_cum', 'home_league_position', 'Home_team_matches', 'home_win_rate', 'Home_wins', 'HomeTeam_last_away_match', 'home_xG_rolling_avg', 'home_shots_on_target_rolling_avg', 'home_shots_on_target_accuracy_rolling_avg', 'home_saves_accuracy_rolling_avg', 'home_points_rolling_avg', 'Home_points_cum', 'home_goals_rolling_avg', 'home_goal_difference_rolling_avg', 'referee_foul_rate', 'referee_encoded', 'home_advantage']
2024-10-20 20:04:19,206 - INFO - Imputer loaded from ./models/imputer_homegoals.pkl
2024-10-20 20:04:19,267 - INFO - New data prepared for prediction with shape: (3907, 42)
2024-10-20 20:04:19,538 - INFO - RFE selector loaded from ./models/rfe_homegoals_selector.pkl
2024-10-20 20:04:19,554 - INFO - Scaler loaded from ./models/scaler_homegoals.pkl
