2024-10-19 18:05:30,154 - INFO - Connecting to MongoDB...
2024-10-19 18:05:30,159 - INFO - Loading historical data from ./Model_build1/model_data_prediction.csv...
2024-10-19 18:05:30,269 - INFO - Historical data loaded successfully!
2024-10-19 18:05:30,270 - INFO - Querying future matches from MongoDB...
2024-10-19 18:05:30,580 - INFO - Found 3907 future matches.
2024-10-19 18:05:30,594 - INFO - Extracted date features successfully.
2024-10-19 18:05:30,597 - INFO - Dropped unnecessary columns.
2024-10-19 18:05:30,598 - INFO - Merging future matches with historical data for encoded team values...
2024-10-19 18:05:33,500 - INFO - Merging completed successfully.
2024-10-19 18:05:33,506 - INFO - Starting feature engineering for future matches...
2024-10-19 18:05:59,639 - WARNING - Feature 'Away_wins' not found in historical data.
2024-10-19 18:15:01,920 - INFO - Feature engineering completed.
2024-10-19 18:15:52,492 - INFO - Exported future matches to merged_data_prediction.xlsx.
2024-10-19 18:17:06,909 - INFO - Connecting to MongoDB...
2024-10-19 18:17:06,913 - INFO - Loading historical data from ./Model_build1/model_data_prediction.csv...
2024-10-19 18:17:07,024 - INFO - Historical data loaded successfully!
2024-10-19 18:17:07,024 - INFO - Querying future matches from MongoDB...
2024-10-19 18:17:07,359 - INFO - Found 3907 future matches.
2024-10-19 18:17:07,369 - INFO - Extracted date features successfully.
2024-10-19 18:17:07,372 - INFO - Dropped unnecessary columns.
2024-10-19 18:17:07,372 - INFO - Merging future matches with historical data for encoded team values...
2024-10-19 18:17:09,012 - INFO - Merging completed successfully.
2024-10-19 18:17:09,013 - INFO - Starting feature engineering for future matches...
2024-10-19 18:17:09,038 - ERROR - Error processing feature 'home_encoded': The column label 'home_encoded' is not unique.
2024-10-19 18:18:16,940 - INFO - Connecting to MongoDB...
2024-10-19 18:18:16,944 - INFO - Loading historical data from ./Model_build1/model_data_prediction.csv...
2024-10-19 18:18:17,057 - INFO - Historical data loaded successfully!
2024-10-19 18:18:17,058 - INFO - Querying future matches from MongoDB...
2024-10-19 18:18:17,148 - INFO - Found 3907 future matches.
2024-10-19 18:18:17,152 - INFO - Extracted date features successfully.
2024-10-19 18:18:17,155 - INFO - Dropped unnecessary columns.
2024-10-19 18:18:17,155 - INFO - Merging future matches with historical data for encoded team values...
2024-10-19 18:18:18,800 - INFO - Merging completed successfully.
2024-10-19 18:18:18,801 - INFO - Starting feature engineering for future matches...
2024-10-19 18:18:18,829 - ERROR - Error processing feature 'home_encoded': The column label 'home_encoded' is not unique.
2024-10-19 18:19:33,943 - INFO - Connecting to MongoDB...
2024-10-19 18:19:33,950 - INFO - Loading historical data from ./Model_build1/model_data_prediction.csv...
2024-10-19 18:19:34,073 - INFO - Historical data loaded successfully!
2024-10-19 18:19:34,073 - INFO - Querying future matches from MongoDB...
2024-10-19 18:19:34,159 - INFO - Found 3907 future matches.
2024-10-19 18:19:34,163 - INFO - Extracted date features successfully.
2024-10-19 18:19:34,167 - INFO - Dropped unnecessary columns.
2024-10-19 18:19:34,167 - INFO - Merging future matches with historical data for encoded team values...
2024-10-19 18:19:35,928 - INFO - Merging completed successfully.
2024-10-19 18:19:35,928 - INFO - Starting feature engineering for future matches...
2024-10-19 18:19:38,587 - WARNING - Feature 'refree_encoded' not found in historical data.
2024-10-19 18:20:19,134 - WARNING - Feature 'Away_wins' not found in historical data.
2024-10-19 18:27:42,387 - ERROR - Error processing feature 'home_goal_difference_rolling_avg': Unable to allocate 3.56 GiB for an array with shape (36, 13260500) and data type float64
2024-10-19 18:28:42,587 - INFO - Connecting to MongoDB...
2024-10-19 18:28:42,595 - INFO - Loading historical data from ./Model_build1/model_data_prediction.csv...
2024-10-19 18:28:42,863 - INFO - Historical data loaded successfully!
2024-10-19 18:28:42,863 - INFO - Querying future matches from MongoDB...
2024-10-19 18:28:43,344 - INFO - Found 3907 future matches.
2024-10-19 18:28:43,347 - INFO - Extracted date features successfully.
2024-10-19 18:28:43,347 - INFO - Dropped unnecessary columns.
2024-10-19 18:28:43,347 - INFO - Merging future matches with historical data for encoded team values...
2024-10-19 18:28:44,571 - INFO - Merging completed successfully.
2024-10-19 18:28:44,573 - INFO - Starting feature engineering for future matches...
2024-10-19 18:28:45,945 - WARNING - Feature 'refree_encoded' not found in historical data.
2024-10-19 18:29:03,545 - WARNING - Feature 'Away_wins' not found in historical data.
2024-10-19 18:29:55,978 - INFO - Feature engineering completed.
2024-10-19 18:30:12,629 - INFO - Exported future matches to merged_data_prediction.xlsx.
2024-10-19 18:44:50,695 - INFO - Connecting to MongoDB...
2024-10-19 18:44:50,711 - INFO - Loading historical data from ./Model_build1/model_data_prediction.csv...
2024-10-19 18:44:51,181 - INFO - Historical data loaded successfully!
2024-10-19 18:44:51,181 - INFO - Querying future matches from MongoDB...
2024-10-19 18:44:51,579 - INFO - Found 3907 future matches.
2024-10-19 18:44:51,596 - INFO - Extracted date features successfully.
2024-10-19 18:44:51,596 - INFO - Dropped unnecessary columns.
2024-10-19 18:44:51,596 - INFO - Merging future matches with historical data for encoded team values...
2024-10-19 18:44:52,479 - INFO - Merging completed successfully.
2024-10-19 18:44:52,479 - INFO - Starting feature engineering for future matches...
2024-10-19 18:44:53,679 - WARNING - Feature 'refree_encoded' not found in historical data.
2024-10-19 18:46:01,045 - INFO - Feature engineering completed.
2024-10-19 18:46:15,966 - INFO - Exported future matches to merged_data_prediction.xlsx.
2024-10-19 18:46:26,178 - INFO - Connecting to MongoDB...
2024-10-19 18:46:26,178 - INFO - Loading historical data from ./Model_build1/model_data_prediction.csv...
2024-10-19 18:46:26,263 - INFO - Historical data loaded successfully!
2024-10-19 18:46:26,265 - INFO - Querying future matches from MongoDB...
2024-10-19 18:46:26,361 - INFO - Found 3907 future matches.
2024-10-19 18:46:26,376 - INFO - Extracted date features successfully.
2024-10-19 18:46:26,380 - INFO - Dropped unnecessary columns.
2024-10-19 18:46:26,382 - INFO - Merging future matches with historical data for encoded team values...
2024-10-19 18:46:27,318 - INFO - Merging completed successfully.
2024-10-19 18:46:27,320 - INFO - Starting feature engineering for future matches...
2024-10-19 18:47:37,217 - INFO - Feature engineering completed.
2024-10-19 18:47:52,011 - INFO - Exported future matches to merged_data_prediction.xlsx.
2024-10-19 19:58:39,906 - INFO - Connecting to MongoDB...
2024-10-19 19:58:39,930 - INFO - Loading historical data from ./Model_build1/model_data_prediction.csv...
2024-10-19 19:58:40,114 - INFO - Historical data loaded successfully!
2024-10-19 19:58:40,114 - INFO - Querying future matches from MongoDB...
2024-10-19 19:58:40,464 - INFO - Found 3907 future matches.
2024-10-19 19:58:40,464 - INFO - Extracted date features successfully.
2024-10-19 19:58:40,478 - INFO - Dropped unnecessary columns.
2024-10-19 19:58:40,479 - INFO - Merging future matches with historical data for encoded team values...
2024-10-19 19:58:41,362 - INFO - Merging completed successfully.
2024-10-19 19:58:41,362 - INFO - Starting feature engineering for future matches...
2024-10-19 19:58:45,025 - ERROR - Error processing feature 'home_encoded': The column label 'home_encoded' is not unique.
2024-10-19 20:00:41,663 - INFO - Connecting to MongoDB...
2024-10-19 20:00:41,680 - INFO - Loading historical data from ./Model_build1/model_data_prediction.csv...
2024-10-19 20:00:41,864 - INFO - Historical data loaded successfully!
2024-10-19 20:00:41,864 - INFO - Querying future matches from MongoDB...
2024-10-19 20:00:41,998 - INFO - Found 3907 future matches.
2024-10-19 20:00:41,998 - INFO - Extracted date features successfully.
2024-10-19 20:00:41,998 - INFO - Dropped unnecessary columns.
2024-10-19 20:00:41,998 - INFO - Merging future matches with historical data for encoded team values...
2024-10-19 20:00:42,805 - INFO - Merging completed successfully.
2024-10-19 20:00:42,807 - INFO - Starting feature engineering for future matches...
2024-10-19 20:01:51,616 - INFO - Feature engineering completed.
2024-10-19 20:02:08,796 - INFO - Exported future matches to merged_data_prediction.xlsx.
2024-10-19 21:19:13,545 - INFO - Connecting to MongoDB...
2024-10-19 21:19:13,548 - INFO - Loading historical data from ./Model_build1/model_data_prediction.csv...
2024-10-19 21:19:13,747 - INFO - Historical data loaded successfully!
2024-10-19 21:19:13,747 - INFO - Querying future matches from MongoDB...
2024-10-19 21:19:14,246 - INFO - Found 3907 future matches.
2024-10-19 21:19:14,246 - INFO - Extracted date features successfully.
2024-10-19 21:19:14,262 - INFO - Dropped unnecessary columns.
2024-10-19 21:19:14,262 - INFO - Merging future matches with historical data for encoded team values...
2024-10-19 21:19:15,028 - INFO - Merging completed successfully.
2024-10-19 21:19:15,028 - INFO - Starting feature engineering for future matches...
2024-10-19 21:20:24,698 - INFO - Feature engineering completed.
2024-10-19 21:20:40,563 - INFO - Connecting to MongoDB...
2024-10-19 21:20:40,579 - INFO - Loading historical data from ./Model_build1/model_data_prediction.csv...
2024-10-19 21:20:40,748 - INFO - Historical data loaded successfully!
2024-10-19 21:20:40,748 - INFO - Querying future matches from MongoDB...
2024-10-19 21:20:40,880 - INFO - Found 3907 future matches.
2024-10-19 21:20:40,880 - INFO - Extracted date features successfully.
2024-10-19 21:20:40,880 - INFO - Dropped unnecessary columns.
2024-10-19 21:20:40,880 - INFO - Merging future matches with historical data for encoded team values...
2024-10-19 21:20:41,663 - INFO - Merging completed successfully.
2024-10-19 21:20:41,678 - INFO - Starting feature engineering for future matches...
2024-10-19 21:21:50,012 - INFO - Feature engineering completed.
2024-10-19 21:22:05,895 - INFO - Connecting to MongoDB...
2024-10-19 21:22:05,895 - INFO - Loading historical data from ./Model_build1/model_data_prediction.csv...
2024-10-19 21:22:06,098 - INFO - Historical data loaded successfully!
2024-10-19 21:22:06,098 - INFO - Querying future matches from MongoDB...
2024-10-19 21:22:06,230 - INFO - Found 3907 future matches.
2024-10-19 21:22:06,247 - INFO - Extracted date features successfully.
2024-10-19 21:22:06,247 - INFO - Dropped unnecessary columns.
2024-10-19 21:22:06,247 - INFO - Merging future matches with historical data for encoded team values...
2024-10-19 21:22:07,030 - INFO - Merging completed successfully.
2024-10-19 21:22:07,030 - INFO - Starting feature engineering for future matches...
2024-10-19 21:23:14,361 - INFO - Feature engineering completed.
2024-10-19 21:23:28,812 - INFO - Exported future matches to merged_data_prediction.xlsx.
2024-10-22 00:38:06,826 - INFO - Connecting to MongoDB...
2024-10-22 00:38:06,831 - INFO - Loading historical data from ./Model_build1/model_data_prediction.csv...
2024-10-22 00:38:06,922 - INFO - Historical data loaded successfully!
2024-10-22 00:38:06,925 - INFO - Querying future matches from MongoDB...
2024-10-22 00:38:07,184 - INFO - Found 3759 future matches.
2024-10-22 00:38:07,189 - INFO - Extracted date features successfully.
2024-10-22 00:38:07,192 - INFO - Dropped unnecessary columns.
2024-10-22 00:38:07,194 - INFO - Merging future matches with historical data for encoded team values...
2024-10-22 00:38:08,008 - INFO - Merging completed successfully.
2024-10-22 00:38:08,011 - INFO - Starting feature engineering for future matches...
2024-10-22 00:40:52,329 - INFO - Feature engineering completed.
2024-10-22 00:41:10,103 - INFO - Exported future matches to merged_data_prediction.xlsx.
2024-10-23 18:13:21,780 - INFO - Connecting to MongoDB...
2024-10-23 18:13:21,798 - INFO - Loading historical data from ./Model_build1/model_data_prediction_withPoissons.csv...
2024-10-23 18:13:21,798 - ERROR - Error loading historical data: [Errno 2] No such file or directory: './Model_build1/model_data_prediction_withPoissons.csv'
2024-10-23 18:14:02,197 - INFO - Connecting to MongoDB...
2024-10-23 18:14:02,198 - INFO - Loading historical data from ./Model_build1/model_data_prediction_withPoissons.xlsx...
2024-10-23 18:14:02,198 - ERROR - Error loading historical data: [Errno 2] No such file or directory: './Model_build1/model_data_prediction_withPoissons.xlsx'
2024-10-23 18:14:23,531 - INFO - Connecting to MongoDB...
2024-10-23 18:14:23,531 - INFO - Loading historical data from ./Model_build1/model_data_prediction_withPoisson.xlsx...
2024-10-23 18:14:28,648 - INFO - Historical data loaded successfully!
2024-10-23 18:14:28,648 - INFO - Querying future matches from MongoDB...
2024-10-23 18:14:29,065 - INFO - Found 5174 future matches.
2024-10-23 18:14:29,065 - INFO - Extracted date features successfully.
2024-10-23 18:14:29,081 - INFO - Dropped unnecessary columns.
2024-10-23 18:14:29,081 - INFO - Merging future matches with historical data for encoded team values...
2024-10-23 18:14:29,731 - INFO - Merging completed successfully.
2024-10-23 18:14:29,731 - INFO - Starting feature engineering for future matches...
2024-10-23 18:16:54,636 - INFO - Feature engineering completed.
2024-10-23 18:17:11,638 - INFO - Exported future matches to merged_data_prediction.xlsx.
2024-10-23 18:23:09,365 - INFO - Connecting to MongoDB...
2024-10-23 18:23:09,365 - INFO - Loading historical data from ./Model_build1/model_data_prediction_withPoisson.xlsx...
2024-10-23 18:23:14,715 - INFO - Historical data loaded successfully!
2024-10-23 18:23:14,715 - INFO - Querying future matches from MongoDB...
2024-10-23 18:23:14,879 - INFO - Found 5174 future matches.
2024-10-23 18:23:14,884 - INFO - Extracted date features successfully.
2024-10-23 18:23:14,884 - INFO - Dropped unnecessary columns.
2024-10-23 18:23:14,884 - INFO - Merging future matches with historical data for encoded team values...
2024-10-23 18:23:15,601 - INFO - Merging completed successfully.
2024-10-23 18:23:15,604 - INFO - Starting feature engineering for future matches...
2024-10-23 18:25:36,310 - INFO - Feature engineering completed.
2024-10-23 18:26:01,948 - INFO - Connecting to MongoDB...
2024-10-23 18:26:01,964 - INFO - Loading historical data from ./Model_build1/model_data_prediction_withPoisson.xlsx...
2024-10-23 18:26:07,310 - INFO - Historical data loaded successfully!
2024-10-23 18:26:07,313 - INFO - Querying future matches from MongoDB...
2024-10-23 18:26:07,465 - INFO - Found 5174 future matches.
2024-10-23 18:26:07,465 - INFO - Extracted date features successfully.
2024-10-23 18:26:07,482 - INFO - Dropped unnecessary columns.
2024-10-23 18:26:07,482 - INFO - Merging future matches with historical data for encoded team values...
2024-10-23 18:26:08,097 - INFO - Merging completed successfully.
2024-10-23 18:26:08,097 - INFO - Starting feature engineering for future matches...
2024-10-23 18:28:28,431 - INFO - Feature engineering completed.
2024-10-23 18:28:43,081 - INFO - Exported future matches to merged_data_prediction.xlsx.
2024-10-23 21:48:37,391 - INFO - Connecting to MongoDB...
2024-10-23 21:48:37,409 - INFO - Loading historical data from ./Model_build1/model_data_prediction_withPoisson.xlsx...
2024-10-23 21:48:42,723 - INFO - Historical data loaded successfully!
2024-10-23 21:48:42,725 - INFO - Querying future matches from MongoDB...
2024-10-23 21:48:43,194 - INFO - Found 5174 future matches.
2024-10-23 21:48:43,194 - INFO - Extracted date features successfully.
2024-10-23 21:48:43,210 - INFO - Dropped unnecessary columns.
2024-10-23 21:48:43,212 - INFO - Merging future matches with historical data for encoded team values...
2024-10-23 21:48:43,927 - INFO - Merging completed successfully.
2024-10-23 21:48:43,927 - INFO - Starting feature engineering for future matches...
2024-10-23 21:49:34,109 - WARNING - Feature 'HomeTeam_last_away_match' not found in historical data.
2024-10-23 21:51:01,675 - INFO - Feature engineering completed.
2024-10-23 21:51:16,542 - INFO - Exported future matches to merged_data_prediction.xlsx.
2024-10-24 17:22:07,193 - INFO - Connecting to MongoDB...
2024-10-24 17:22:07,210 - INFO - Loading historical data from ./Model_build1/model_data_prediction_withPoisson.xlsx...
2024-10-24 17:22:13,693 - INFO - Historical data loaded successfully!
2024-10-24 17:22:13,803 - INFO - Querying future matches from MongoDB...
2024-10-24 17:22:13,961 - INFO - Found 5174 future matches.
2024-10-24 17:22:13,976 - INFO - Extracted date features successfully.
2024-10-24 17:22:13,976 - INFO - Dropped unnecessary columns.
2024-10-24 17:22:13,976 - INFO - Merging future matches with historical data for encoded team values...
2024-10-24 17:22:14,775 - INFO - Merging completed successfully.
2024-10-24 17:22:14,777 - INFO - Starting feature engineering for future matches...
2024-10-24 17:23:06,728 - WARNING - Feature 'HomeTeam_last_away_match' not found in historical data.
2024-10-24 17:24:32,084 - INFO - Feature engineering completed.
2024-10-24 17:24:46,477 - INFO - Exported future matches to merged_data_prediction.xlsx.
2024-10-24 23:28:20,528 - INFO - Connecting to MongoDB...
2024-10-24 23:28:20,544 - INFO - Loading historical data from ./Model_build1/model_data_prediction_withPoisson.xlsx...
2024-10-24 23:28:36,210 - INFO - Connecting to MongoDB...
2024-10-24 23:28:36,214 - INFO - Loading historical data from ./Model_build1/model_data_prediction_withPoisson.xlsx...
2024-10-24 23:28:43,016 - INFO - Historical data loaded successfully!
2024-10-24 23:28:43,017 - INFO - Querying future matches from MongoDB...
2024-10-24 23:29:32,372 - INFO - Connecting to MongoDB...
2024-10-24 23:29:32,376 - INFO - Loading historical data from ./Model_build1/model_data_prediction_withPoisson.xlsx...
2024-10-24 23:29:39,129 - INFO - Historical data loaded successfully!
2024-10-24 23:29:39,129 - INFO - Querying future matches from MongoDB...
2024-10-24 23:29:39,291 - INFO - Found 5111 future matches.
2024-10-24 23:29:39,324 - INFO - Extracted date features successfully.
2024-10-24 23:29:39,331 - INFO - Dropped unnecessary columns.
2024-10-24 23:29:40,032 - INFO - Merging future matches with historical data for encoded team values...
2024-10-24 23:29:42,827 - INFO - Merging completed successfully.
2024-10-24 23:29:42,832 - INFO - Starting feature engineering for future matches...
2024-10-25 18:21:36,037 - INFO - Connecting to MongoDB...
2024-10-25 18:21:36,044 - INFO - Loading historical data from ./Model_build1/model_data_prediction_withPoisson.xlsx...
2024-10-25 18:21:53,691 - INFO - Historical data loaded successfully!
2024-10-25 18:21:53,692 - INFO - Querying future matches from MongoDB...
2024-10-25 18:21:53,997 - INFO - Found 5173 future matches.
2024-10-25 18:21:54,019 - INFO - Extracted date features successfully.
2024-10-25 18:21:54,025 - INFO - Dropped unnecessary columns.
2024-10-25 18:21:55,252 - INFO - Merging future matches with historical data for encoded team values...
2024-11-02 23:20:23,350 - INFO - Connecting to MongoDB...
2024-11-02 23:20:23,368 - INFO - Loading historical data from ./Model_build1/model_data_prediction_withPoisson.xlsx...
2024-11-02 23:20:31,837 - INFO - Historical data loaded successfully!
2024-11-02 23:20:31,837 - INFO - Querying future matches from MongoDB...
2024-11-02 23:20:32,100 - INFO - Found 5282 future matches.
2024-11-02 23:20:32,106 - INFO - Extracted date features successfully.
2024-11-02 23:20:32,117 - INFO - Dropped unnecessary columns.
2024-11-02 23:20:32,709 - INFO - Merging future matches with historical data for encoded team values...
2024-11-02 23:20:34,050 - INFO - Merging completed successfully.
2024-11-02 23:20:34,050 - INFO - Starting feature engineering for future matches...
2024-11-02 23:21:40,549 - WARNING - Feature 'HomeTeam_last_away_match' not found in historical data.
2024-11-02 23:23:33,935 - INFO - Feature engineering completed.
2024-11-02 23:23:53,124 - INFO - Exported future matches to merged_data_prediction.xlsx.
2024-11-04 20:30:04,654 - INFO - Connecting to MongoDB...
2024-11-04 20:30:04,658 - INFO - Loading historical data from ./SoccerPredictor_byRichardSzita/data/model_data_prediction_withPoisson.xlsx...
2024-11-04 20:30:04,659 - ERROR - Error loading historical data: [Errno 2] No such file or directory: './SoccerPredictor_byRichardSzita/data/model_data_prediction_withPoisson.xlsx'
2024-11-04 20:30:14,009 - INFO - Connecting to MongoDB...
2024-11-04 20:30:14,013 - INFO - Loading historical data from ./SoccerPredictor_byRichardSzita/data/model_data_prediction_withPoisson.xlsx...
2024-11-04 20:30:14,015 - ERROR - Error loading historical data: [Errno 2] No such file or directory: './SoccerPredictor_byRichardSzita/data/model_data_prediction_withPoisson.xlsx'
2024-11-04 20:30:39,294 - INFO - Connecting to MongoDB...
2024-11-04 20:30:39,298 - INFO - Loading historical data from ./SoccerPredictor_byRichardSzita/data/model_data_prediction_newPoisson.xlsx...
2024-11-04 20:30:50,228 - INFO - Historical data loaded successfully!
2024-11-04 20:30:50,228 - INFO - Querying future matches from MongoDB...
2024-11-04 20:30:50,539 - INFO - Found 5282 future matches.
2024-11-04 20:30:50,552 - INFO - Extracted date features successfully.
2024-11-04 20:30:50,557 - INFO - Dropped unnecessary columns.
2024-11-04 20:30:51,442 - INFO - Merging future matches with historical data for encoded team values...
2024-11-04 20:30:55,144 - INFO - Merging completed successfully.
2024-11-04 20:30:55,150 - INFO - Starting feature engineering for future matches...
2024-11-05 20:52:25,547 - INFO - Connecting to MongoDB...
2024-11-05 20:52:25,554 - INFO - Loading historical data from ./SoccerPredictor_byRichardSzita/data/model_data_prediction_newPoisson.xlsx...
2024-11-05 20:52:31,130 - INFO - Historical data loaded successfully!
2024-11-05 20:52:31,130 - INFO - Querying future matches from MongoDB...
2024-11-05 20:52:31,614 - INFO - Found 5431 future matches.
2024-11-05 20:52:31,614 - INFO - Extracted date features successfully.
2024-11-05 20:52:31,632 - INFO - Dropped unnecessary columns.
2024-11-05 20:52:32,378 - INFO - Merging future matches with historical data for encoded team values...
2024-11-05 20:52:33,398 - INFO - Merging completed successfully.
2024-11-05 20:52:33,412 - INFO - Starting feature engineering for future matches...
2024-11-06 18:03:24,500 - INFO - Connecting to MongoDB...
2024-11-06 18:03:24,501 - INFO - Loading historical data from ./SoccerPredictor_byRichardSzita/data/model_data_prediction_newPoisson.xlsx...
2024-11-06 18:03:30,303 - INFO - Historical data loaded successfully!
2024-11-06 18:03:30,303 - INFO - Querying future matches from MongoDB...
2024-11-06 18:03:30,737 - INFO - Found 5431 future matches.
2024-11-06 18:03:30,742 - INFO - Extracted date features successfully.
2024-11-06 18:03:30,746 - INFO - Dropped unnecessary columns.
2024-11-06 18:03:31,451 - INFO - Merging future matches with historical data for encoded team values...
2024-11-06 18:03:32,452 - INFO - Merging completed successfully.
2024-11-08 18:20:18,837 - INFO - Connecting to MongoDB...
2024-11-08 18:20:18,853 - INFO - Loading historical data from ./SoccerPredictor_byRichardSzita/data/model_data_prediction_newPoisson.xlsx...
2024-11-08 18:20:25,759 - INFO - Historical data loaded successfully!
2024-11-08 18:20:25,761 - INFO - Querying future matches from MongoDB...
2024-11-08 18:20:25,961 - INFO - Found 5475 future matches.
2024-11-08 18:20:25,973 - INFO - Extracted date features successfully.
2024-11-08 18:20:25,981 - INFO - Dropped unnecessary columns.
2024-11-08 18:20:26,972 - INFO - Merging future matches with historical data for encoded team values...
2024-11-08 18:20:28,510 - INFO - Merging completed successfully.
2024-11-09 02:25:56,115 - INFO - Connecting to MongoDB...
2024-11-09 02:25:56,118 - INFO - Loading historical data from ./data/model_data_prediction_newPoisson.xlsx...
2024-11-09 02:26:07,078 - INFO - Historical data loaded successfully!
2024-11-09 02:26:07,078 - INFO - Querying future matches from MongoDB...
2024-11-09 02:26:07,371 - INFO - Found 5523 future matches.
2024-11-09 02:26:07,380 - INFO - Extracted date features successfully.
2024-11-09 02:26:07,386 - INFO - Dropped unnecessary columns.
2024-11-09 02:26:08,557 - INFO - Merging future matches with historical data for encoded team values...
2024-11-09 02:26:10,314 - INFO - Merging completed successfully.
